[0.662s] Invoking command in '/home/andyv/Desktop/turtlebot4/diem_turtlebot_ws/build/diem_gazebo': PYTHONPATH=/home/andyv/Desktop/turtlebot4/diem_turtlebot_ws/build/diem_gazebo/prefix_override:/home/andyv/Desktop/turtlebot4/diem_turtlebot_ws/install/diem_gazebo/lib/python3.10/site-packages:${PYTHONPATH} /usr/bin/python3 -W ignore:setup.py install is deprecated setup.py develop --editable --build-directory /home/andyv/Desktop/turtlebot4/diem_turtlebot_ws/build/diem_gazebo/build --no-deps symlink_data
[0.800s] running develop
[0.800s] /usr/lib/python3/dist-packages/setuptools/command/easy_install.py:158: EasyInstallDeprecationWarning: easy_install command is deprecated. Use build and pip and other standards-based tools.
[0.800s]   warnings.warn(
[0.878s] running egg_info
[0.878s] creating diem_gazebo.egg-info
[0.878s] writing diem_gazebo.egg-info/PKG-INFO
[0.878s] writing dependency_links to diem_gazebo.egg-info/dependency_links.txt
[0.878s] writing entry points to diem_gazebo.egg-info/entry_points.txt
[0.878s] writing requirements to diem_gazebo.egg-info/requires.txt
[0.878s] writing top-level names to diem_gazebo.egg-info/top_level.txt
[0.878s] writing manifest file 'diem_gazebo.egg-info/SOURCES.txt'
[0.879s] reading manifest file 'diem_gazebo.egg-info/SOURCES.txt'
[0.880s] writing manifest file 'diem_gazebo.egg-info/SOURCES.txt'
[0.880s] running build_ext
[0.880s] Creating /home/andyv/Desktop/turtlebot4/diem_turtlebot_ws/install/diem_gazebo/lib/python3.10/site-packages/diem-gazebo.egg-link (link to .)
[0.881s] 
[0.881s] Installed /home/andyv/Desktop/turtlebot4/diem_turtlebot_ws/build/diem_gazebo
[0.881s] running symlink_data
[0.881s] creating /home/andyv/Desktop/turtlebot4/diem_turtlebot_ws/install/diem_gazebo/share/ament_index
[0.881s] creating /home/andyv/Desktop/turtlebot4/diem_turtlebot_ws/install/diem_gazebo/share/ament_index/resource_index
[0.881s] creating /home/andyv/Desktop/turtlebot4/diem_turtlebot_ws/install/diem_gazebo/share/ament_index/resource_index/packages
[0.881s] symbolically linking /home/andyv/Desktop/turtlebot4/diem_turtlebot_ws/build/diem_gazebo/resource/diem_gazebo -> /home/andyv/Desktop/turtlebot4/diem_turtlebot_ws/install/diem_gazebo/share/ament_index/resource_index/packages
[0.881s] symbolically linking /home/andyv/Desktop/turtlebot4/diem_turtlebot_ws/build/diem_gazebo/package.xml -> /home/andyv/Desktop/turtlebot4/diem_turtlebot_ws/install/diem_gazebo/share/diem_gazebo
[0.881s] creating /home/andyv/Desktop/turtlebot4/diem_turtlebot_ws/install/diem_gazebo/share/diem_gazebo/launch
[0.881s] symbolically linking /home/andyv/Desktop/turtlebot4/diem_turtlebot_ws/build/diem_gazebo/launch/turtlebot4_ignition_no_dock.launch.py -> /home/andyv/Desktop/turtlebot4/diem_turtlebot_ws/install/diem_gazebo/share/diem_gazebo/launch
[0.882s] symbolically linking /home/andyv/Desktop/turtlebot4/diem_turtlebot_ws/build/diem_gazebo/launch/ignition.launch.py -> /home/andyv/Desktop/turtlebot4/diem_turtlebot_ws/install/diem_gazebo/share/diem_gazebo/launch
[0.882s] symbolically linking /home/andyv/Desktop/turtlebot4/diem_turtlebot_ws/build/diem_gazebo/launch/turtlebot4_spawn_no_dock.launch.py -> /home/andyv/Desktop/turtlebot4/diem_turtlebot_ws/install/diem_gazebo/share/diem_gazebo/launch
[0.882s] creating /home/andyv/Desktop/turtlebot4/diem_turtlebot_ws/install/diem_gazebo/share/diem_gazebo/worlds
[0.882s] symbolically linking /home/andyv/Desktop/turtlebot4/diem_turtlebot_ws/build/diem_gazebo/worlds/square.sdf -> /home/andyv/Desktop/turtlebot4/diem_turtlebot_ws/install/diem_gazebo/share/diem_gazebo/worlds
[0.913s] Invoked command in '/home/andyv/Desktop/turtlebot4/diem_turtlebot_ws/build/diem_gazebo' returned '0': PYTHONPATH=/home/andyv/Desktop/turtlebot4/diem_turtlebot_ws/build/diem_gazebo/prefix_override:/home/andyv/Desktop/turtlebot4/diem_turtlebot_ws/install/diem_gazebo/lib/python3.10/site-packages:${PYTHONPATH} /usr/bin/python3 -W ignore:setup.py install is deprecated setup.py develop --editable --build-directory /home/andyv/Desktop/turtlebot4/diem_turtlebot_ws/build/diem_gazebo/build --no-deps symlink_data
