[0.612s] Invoking command in '/home/andyv/Desktop/turtlebot4/diem_turtlebot_ws/build/nav_pkg': PYTHONPATH=/home/andyv/Desktop/turtlebot4/diem_turtlebot_ws/build/nav_pkg/prefix_override:/home/andyv/Desktop/turtlebot4/diem_turtlebot_ws/install/nav_pkg/lib/python3.10/site-packages:${PYTHONPATH} /usr/bin/python3 -W ignore:setup.py install is deprecated setup.py develop --editable --build-directory /home/andyv/Desktop/turtlebot4/diem_turtlebot_ws/build/nav_pkg/build --no-deps symlink_data
[0.757s] running develop
[0.757s] /usr/lib/python3/dist-packages/setuptools/command/easy_install.py:158: EasyInstallDeprecationWarning: easy_install command is deprecated. Use build and pip and other standards-based tools.
[0.757s]   warnings.warn(
[0.839s] running egg_info
[0.839s] writing nav_pkg.egg-info/PKG-INFO
[0.839s] writing dependency_links to nav_pkg.egg-info/dependency_links.txt
[0.839s] writing entry points to nav_pkg.egg-info/entry_points.txt
[0.839s] writing requirements to nav_pkg.egg-info/requires.txt
[0.840s] writing top-level names to nav_pkg.egg-info/top_level.txt
[0.840s] reading manifest file 'nav_pkg.egg-info/SOURCES.txt'
[0.840s] writing manifest file 'nav_pkg.egg-info/SOURCES.txt'
[0.841s] running build_ext
[0.842s] Creating /home/andyv/Desktop/turtlebot4/diem_turtlebot_ws/install/nav_pkg/lib/python3.10/site-packages/nav-pkg.egg-link (link to .)
[0.842s] Installing naive_obj_avoidance script to /home/andyv/Desktop/turtlebot4/diem_turtlebot_ws/install/nav_pkg/lib/nav_pkg
[0.842s] Installing nav1 script to /home/andyv/Desktop/turtlebot4/diem_turtlebot_ws/install/nav_pkg/lib/nav_pkg
[0.842s] Installing nav_step script to /home/andyv/Desktop/turtlebot4/diem_turtlebot_ws/install/nav_pkg/lib/nav_pkg
[0.842s] Installing odom script to /home/andyv/Desktop/turtlebot4/diem_turtlebot_ws/install/nav_pkg/lib/nav_pkg
[0.842s] Installing simple_nav script to /home/andyv/Desktop/turtlebot4/diem_turtlebot_ws/install/nav_pkg/lib/nav_pkg
[0.843s] 
[0.843s] Installed /home/andyv/Desktop/turtlebot4/diem_turtlebot_ws/build/nav_pkg
[0.843s] running symlink_data
[0.843s] creating /home/andyv/Desktop/turtlebot4/diem_turtlebot_ws/install/nav_pkg/share/nav_pkg/launch
[0.867s] Invoked command in '/home/andyv/Desktop/turtlebot4/diem_turtlebot_ws/build/nav_pkg' returned '0': PYTHONPATH=/home/andyv/Desktop/turtlebot4/diem_turtlebot_ws/build/nav_pkg/prefix_override:/home/andyv/Desktop/turtlebot4/diem_turtlebot_ws/install/nav_pkg/lib/python3.10/site-packages:${PYTHONPATH} /usr/bin/python3 -W ignore:setup.py install is deprecated setup.py develop --editable --build-directory /home/andyv/Desktop/turtlebot4/diem_turtlebot_ws/build/nav_pkg/build --no-deps symlink_data
