[0.587s] Invoking command in '/home/andyv/Desktop/turtlebot4/diem_turtlebot_ws/build/diem_gazebo': PYTHONPATH=/home/andyv/Desktop/turtlebot4/diem_turtlebot_ws/build/diem_gazebo/prefix_override:/home/andyv/Desktop/turtlebot4/diem_turtlebot_ws/install/diem_gazebo/lib/python3.10/site-packages:${PYTHONPATH} /usr/bin/python3 -W ignore:setup.py install is deprecated setup.py develop --uninstall --editable --build-directory /home/andyv/Desktop/turtlebot4/diem_turtlebot_ws/build/diem_gazebo/build
[0.723s] running develop
[0.723s] /usr/lib/python3/dist-packages/setuptools/command/easy_install.py:158: EasyInstallDeprecationWarning: easy_install command is deprecated. Use build and pip and other standards-based tools.
[0.724s]   warnings.warn(
[0.805s] Removing /home/andyv/Desktop/turtlebot4/diem_turtlebot_ws/install/diem_gazebo/lib/python3.10/site-packages/diem-gazebo.egg-link (link to .)
[0.825s] Invoked command in '/home/andyv/Desktop/turtlebot4/diem_turtlebot_ws/build/diem_gazebo' returned '0': PYTHONPATH=/home/andyv/Desktop/turtlebot4/diem_turtlebot_ws/build/diem_gazebo/prefix_override:/home/andyv/Desktop/turtlebot4/diem_turtlebot_ws/install/diem_gazebo/lib/python3.10/site-packages:${PYTHONPATH} /usr/bin/python3 -W ignore:setup.py install is deprecated setup.py develop --uninstall --editable --build-directory /home/andyv/Desktop/turtlebot4/diem_turtlebot_ws/build/diem_gazebo/build
[0.826s] Invoking command in '/home/andyv/Desktop/turtlebot4/diem_turtlebot_ws/src/diem_gazebo': PYTHONPATH=/home/andyv/Desktop/turtlebot4/diem_turtlebot_ws/build/diem_gazebo/prefix_override:/home/andyv/Desktop/turtlebot4/diem_turtlebot_ws/install/diem_gazebo/lib/python3.10/site-packages:${PYTHONPATH} /usr/bin/python3 -W ignore:setup.py install is deprecated setup.py egg_info --egg-base ../../build/diem_gazebo build --build-base /home/andyv/Desktop/turtlebot4/diem_turtlebot_ws/build/diem_gazebo/build install --record /home/andyv/Desktop/turtlebot4/diem_turtlebot_ws/build/diem_gazebo/install.log --single-version-externally-managed install_data --force
[0.952s] running egg_info
[0.953s] writing ../../build/diem_gazebo/diem_gazebo.egg-info/PKG-INFO
[0.953s] writing dependency_links to ../../build/diem_gazebo/diem_gazebo.egg-info/dependency_links.txt
[0.953s] writing entry points to ../../build/diem_gazebo/diem_gazebo.egg-info/entry_points.txt
[0.953s] writing requirements to ../../build/diem_gazebo/diem_gazebo.egg-info/requires.txt
[0.953s] writing top-level names to ../../build/diem_gazebo/diem_gazebo.egg-info/top_level.txt
[0.954s] reading manifest file '../../build/diem_gazebo/diem_gazebo.egg-info/SOURCES.txt'
[0.954s] writing manifest file '../../build/diem_gazebo/diem_gazebo.egg-info/SOURCES.txt'
[0.954s] running build
[0.954s] running build_py
[0.954s] creating /home/andyv/Desktop/turtlebot4/diem_turtlebot_ws/build/diem_gazebo/build
[0.954s] creating /home/andyv/Desktop/turtlebot4/diem_turtlebot_ws/build/diem_gazebo/build/lib
[0.954s] creating /home/andyv/Desktop/turtlebot4/diem_turtlebot_ws/build/diem_gazebo/build/lib/diem_gazebo
[0.954s] copying diem_gazebo/__init__.py -> /home/andyv/Desktop/turtlebot4/diem_turtlebot_ws/build/diem_gazebo/build/lib/diem_gazebo
[0.955s] running install
[0.955s] running install_lib
[0.955s] creating /home/andyv/Desktop/turtlebot4/diem_turtlebot_ws/install/diem_gazebo/lib/python3.10/site-packages/diem_gazebo
[0.955s] copying /home/andyv/Desktop/turtlebot4/diem_turtlebot_ws/build/diem_gazebo/build/lib/diem_gazebo/__init__.py -> /home/andyv/Desktop/turtlebot4/diem_turtlebot_ws/install/diem_gazebo/lib/python3.10/site-packages/diem_gazebo
[0.955s] byte-compiling /home/andyv/Desktop/turtlebot4/diem_turtlebot_ws/install/diem_gazebo/lib/python3.10/site-packages/diem_gazebo/__init__.py to __init__.cpython-310.pyc
[0.956s] running install_data
[0.956s] copying resource/diem_gazebo -> /home/andyv/Desktop/turtlebot4/diem_turtlebot_ws/install/diem_gazebo/share/ament_index/resource_index/packages
[0.956s] copying package.xml -> /home/andyv/Desktop/turtlebot4/diem_turtlebot_ws/install/diem_gazebo/share/diem_gazebo
[0.956s] copying launch/turtlebot4_ignition_no_dock.launch.py -> /home/andyv/Desktop/turtlebot4/diem_turtlebot_ws/install/diem_gazebo/share/diem_gazebo/launch
[0.956s] copying launch/ignition.launch.py -> /home/andyv/Desktop/turtlebot4/diem_turtlebot_ws/install/diem_gazebo/share/diem_gazebo/launch
[0.956s] copying launch/turtlebot4_spawn_no_dock.launch.py -> /home/andyv/Desktop/turtlebot4/diem_turtlebot_ws/install/diem_gazebo/share/diem_gazebo/launch
[0.956s] copying worlds/square.sdf -> /home/andyv/Desktop/turtlebot4/diem_turtlebot_ws/install/diem_gazebo/share/diem_gazebo/worlds
[0.956s] running install_egg_info
[0.957s] Copying ../../build/diem_gazebo/diem_gazebo.egg-info to /home/andyv/Desktop/turtlebot4/diem_turtlebot_ws/install/diem_gazebo/lib/python3.10/site-packages/diem_gazebo-0.0.0-py3.10.egg-info
[0.958s] running install_scripts
[0.970s] writing list of installed files to '/home/andyv/Desktop/turtlebot4/diem_turtlebot_ws/build/diem_gazebo/install.log'
[0.990s] Invoked command in '/home/andyv/Desktop/turtlebot4/diem_turtlebot_ws/src/diem_gazebo' returned '0': PYTHONPATH=/home/andyv/Desktop/turtlebot4/diem_turtlebot_ws/build/diem_gazebo/prefix_override:/home/andyv/Desktop/turtlebot4/diem_turtlebot_ws/install/diem_gazebo/lib/python3.10/site-packages:${PYTHONPATH} /usr/bin/python3 -W ignore:setup.py install is deprecated setup.py egg_info --egg-base ../../build/diem_gazebo build --build-base /home/andyv/Desktop/turtlebot4/diem_turtlebot_ws/build/diem_gazebo/build install --record /home/andyv/Desktop/turtlebot4/diem_turtlebot_ws/build/diem_gazebo/install.log --single-version-externally-managed install_data --force
