[0.817s] Invoking command in '/home/andyv/Desktop/turtlebot4/diem_turtlebot_ws/build/talker_example': PYTHONPATH=/home/andyv/Desktop/turtlebot4/diem_turtlebot_ws/build/talker_example/prefix_override:/home/andyv/Desktop/turtlebot4/diem_turtlebot_ws/install/talker_example/lib/python3.10/site-packages:${PYTHONPATH} /usr/bin/python3 -W ignore:setup.py install is deprecated setup.py develop --editable --build-directory /home/andyv/Desktop/turtlebot4/diem_turtlebot_ws/build/talker_example/build --no-deps symlink_data
[0.974s] /usr/lib/python3/dist-packages/setuptools/command/easy_install.py:158: EasyInstallDeprecationWarning: easy_install command is deprecated. Use build and pip and other standards-based tools.
[0.974s]   warnings.warn(
[0.974s] running develop
[1.071s] running egg_info
[1.071s] writing talker_example.egg-info/PKG-INFO
[1.071s] writing dependency_links to talker_example.egg-info/dependency_links.txt
[1.071s] writing entry points to talker_example.egg-info/entry_points.txt
[1.071s] writing requirements to talker_example.egg-info/requires.txt
[1.071s] writing top-level names to talker_example.egg-info/top_level.txt
[1.072s] reading manifest file 'talker_example.egg-info/SOURCES.txt'
[1.072s] writing manifest file 'talker_example.egg-info/SOURCES.txt'
[1.073s] running build_ext
[1.073s] Creating /home/andyv/Desktop/turtlebot4/diem_turtlebot_ws/install/talker_example/lib/python3.10/site-packages/talker-example.egg-link (link to .)
[1.074s] Installing listener script to /home/andyv/Desktop/turtlebot4/diem_turtlebot_ws/install/talker_example/lib/talker_example
[1.074s] Installing talker script to /home/andyv/Desktop/turtlebot4/diem_turtlebot_ws/install/talker_example/lib/talker_example
[1.074s] 
[1.074s] Installed /home/andyv/Desktop/turtlebot4/diem_turtlebot_ws/build/talker_example
[1.074s] running symlink_data
[1.107s] Invoked command in '/home/andyv/Desktop/turtlebot4/diem_turtlebot_ws/build/talker_example' returned '0': PYTHONPATH=/home/andyv/Desktop/turtlebot4/diem_turtlebot_ws/build/talker_example/prefix_override:/home/andyv/Desktop/turtlebot4/diem_turtlebot_ws/install/talker_example/lib/python3.10/site-packages:${PYTHONPATH} /usr/bin/python3 -W ignore:setup.py install is deprecated setup.py develop --editable --build-directory /home/andyv/Desktop/turtlebot4/diem_turtlebot_ws/build/talker_example/build --no-deps symlink_data
