[0.056s] DEBUG:colcon:Command line arguments: ['/usr/bin/colcon', 'build', '--symlink-install']
[0.056s] DEBUG:colcon:Parsed command line arguments: Namespace(log_base=None, log_level=None, verb_name='build', build_base='build', install_base='install', merge_install=False, symlink_install=True, test_result_base=None, continue_on_error=False, executor='parallel', parallel_workers=20, event_handlers=None, ignore_user_meta=False, metas=['./colcon.meta'], base_paths=['.'], packages_ignore=None, packages_ignore_regex=None, paths=None, packages_up_to=None, packages_up_to_regex=None, packages_above=None, packages_above_and_dependencies=None, packages_above_depth=None, packages_select_by_dep=None, packages_skip_by_dep=None, packages_skip_up_to=None, packages_select_build_failed=False, packages_skip_build_finished=False, packages_select_test_failures=False, packages_skip_test_passed=False, packages_select=None, packages_skip=None, packages_select_regex=None, packages_skip_regex=None, packages_start=None, packages_end=None, allow_overriding=[], cmake_args=None, cmake_target=None, cmake_target_skip_unavailable=False, cmake_clean_cache=False, cmake_clean_first=False, cmake_force_configure=False, ament_cmake_args=None, catkin_cmake_args=None, catkin_skip_building_tests=False, mixin_files=None, mixin=None, verb_parser=<colcon_mixin.mixin.mixin_argument.MixinArgumentDecorator object at 0x776505c4a920>, verb_extension=<colcon_core.verb.build.BuildVerb object at 0x776505c4a350>, main=<bound method BuildVerb.main of <colcon_core.verb.build.BuildVerb object at 0x776505c4a350>>, mixin_verb=('build',))
[0.178s] Level 1:colcon.colcon_core.package_discovery:discover_packages(colcon_meta) check parameters
[0.178s] Level 1:colcon.colcon_core.package_discovery:discover_packages(recursive) check parameters
[0.178s] Level 1:colcon.colcon_core.package_discovery:discover_packages(ignore) check parameters
[0.178s] Level 1:colcon.colcon_core.package_discovery:discover_packages(path) check parameters
[0.178s] Level 1:colcon.colcon_core.package_discovery:discover_packages(colcon_meta) discover
[0.178s] Level 1:colcon.colcon_core.package_discovery:discover_packages(recursive) discover
[0.178s] INFO:colcon.colcon_core.package_discovery:Crawling recursively for packages in '/home/andyv/Desktop/turtlebot4/diem_turtlebot_ws'
[0.178s] Level 1:colcon.colcon_core.package_identification:_identify(.) by extensions ['ignore', 'ignore_ament_install']
[0.178s] Level 1:colcon.colcon_core.package_identification:_identify(.) by extension 'ignore'
[0.178s] Level 1:colcon.colcon_core.package_identification:_identify(.) by extension 'ignore_ament_install'
[0.178s] Level 1:colcon.colcon_core.package_identification:_identify(.) by extensions ['colcon_pkg']
[0.179s] Level 1:colcon.colcon_core.package_identification:_identify(.) by extension 'colcon_pkg'
[0.179s] Level 1:colcon.colcon_core.package_identification:_identify(.) by extensions ['colcon_meta']
[0.179s] Level 1:colcon.colcon_core.package_identification:_identify(.) by extension 'colcon_meta'
[0.179s] Level 1:colcon.colcon_core.package_identification:_identify(.) by extensions ['ros']
[0.179s] Level 1:colcon.colcon_core.package_identification:_identify(.) by extension 'ros'
[0.188s] Level 1:colcon.colcon_core.package_identification:_identify(.) by extensions ['cmake', 'python']
[0.188s] Level 1:colcon.colcon_core.package_identification:_identify(.) by extension 'cmake'
[0.188s] Level 1:colcon.colcon_core.package_identification:_identify(.) by extension 'python'
[0.188s] Level 1:colcon.colcon_core.package_identification:_identify(.) by extensions ['python_setup_py']
[0.188s] Level 1:colcon.colcon_core.package_identification:_identify(.) by extension 'python_setup_py'
[0.188s] Level 1:colcon.colcon_core.package_identification:_identify(build) by extensions ['ignore', 'ignore_ament_install']
[0.188s] Level 1:colcon.colcon_core.package_identification:_identify(build) by extension 'ignore'
[0.188s] Level 1:colcon.colcon_core.package_identification:_identify(build) ignored
[0.188s] Level 1:colcon.colcon_core.package_identification:_identify(install) by extensions ['ignore', 'ignore_ament_install']
[0.188s] Level 1:colcon.colcon_core.package_identification:_identify(install) by extension 'ignore'
[0.188s] Level 1:colcon.colcon_core.package_identification:_identify(install) ignored
[0.188s] Level 1:colcon.colcon_core.package_identification:_identify(log) by extensions ['ignore', 'ignore_ament_install']
[0.188s] Level 1:colcon.colcon_core.package_identification:_identify(log) by extension 'ignore'
[0.188s] Level 1:colcon.colcon_core.package_identification:_identify(log) ignored
[0.188s] Level 1:colcon.colcon_core.package_identification:_identify(src) by extensions ['ignore', 'ignore_ament_install']
[0.188s] Level 1:colcon.colcon_core.package_identification:_identify(src) by extension 'ignore'
[0.188s] Level 1:colcon.colcon_core.package_identification:_identify(src) by extension 'ignore_ament_install'
[0.188s] Level 1:colcon.colcon_core.package_identification:_identify(src) by extensions ['colcon_pkg']
[0.188s] Level 1:colcon.colcon_core.package_identification:_identify(src) by extension 'colcon_pkg'
[0.188s] Level 1:colcon.colcon_core.package_identification:_identify(src) by extensions ['colcon_meta']
[0.188s] Level 1:colcon.colcon_core.package_identification:_identify(src) by extension 'colcon_meta'
[0.188s] Level 1:colcon.colcon_core.package_identification:_identify(src) by extensions ['ros']
[0.188s] Level 1:colcon.colcon_core.package_identification:_identify(src) by extension 'ros'
[0.188s] Level 1:colcon.colcon_core.package_identification:_identify(src) by extensions ['cmake', 'python']
[0.188s] Level 1:colcon.colcon_core.package_identification:_identify(src) by extension 'cmake'
[0.188s] Level 1:colcon.colcon_core.package_identification:_identify(src) by extension 'python'
[0.188s] Level 1:colcon.colcon_core.package_identification:_identify(src) by extensions ['python_setup_py']
[0.188s] Level 1:colcon.colcon_core.package_identification:_identify(src) by extension 'python_setup_py'
[0.189s] Level 1:colcon.colcon_core.package_identification:_identify(src/diem_gazebo) by extensions ['ignore', 'ignore_ament_install']
[0.189s] Level 1:colcon.colcon_core.package_identification:_identify(src/diem_gazebo) by extension 'ignore'
[0.189s] Level 1:colcon.colcon_core.package_identification:_identify(src/diem_gazebo) by extension 'ignore_ament_install'
[0.189s] Level 1:colcon.colcon_core.package_identification:_identify(src/diem_gazebo) by extensions ['colcon_pkg']
[0.189s] Level 1:colcon.colcon_core.package_identification:_identify(src/diem_gazebo) by extension 'colcon_pkg'
[0.189s] Level 1:colcon.colcon_core.package_identification:_identify(src/diem_gazebo) by extensions ['colcon_meta']
[0.189s] Level 1:colcon.colcon_core.package_identification:_identify(src/diem_gazebo) by extension 'colcon_meta'
[0.189s] Level 1:colcon.colcon_core.package_identification:_identify(src/diem_gazebo) by extensions ['ros']
[0.189s] Level 1:colcon.colcon_core.package_identification:_identify(src/diem_gazebo) by extension 'ros'
[0.191s] DEBUG:colcon.colcon_core.package_identification:Package 'src/diem_gazebo' with type 'ros.ament_python' and name 'diem_gazebo'
[0.191s] Level 1:colcon.colcon_core.package_identification:_identify(src/map) by extensions ['ignore', 'ignore_ament_install']
[0.191s] Level 1:colcon.colcon_core.package_identification:_identify(src/map) by extension 'ignore'
[0.191s] Level 1:colcon.colcon_core.package_identification:_identify(src/map) by extension 'ignore_ament_install'
[0.191s] Level 1:colcon.colcon_core.package_identification:_identify(src/map) by extensions ['colcon_pkg']
[0.191s] Level 1:colcon.colcon_core.package_identification:_identify(src/map) by extension 'colcon_pkg'
[0.191s] Level 1:colcon.colcon_core.package_identification:_identify(src/map) by extensions ['colcon_meta']
[0.191s] Level 1:colcon.colcon_core.package_identification:_identify(src/map) by extension 'colcon_meta'
[0.191s] Level 1:colcon.colcon_core.package_identification:_identify(src/map) by extensions ['ros']
[0.191s] Level 1:colcon.colcon_core.package_identification:_identify(src/map) by extension 'ros'
[0.191s] Level 1:colcon.colcon_core.package_identification:_identify(src/map) by extensions ['cmake', 'python']
[0.191s] Level 1:colcon.colcon_core.package_identification:_identify(src/map) by extension 'cmake'
[0.191s] Level 1:colcon.colcon_core.package_identification:_identify(src/map) by extension 'python'
[0.191s] Level 1:colcon.colcon_core.package_identification:_identify(src/map) by extensions ['python_setup_py']
[0.191s] Level 1:colcon.colcon_core.package_identification:_identify(src/map) by extension 'python_setup_py'
[0.191s] Level 1:colcon.colcon_core.package_identification:_identify(src/nav_pkg) by extensions ['ignore', 'ignore_ament_install']
[0.191s] Level 1:colcon.colcon_core.package_identification:_identify(src/nav_pkg) by extension 'ignore'
[0.191s] Level 1:colcon.colcon_core.package_identification:_identify(src/nav_pkg) by extension 'ignore_ament_install'
[0.191s] Level 1:colcon.colcon_core.package_identification:_identify(src/nav_pkg) by extensions ['colcon_pkg']
[0.191s] Level 1:colcon.colcon_core.package_identification:_identify(src/nav_pkg) by extension 'colcon_pkg'
[0.191s] Level 1:colcon.colcon_core.package_identification:_identify(src/nav_pkg) by extensions ['colcon_meta']
[0.191s] Level 1:colcon.colcon_core.package_identification:_identify(src/nav_pkg) by extension 'colcon_meta'
[0.192s] Level 1:colcon.colcon_core.package_identification:_identify(src/nav_pkg) by extensions ['ros']
[0.192s] Level 1:colcon.colcon_core.package_identification:_identify(src/nav_pkg) by extension 'ros'
[0.192s] DEBUG:colcon.colcon_core.package_identification:Package 'src/nav_pkg' with type 'ros.ament_python' and name 'nav_pkg'
[0.192s] Level 1:colcon.colcon_core.package_identification:_identify(src/qr_commander) by extensions ['ignore', 'ignore_ament_install']
[0.192s] Level 1:colcon.colcon_core.package_identification:_identify(src/qr_commander) by extension 'ignore'
[0.193s] Level 1:colcon.colcon_core.package_identification:_identify(src/qr_commander) by extension 'ignore_ament_install'
[0.193s] Level 1:colcon.colcon_core.package_identification:_identify(src/qr_commander) by extensions ['colcon_pkg']
[0.193s] Level 1:colcon.colcon_core.package_identification:_identify(src/qr_commander) by extension 'colcon_pkg'
[0.193s] Level 1:colcon.colcon_core.package_identification:_identify(src/qr_commander) by extensions ['colcon_meta']
[0.193s] Level 1:colcon.colcon_core.package_identification:_identify(src/qr_commander) by extension 'colcon_meta'
[0.193s] Level 1:colcon.colcon_core.package_identification:_identify(src/qr_commander) by extensions ['ros']
[0.193s] Level 1:colcon.colcon_core.package_identification:_identify(src/qr_commander) by extension 'ros'
[0.193s] DEBUG:colcon.colcon_core.package_identification:Package 'src/qr_commander' with type 'ros.ament_python' and name 'qr_commander'
[0.193s] Level 1:colcon.colcon_core.package_identification:_identify(src/talker_example) by extensions ['ignore', 'ignore_ament_install']
[0.193s] Level 1:colcon.colcon_core.package_identification:_identify(src/talker_example) by extension 'ignore'
[0.193s] Level 1:colcon.colcon_core.package_identification:_identify(src/talker_example) by extension 'ignore_ament_install'
[0.193s] Level 1:colcon.colcon_core.package_identification:_identify(src/talker_example) by extensions ['colcon_pkg']
[0.193s] Level 1:colcon.colcon_core.package_identification:_identify(src/talker_example) by extension 'colcon_pkg'
[0.193s] Level 1:colcon.colcon_core.package_identification:_identify(src/talker_example) by extensions ['colcon_meta']
[0.193s] Level 1:colcon.colcon_core.package_identification:_identify(src/talker_example) by extension 'colcon_meta'
[0.193s] Level 1:colcon.colcon_core.package_identification:_identify(src/talker_example) by extensions ['ros']
[0.193s] Level 1:colcon.colcon_core.package_identification:_identify(src/talker_example) by extension 'ros'
[0.194s] DEBUG:colcon.colcon_core.package_identification:Package 'src/talker_example' with type 'ros.ament_python' and name 'talker_example'
[0.194s] Level 1:colcon.colcon_core.package_discovery:discover_packages(recursive) using defaults
[0.194s] Level 1:colcon.colcon_core.package_discovery:discover_packages(ignore) discover
[0.194s] Level 1:colcon.colcon_core.package_discovery:discover_packages(ignore) using defaults
[0.194s] Level 1:colcon.colcon_core.package_discovery:discover_packages(path) discover
[0.194s] Level 1:colcon.colcon_core.package_discovery:discover_packages(path) using defaults
[0.219s] Level 1:colcon.colcon_core.package_discovery:discover_packages(prefix_path) check parameters
[0.219s] Level 1:colcon.colcon_core.package_discovery:discover_packages(prefix_path) discover
[0.222s] DEBUG:colcon.colcon_installed_package_information.package_discovery:Found 379 installed packages in /opt/ros/humble
[0.223s] Level 1:colcon.colcon_core.package_discovery:discover_packages(prefix_path) using defaults
[0.246s] Level 5:colcon.colcon_core.verb:set package 'diem_gazebo' build argument 'cmake_args' from command line to 'None'
[0.246s] Level 5:colcon.colcon_core.verb:set package 'diem_gazebo' build argument 'cmake_target' from command line to 'None'
[0.246s] Level 5:colcon.colcon_core.verb:set package 'diem_gazebo' build argument 'cmake_target_skip_unavailable' from command line to 'False'
[0.246s] Level 5:colcon.colcon_core.verb:set package 'diem_gazebo' build argument 'cmake_clean_cache' from command line to 'False'
[0.246s] Level 5:colcon.colcon_core.verb:set package 'diem_gazebo' build argument 'cmake_clean_first' from command line to 'False'
[0.246s] Level 5:colcon.colcon_core.verb:set package 'diem_gazebo' build argument 'cmake_force_configure' from command line to 'False'
[0.246s] Level 5:colcon.colcon_core.verb:set package 'diem_gazebo' build argument 'ament_cmake_args' from command line to 'None'
[0.246s] Level 5:colcon.colcon_core.verb:set package 'diem_gazebo' build argument 'catkin_cmake_args' from command line to 'None'
[0.246s] Level 5:colcon.colcon_core.verb:set package 'diem_gazebo' build argument 'catkin_skip_building_tests' from command line to 'False'
[0.246s] DEBUG:colcon.colcon_core.verb:Building package 'diem_gazebo' with the following arguments: {'ament_cmake_args': None, 'build_base': '/home/andyv/Desktop/turtlebot4/diem_turtlebot_ws/build/diem_gazebo', 'catkin_cmake_args': None, 'catkin_skip_building_tests': False, 'cmake_args': None, 'cmake_clean_cache': False, 'cmake_clean_first': False, 'cmake_force_configure': False, 'cmake_target': None, 'cmake_target_skip_unavailable': False, 'install_base': '/home/andyv/Desktop/turtlebot4/diem_turtlebot_ws/install/diem_gazebo', 'merge_install': False, 'path': '/home/andyv/Desktop/turtlebot4/diem_turtlebot_ws/src/diem_gazebo', 'symlink_install': True, 'test_result_base': None}
[0.246s] Level 5:colcon.colcon_core.verb:set package 'nav_pkg' build argument 'cmake_args' from command line to 'None'
[0.246s] Level 5:colcon.colcon_core.verb:set package 'nav_pkg' build argument 'cmake_target' from command line to 'None'
[0.246s] Level 5:colcon.colcon_core.verb:set package 'nav_pkg' build argument 'cmake_target_skip_unavailable' from command line to 'False'
[0.246s] Level 5:colcon.colcon_core.verb:set package 'nav_pkg' build argument 'cmake_clean_cache' from command line to 'False'
[0.246s] Level 5:colcon.colcon_core.verb:set package 'nav_pkg' build argument 'cmake_clean_first' from command line to 'False'
[0.246s] Level 5:colcon.colcon_core.verb:set package 'nav_pkg' build argument 'cmake_force_configure' from command line to 'False'
[0.246s] Level 5:colcon.colcon_core.verb:set package 'nav_pkg' build argument 'ament_cmake_args' from command line to 'None'
[0.246s] Level 5:colcon.colcon_core.verb:set package 'nav_pkg' build argument 'catkin_cmake_args' from command line to 'None'
[0.246s] Level 5:colcon.colcon_core.verb:set package 'nav_pkg' build argument 'catkin_skip_building_tests' from command line to 'False'
[0.246s] DEBUG:colcon.colcon_core.verb:Building package 'nav_pkg' with the following arguments: {'ament_cmake_args': None, 'build_base': '/home/andyv/Desktop/turtlebot4/diem_turtlebot_ws/build/nav_pkg', 'catkin_cmake_args': None, 'catkin_skip_building_tests': False, 'cmake_args': None, 'cmake_clean_cache': False, 'cmake_clean_first': False, 'cmake_force_configure': False, 'cmake_target': None, 'cmake_target_skip_unavailable': False, 'install_base': '/home/andyv/Desktop/turtlebot4/diem_turtlebot_ws/install/nav_pkg', 'merge_install': False, 'path': '/home/andyv/Desktop/turtlebot4/diem_turtlebot_ws/src/nav_pkg', 'symlink_install': True, 'test_result_base': None}
[0.247s] Level 5:colcon.colcon_core.verb:set package 'qr_commander' build argument 'cmake_args' from command line to 'None'
[0.247s] Level 5:colcon.colcon_core.verb:set package 'qr_commander' build argument 'cmake_target' from command line to 'None'
[0.247s] Level 5:colcon.colcon_core.verb:set package 'qr_commander' build argument 'cmake_target_skip_unavailable' from command line to 'False'
[0.247s] Level 5:colcon.colcon_core.verb:set package 'qr_commander' build argument 'cmake_clean_cache' from command line to 'False'
[0.247s] Level 5:colcon.colcon_core.verb:set package 'qr_commander' build argument 'cmake_clean_first' from command line to 'False'
[0.247s] Level 5:colcon.colcon_core.verb:set package 'qr_commander' build argument 'cmake_force_configure' from command line to 'False'
[0.247s] Level 5:colcon.colcon_core.verb:set package 'qr_commander' build argument 'ament_cmake_args' from command line to 'None'
[0.247s] Level 5:colcon.colcon_core.verb:set package 'qr_commander' build argument 'catkin_cmake_args' from command line to 'None'
[0.247s] Level 5:colcon.colcon_core.verb:set package 'qr_commander' build argument 'catkin_skip_building_tests' from command line to 'False'
[0.247s] DEBUG:colcon.colcon_core.verb:Building package 'qr_commander' with the following arguments: {'ament_cmake_args': None, 'build_base': '/home/andyv/Desktop/turtlebot4/diem_turtlebot_ws/build/qr_commander', 'catkin_cmake_args': None, 'catkin_skip_building_tests': False, 'cmake_args': None, 'cmake_clean_cache': False, 'cmake_clean_first': False, 'cmake_force_configure': False, 'cmake_target': None, 'cmake_target_skip_unavailable': False, 'install_base': '/home/andyv/Desktop/turtlebot4/diem_turtlebot_ws/install/qr_commander', 'merge_install': False, 'path': '/home/andyv/Desktop/turtlebot4/diem_turtlebot_ws/src/qr_commander', 'symlink_install': True, 'test_result_base': None}
[0.247s] Level 5:colcon.colcon_core.verb:set package 'talker_example' build argument 'cmake_args' from command line to 'None'
[0.247s] Level 5:colcon.colcon_core.verb:set package 'talker_example' build argument 'cmake_target' from command line to 'None'
[0.247s] Level 5:colcon.colcon_core.verb:set package 'talker_example' build argument 'cmake_target_skip_unavailable' from command line to 'False'
[0.247s] Level 5:colcon.colcon_core.verb:set package 'talker_example' build argument 'cmake_clean_cache' from command line to 'False'
[0.247s] Level 5:colcon.colcon_core.verb:set package 'talker_example' build argument 'cmake_clean_first' from command line to 'False'
[0.247s] Level 5:colcon.colcon_core.verb:set package 'talker_example' build argument 'cmake_force_configure' from command line to 'False'
[0.247s] Level 5:colcon.colcon_core.verb:set package 'talker_example' build argument 'ament_cmake_args' from command line to 'None'
[0.247s] Level 5:colcon.colcon_core.verb:set package 'talker_example' build argument 'catkin_cmake_args' from command line to 'None'
[0.247s] Level 5:colcon.colcon_core.verb:set package 'talker_example' build argument 'catkin_skip_building_tests' from command line to 'False'
[0.247s] DEBUG:colcon.colcon_core.verb:Building package 'talker_example' with the following arguments: {'ament_cmake_args': None, 'build_base': '/home/andyv/Desktop/turtlebot4/diem_turtlebot_ws/build/talker_example', 'catkin_cmake_args': None, 'catkin_skip_building_tests': False, 'cmake_args': None, 'cmake_clean_cache': False, 'cmake_clean_first': False, 'cmake_force_configure': False, 'cmake_target': None, 'cmake_target_skip_unavailable': False, 'install_base': '/home/andyv/Desktop/turtlebot4/diem_turtlebot_ws/install/talker_example', 'merge_install': False, 'path': '/home/andyv/Desktop/turtlebot4/diem_turtlebot_ws/src/talker_example', 'symlink_install': True, 'test_result_base': None}
[0.247s] INFO:colcon.colcon_core.executor:Executing jobs using 'parallel' executor
[0.248s] DEBUG:colcon.colcon_parallel_executor.executor.parallel:run_until_complete
[0.248s] INFO:colcon.colcon_ros.task.ament_python.build:Building ROS package in '/home/andyv/Desktop/turtlebot4/diem_turtlebot_ws/src/diem_gazebo' with build type 'ament_python'
[0.248s] Level 1:colcon.colcon_core.shell:create_environment_hook('diem_gazebo', 'ament_prefix_path')
[0.250s] INFO:colcon.colcon_core.plugin_system:Skipping extension 'colcon_core.shell.bat': Not used on non-Windows systems
[0.250s] INFO:colcon.colcon_core.shell:Creating environment hook '/home/andyv/Desktop/turtlebot4/diem_turtlebot_ws/install/diem_gazebo/share/diem_gazebo/hook/ament_prefix_path.ps1'
[0.251s] INFO:colcon.colcon_core.shell:Creating environment descriptor '/home/andyv/Desktop/turtlebot4/diem_turtlebot_ws/install/diem_gazebo/share/diem_gazebo/hook/ament_prefix_path.dsv'
[0.251s] INFO:colcon.colcon_core.shell:Creating environment hook '/home/andyv/Desktop/turtlebot4/diem_turtlebot_ws/install/diem_gazebo/share/diem_gazebo/hook/ament_prefix_path.sh'
[0.251s] INFO:colcon.colcon_core.shell:Skip shell extension 'powershell' for command environment: Not usable outside of PowerShell
[0.251s] DEBUG:colcon.colcon_core.shell:Skip shell extension 'dsv' for command environment
[0.254s] INFO:colcon.colcon_ros.task.ament_python.build:Building ROS package in '/home/andyv/Desktop/turtlebot4/diem_turtlebot_ws/src/nav_pkg' with build type 'ament_python'
[0.254s] Level 1:colcon.colcon_core.shell:create_environment_hook('nav_pkg', 'ament_prefix_path')
[0.254s] INFO:colcon.colcon_core.shell:Creating environment hook '/home/andyv/Desktop/turtlebot4/diem_turtlebot_ws/install/nav_pkg/share/nav_pkg/hook/ament_prefix_path.ps1'
[0.254s] INFO:colcon.colcon_core.shell:Creating environment descriptor '/home/andyv/Desktop/turtlebot4/diem_turtlebot_ws/install/nav_pkg/share/nav_pkg/hook/ament_prefix_path.dsv'
[0.254s] INFO:colcon.colcon_core.shell:Creating environment hook '/home/andyv/Desktop/turtlebot4/diem_turtlebot_ws/install/nav_pkg/share/nav_pkg/hook/ament_prefix_path.sh'
[0.255s] INFO:colcon.colcon_core.shell:Skip shell extension 'powershell' for command environment: Not usable outside of PowerShell
[0.255s] DEBUG:colcon.colcon_core.shell:Skip shell extension 'dsv' for command environment
[0.256s] INFO:colcon.colcon_ros.task.ament_python.build:Building ROS package in '/home/andyv/Desktop/turtlebot4/diem_turtlebot_ws/src/qr_commander' with build type 'ament_python'
[0.256s] Level 1:colcon.colcon_core.shell:create_environment_hook('qr_commander', 'ament_prefix_path')
[0.256s] INFO:colcon.colcon_core.shell:Creating environment hook '/home/andyv/Desktop/turtlebot4/diem_turtlebot_ws/install/qr_commander/share/qr_commander/hook/ament_prefix_path.ps1'
[0.256s] INFO:colcon.colcon_core.shell:Creating environment descriptor '/home/andyv/Desktop/turtlebot4/diem_turtlebot_ws/install/qr_commander/share/qr_commander/hook/ament_prefix_path.dsv'
[0.257s] INFO:colcon.colcon_core.shell:Creating environment hook '/home/andyv/Desktop/turtlebot4/diem_turtlebot_ws/install/qr_commander/share/qr_commander/hook/ament_prefix_path.sh'
[0.257s] INFO:colcon.colcon_core.shell:Skip shell extension 'powershell' for command environment: Not usable outside of PowerShell
[0.257s] DEBUG:colcon.colcon_core.shell:Skip shell extension 'dsv' for command environment
[0.258s] INFO:colcon.colcon_ros.task.ament_python.build:Building ROS package in '/home/andyv/Desktop/turtlebot4/diem_turtlebot_ws/src/talker_example' with build type 'ament_python'
[0.258s] Level 1:colcon.colcon_core.shell:create_environment_hook('talker_example', 'ament_prefix_path')
[0.258s] INFO:colcon.colcon_core.shell:Creating environment hook '/home/andyv/Desktop/turtlebot4/diem_turtlebot_ws/install/talker_example/share/talker_example/hook/ament_prefix_path.ps1'
[0.259s] INFO:colcon.colcon_core.shell:Creating environment descriptor '/home/andyv/Desktop/turtlebot4/diem_turtlebot_ws/install/talker_example/share/talker_example/hook/ament_prefix_path.dsv'
[0.259s] INFO:colcon.colcon_core.shell:Creating environment hook '/home/andyv/Desktop/turtlebot4/diem_turtlebot_ws/install/talker_example/share/talker_example/hook/ament_prefix_path.sh'
[0.259s] INFO:colcon.colcon_core.shell:Skip shell extension 'powershell' for command environment: Not usable outside of PowerShell
[0.259s] DEBUG:colcon.colcon_core.shell:Skip shell extension 'dsv' for command environment
[0.391s] INFO:colcon.colcon_core.task.python.build:Building Python package in '/home/andyv/Desktop/turtlebot4/diem_turtlebot_ws/src/diem_gazebo'
[0.392s] INFO:colcon.colcon_core.shell:Skip shell extension 'powershell' for command environment: Not usable outside of PowerShell
[0.392s] DEBUG:colcon.colcon_core.shell:Skip shell extension 'dsv' for command environment
[0.518s] INFO:colcon.colcon_core.task.python.build:Building Python package in '/home/andyv/Desktop/turtlebot4/diem_turtlebot_ws/src/nav_pkg'
[0.518s] INFO:colcon.colcon_core.shell:Skip shell extension 'powershell' for command environment: Not usable outside of PowerShell
[0.518s] DEBUG:colcon.colcon_core.shell:Skip shell extension 'dsv' for command environment
[0.646s] INFO:colcon.colcon_core.task.python.build:Building Python package in '/home/andyv/Desktop/turtlebot4/diem_turtlebot_ws/src/qr_commander'
[0.647s] INFO:colcon.colcon_core.shell:Skip shell extension 'powershell' for command environment: Not usable outside of PowerShell
[0.647s] DEBUG:colcon.colcon_core.shell:Skip shell extension 'dsv' for command environment
[0.786s] INFO:colcon.colcon_core.task.python.build:Building Python package in '/home/andyv/Desktop/turtlebot4/diem_turtlebot_ws/src/talker_example'
[0.787s] INFO:colcon.colcon_core.shell:Skip shell extension 'powershell' for command environment: Not usable outside of PowerShell
[0.787s] DEBUG:colcon.colcon_core.shell:Skip shell extension 'dsv' for command environment
[1.267s] DEBUG:colcon.colcon_core.event_handler.log_command:Invoking command in '/home/andyv/Desktop/turtlebot4/diem_turtlebot_ws/build/qr_commander': PYTHONPATH=/home/andyv/Desktop/turtlebot4/diem_turtlebot_ws/build/qr_commander/prefix_override:/home/andyv/Desktop/turtlebot4/diem_turtlebot_ws/install/qr_commander/lib/python3.10/site-packages:${PYTHONPATH} /usr/bin/python3 -W ignore:setup.py install is deprecated setup.py develop --editable --build-directory /home/andyv/Desktop/turtlebot4/diem_turtlebot_ws/build/qr_commander/build --no-deps symlink_data
[1.269s] DEBUG:colcon.colcon_core.event_handler.log_command:Invoking command in '/home/andyv/Desktop/turtlebot4/diem_turtlebot_ws/build/diem_gazebo': PYTHONPATH=/home/andyv/Desktop/turtlebot4/diem_turtlebot_ws/build/diem_gazebo/prefix_override:/home/andyv/Desktop/turtlebot4/diem_turtlebot_ws/install/diem_gazebo/lib/python3.10/site-packages:${PYTHONPATH} /usr/bin/python3 -W ignore:setup.py install is deprecated setup.py develop --editable --build-directory /home/andyv/Desktop/turtlebot4/diem_turtlebot_ws/build/diem_gazebo/build --no-deps symlink_data
[1.271s] DEBUG:colcon.colcon_core.event_handler.log_command:Invoking command in '/home/andyv/Desktop/turtlebot4/diem_turtlebot_ws/build/nav_pkg': PYTHONPATH=/home/andyv/Desktop/turtlebot4/diem_turtlebot_ws/build/nav_pkg/prefix_override:/home/andyv/Desktop/turtlebot4/diem_turtlebot_ws/install/nav_pkg/lib/python3.10/site-packages:${PYTHONPATH} /usr/bin/python3 -W ignore:setup.py install is deprecated setup.py develop --editable --build-directory /home/andyv/Desktop/turtlebot4/diem_turtlebot_ws/build/nav_pkg/build --no-deps symlink_data
[1.272s] DEBUG:colcon.colcon_core.event_handler.log_command:Invoking command in '/home/andyv/Desktop/turtlebot4/diem_turtlebot_ws/build/talker_example': PYTHONPATH=/home/andyv/Desktop/turtlebot4/diem_turtlebot_ws/build/talker_example/prefix_override:/home/andyv/Desktop/turtlebot4/diem_turtlebot_ws/install/talker_example/lib/python3.10/site-packages:${PYTHONPATH} /usr/bin/python3 -W ignore:setup.py install is deprecated setup.py develop --editable --build-directory /home/andyv/Desktop/turtlebot4/diem_turtlebot_ws/build/talker_example/build --no-deps symlink_data
[1.630s] Level 1:colcon.colcon_core.shell:create_environment_hook('diem_gazebo', 'pythonpath_develop')
[1.630s] INFO:colcon.colcon_core.shell:Creating environment hook '/home/andyv/Desktop/turtlebot4/diem_turtlebot_ws/build/diem_gazebo/share/diem_gazebo/hook/pythonpath_develop.ps1'
[1.631s] DEBUG:colcon.colcon_core.event_handler.log_command:Invoked command in '/home/andyv/Desktop/turtlebot4/diem_turtlebot_ws/build/diem_gazebo' returned '0': PYTHONPATH=/home/andyv/Desktop/turtlebot4/diem_turtlebot_ws/build/diem_gazebo/prefix_override:/home/andyv/Desktop/turtlebot4/diem_turtlebot_ws/install/diem_gazebo/lib/python3.10/site-packages:${PYTHONPATH} /usr/bin/python3 -W ignore:setup.py install is deprecated setup.py develop --editable --build-directory /home/andyv/Desktop/turtlebot4/diem_turtlebot_ws/build/diem_gazebo/build --no-deps symlink_data
[1.632s] INFO:colcon.colcon_core.shell:Creating environment descriptor '/home/andyv/Desktop/turtlebot4/diem_turtlebot_ws/build/diem_gazebo/share/diem_gazebo/hook/pythonpath_develop.dsv'
[1.632s] INFO:colcon.colcon_core.shell:Creating environment hook '/home/andyv/Desktop/turtlebot4/diem_turtlebot_ws/build/diem_gazebo/share/diem_gazebo/hook/pythonpath_develop.sh'
[1.638s] Level 1:colcon.colcon_core.environment:checking '/home/andyv/Desktop/turtlebot4/diem_turtlebot_ws/install/diem_gazebo' for CMake module files
[1.639s] Level 1:colcon.colcon_core.environment:checking '/home/andyv/Desktop/turtlebot4/diem_turtlebot_ws/install/diem_gazebo' for CMake config files
[1.640s] Level 1:colcon.colcon_core.environment:checking '/home/andyv/Desktop/turtlebot4/diem_turtlebot_ws/install/diem_gazebo/lib'
[1.640s] Level 1:colcon.colcon_core.environment:checking '/home/andyv/Desktop/turtlebot4/diem_turtlebot_ws/install/diem_gazebo/bin'
[1.640s] Level 1:colcon.colcon_core.environment:checking '/home/andyv/Desktop/turtlebot4/diem_turtlebot_ws/install/diem_gazebo/lib/pkgconfig/diem_gazebo.pc'
[1.640s] Level 1:colcon.colcon_core.environment:checking '/home/andyv/Desktop/turtlebot4/diem_turtlebot_ws/install/diem_gazebo/lib/python3.10/site-packages'
[1.641s] Level 1:colcon.colcon_core.shell:create_environment_hook('diem_gazebo', 'pythonpath')
[1.641s] INFO:colcon.colcon_core.shell:Creating environment hook '/home/andyv/Desktop/turtlebot4/diem_turtlebot_ws/install/diem_gazebo/share/diem_gazebo/hook/pythonpath.ps1'
[1.641s] INFO:colcon.colcon_core.shell:Creating environment descriptor '/home/andyv/Desktop/turtlebot4/diem_turtlebot_ws/install/diem_gazebo/share/diem_gazebo/hook/pythonpath.dsv'
[1.642s] INFO:colcon.colcon_core.shell:Creating environment hook '/home/andyv/Desktop/turtlebot4/diem_turtlebot_ws/install/diem_gazebo/share/diem_gazebo/hook/pythonpath.sh'
[1.642s] Level 1:colcon.colcon_core.environment:checking '/home/andyv/Desktop/turtlebot4/diem_turtlebot_ws/install/diem_gazebo/bin'
[1.642s] Level 1:colcon.colcon_core.environment:create_environment_scripts_only(diem_gazebo)
[1.643s] INFO:colcon.colcon_core.shell:Creating package script '/home/andyv/Desktop/turtlebot4/diem_turtlebot_ws/install/diem_gazebo/share/diem_gazebo/package.ps1'
[1.644s] INFO:colcon.colcon_core.shell:Creating package descriptor '/home/andyv/Desktop/turtlebot4/diem_turtlebot_ws/install/diem_gazebo/share/diem_gazebo/package.dsv'
[1.645s] INFO:colcon.colcon_core.shell:Creating package script '/home/andyv/Desktop/turtlebot4/diem_turtlebot_ws/install/diem_gazebo/share/diem_gazebo/package.sh'
[1.646s] INFO:colcon.colcon_core.shell:Creating package script '/home/andyv/Desktop/turtlebot4/diem_turtlebot_ws/install/diem_gazebo/share/diem_gazebo/package.bash'
[1.647s] INFO:colcon.colcon_core.shell:Creating package script '/home/andyv/Desktop/turtlebot4/diem_turtlebot_ws/install/diem_gazebo/share/diem_gazebo/package.zsh'
[1.648s] Level 1:colcon.colcon_core.environment:create_file_with_runtime_dependencies(/home/andyv/Desktop/turtlebot4/diem_turtlebot_ws/install/diem_gazebo/share/colcon-core/packages/diem_gazebo)
[1.649s] Level 1:colcon.colcon_core.shell:create_environment_hook('talker_example', 'pythonpath_develop')
[1.650s] INFO:colcon.colcon_core.shell:Creating environment hook '/home/andyv/Desktop/turtlebot4/diem_turtlebot_ws/build/talker_example/share/talker_example/hook/pythonpath_develop.ps1'
[1.650s] DEBUG:colcon.colcon_core.event_handler.log_command:Invoked command in '/home/andyv/Desktop/turtlebot4/diem_turtlebot_ws/build/talker_example' returned '0': PYTHONPATH=/home/andyv/Desktop/turtlebot4/diem_turtlebot_ws/build/talker_example/prefix_override:/home/andyv/Desktop/turtlebot4/diem_turtlebot_ws/install/talker_example/lib/python3.10/site-packages:${PYTHONPATH} /usr/bin/python3 -W ignore:setup.py install is deprecated setup.py develop --editable --build-directory /home/andyv/Desktop/turtlebot4/diem_turtlebot_ws/build/talker_example/build --no-deps symlink_data
[1.650s] INFO:colcon.colcon_core.shell:Creating environment descriptor '/home/andyv/Desktop/turtlebot4/diem_turtlebot_ws/build/talker_example/share/talker_example/hook/pythonpath_develop.dsv'
[1.651s] INFO:colcon.colcon_core.shell:Creating environment hook '/home/andyv/Desktop/turtlebot4/diem_turtlebot_ws/build/talker_example/share/talker_example/hook/pythonpath_develop.sh'
[1.651s] Level 1:colcon.colcon_core.environment:checking '/home/andyv/Desktop/turtlebot4/diem_turtlebot_ws/install/talker_example' for CMake module files
[1.652s] Level 1:colcon.colcon_core.environment:checking '/home/andyv/Desktop/turtlebot4/diem_turtlebot_ws/install/talker_example' for CMake config files
[1.652s] Level 1:colcon.colcon_core.environment:checking '/home/andyv/Desktop/turtlebot4/diem_turtlebot_ws/install/talker_example/lib'
[1.653s] Level 1:colcon.colcon_core.environment:checking '/home/andyv/Desktop/turtlebot4/diem_turtlebot_ws/install/talker_example/bin'
[1.653s] Level 1:colcon.colcon_core.environment:checking '/home/andyv/Desktop/turtlebot4/diem_turtlebot_ws/install/talker_example/lib/pkgconfig/talker_example.pc'
[1.653s] Level 1:colcon.colcon_core.environment:checking '/home/andyv/Desktop/turtlebot4/diem_turtlebot_ws/install/talker_example/lib/python3.10/site-packages'
[1.653s] Level 1:colcon.colcon_core.shell:create_environment_hook('talker_example', 'pythonpath')
[1.653s] INFO:colcon.colcon_core.shell:Creating environment hook '/home/andyv/Desktop/turtlebot4/diem_turtlebot_ws/install/talker_example/share/talker_example/hook/pythonpath.ps1'
[1.654s] INFO:colcon.colcon_core.shell:Creating environment descriptor '/home/andyv/Desktop/turtlebot4/diem_turtlebot_ws/install/talker_example/share/talker_example/hook/pythonpath.dsv'
[1.654s] INFO:colcon.colcon_core.shell:Creating environment hook '/home/andyv/Desktop/turtlebot4/diem_turtlebot_ws/install/talker_example/share/talker_example/hook/pythonpath.sh'
[1.654s] Level 1:colcon.colcon_core.environment:checking '/home/andyv/Desktop/turtlebot4/diem_turtlebot_ws/install/talker_example/bin'
[1.655s] Level 1:colcon.colcon_core.environment:create_environment_scripts_only(talker_example)
[1.655s] INFO:colcon.colcon_core.shell:Creating package script '/home/andyv/Desktop/turtlebot4/diem_turtlebot_ws/install/talker_example/share/talker_example/package.ps1'
[1.655s] INFO:colcon.colcon_core.shell:Creating package descriptor '/home/andyv/Desktop/turtlebot4/diem_turtlebot_ws/install/talker_example/share/talker_example/package.dsv'
[1.655s] INFO:colcon.colcon_core.shell:Creating package script '/home/andyv/Desktop/turtlebot4/diem_turtlebot_ws/install/talker_example/share/talker_example/package.sh'
[1.656s] INFO:colcon.colcon_core.shell:Creating package script '/home/andyv/Desktop/turtlebot4/diem_turtlebot_ws/install/talker_example/share/talker_example/package.bash'
[1.656s] INFO:colcon.colcon_core.shell:Creating package script '/home/andyv/Desktop/turtlebot4/diem_turtlebot_ws/install/talker_example/share/talker_example/package.zsh'
[1.656s] Level 1:colcon.colcon_core.environment:create_file_with_runtime_dependencies(/home/andyv/Desktop/turtlebot4/diem_turtlebot_ws/install/talker_example/share/colcon-core/packages/talker_example)
[1.656s] Level 1:colcon.colcon_core.shell:create_environment_hook('qr_commander', 'pythonpath_develop')
[1.656s] INFO:colcon.colcon_core.shell:Creating environment hook '/home/andyv/Desktop/turtlebot4/diem_turtlebot_ws/build/qr_commander/share/qr_commander/hook/pythonpath_develop.ps1'
[1.657s] INFO:colcon.colcon_core.shell:Creating environment descriptor '/home/andyv/Desktop/turtlebot4/diem_turtlebot_ws/build/qr_commander/share/qr_commander/hook/pythonpath_develop.dsv'
[1.657s] INFO:colcon.colcon_core.shell:Creating environment hook '/home/andyv/Desktop/turtlebot4/diem_turtlebot_ws/build/qr_commander/share/qr_commander/hook/pythonpath_develop.sh'
[1.657s] DEBUG:colcon.colcon_core.event_handler.log_command:Invoked command in '/home/andyv/Desktop/turtlebot4/diem_turtlebot_ws/build/qr_commander' returned '0': PYTHONPATH=/home/andyv/Desktop/turtlebot4/diem_turtlebot_ws/build/qr_commander/prefix_override:/home/andyv/Desktop/turtlebot4/diem_turtlebot_ws/install/qr_commander/lib/python3.10/site-packages:${PYTHONPATH} /usr/bin/python3 -W ignore:setup.py install is deprecated setup.py develop --editable --build-directory /home/andyv/Desktop/turtlebot4/diem_turtlebot_ws/build/qr_commander/build --no-deps symlink_data
[1.657s] Level 1:colcon.colcon_core.environment:checking '/home/andyv/Desktop/turtlebot4/diem_turtlebot_ws/install/qr_commander' for CMake module files
[1.658s] Level 1:colcon.colcon_core.environment:checking '/home/andyv/Desktop/turtlebot4/diem_turtlebot_ws/install/qr_commander' for CMake config files
[1.658s] Level 1:colcon.colcon_core.environment:checking '/home/andyv/Desktop/turtlebot4/diem_turtlebot_ws/install/qr_commander/lib'
[1.658s] Level 1:colcon.colcon_core.environment:checking '/home/andyv/Desktop/turtlebot4/diem_turtlebot_ws/install/qr_commander/bin'
[1.658s] Level 1:colcon.colcon_core.environment:checking '/home/andyv/Desktop/turtlebot4/diem_turtlebot_ws/install/qr_commander/lib/pkgconfig/qr_commander.pc'
[1.658s] Level 1:colcon.colcon_core.environment:checking '/home/andyv/Desktop/turtlebot4/diem_turtlebot_ws/install/qr_commander/lib/python3.10/site-packages'
[1.658s] Level 1:colcon.colcon_core.shell:create_environment_hook('qr_commander', 'pythonpath')
[1.658s] INFO:colcon.colcon_core.shell:Creating environment hook '/home/andyv/Desktop/turtlebot4/diem_turtlebot_ws/install/qr_commander/share/qr_commander/hook/pythonpath.ps1'
[1.659s] INFO:colcon.colcon_core.shell:Creating environment descriptor '/home/andyv/Desktop/turtlebot4/diem_turtlebot_ws/install/qr_commander/share/qr_commander/hook/pythonpath.dsv'
[1.659s] INFO:colcon.colcon_core.shell:Creating environment hook '/home/andyv/Desktop/turtlebot4/diem_turtlebot_ws/install/qr_commander/share/qr_commander/hook/pythonpath.sh'
[1.659s] Level 1:colcon.colcon_core.environment:checking '/home/andyv/Desktop/turtlebot4/diem_turtlebot_ws/install/qr_commander/bin'
[1.659s] Level 1:colcon.colcon_core.environment:create_environment_scripts_only(qr_commander)
[1.659s] INFO:colcon.colcon_core.shell:Creating package script '/home/andyv/Desktop/turtlebot4/diem_turtlebot_ws/install/qr_commander/share/qr_commander/package.ps1'
[1.660s] INFO:colcon.colcon_core.shell:Creating package descriptor '/home/andyv/Desktop/turtlebot4/diem_turtlebot_ws/install/qr_commander/share/qr_commander/package.dsv'
[1.660s] INFO:colcon.colcon_core.shell:Creating package script '/home/andyv/Desktop/turtlebot4/diem_turtlebot_ws/install/qr_commander/share/qr_commander/package.sh'
[1.660s] INFO:colcon.colcon_core.shell:Creating package script '/home/andyv/Desktop/turtlebot4/diem_turtlebot_ws/install/qr_commander/share/qr_commander/package.bash'
[1.660s] INFO:colcon.colcon_core.shell:Creating package script '/home/andyv/Desktop/turtlebot4/diem_turtlebot_ws/install/qr_commander/share/qr_commander/package.zsh'
[1.661s] Level 1:colcon.colcon_core.environment:create_file_with_runtime_dependencies(/home/andyv/Desktop/turtlebot4/diem_turtlebot_ws/install/qr_commander/share/colcon-core/packages/qr_commander)
[1.661s] Level 1:colcon.colcon_core.shell:create_environment_hook('nav_pkg', 'pythonpath_develop')
[1.661s] INFO:colcon.colcon_core.shell:Creating environment hook '/home/andyv/Desktop/turtlebot4/diem_turtlebot_ws/build/nav_pkg/share/nav_pkg/hook/pythonpath_develop.ps1'
[1.661s] INFO:colcon.colcon_core.shell:Creating environment descriptor '/home/andyv/Desktop/turtlebot4/diem_turtlebot_ws/build/nav_pkg/share/nav_pkg/hook/pythonpath_develop.dsv'
[1.661s] INFO:colcon.colcon_core.shell:Creating environment hook '/home/andyv/Desktop/turtlebot4/diem_turtlebot_ws/build/nav_pkg/share/nav_pkg/hook/pythonpath_develop.sh'
[1.662s] DEBUG:colcon.colcon_core.event_handler.log_command:Invoked command in '/home/andyv/Desktop/turtlebot4/diem_turtlebot_ws/build/nav_pkg' returned '0': PYTHONPATH=/home/andyv/Desktop/turtlebot4/diem_turtlebot_ws/build/nav_pkg/prefix_override:/home/andyv/Desktop/turtlebot4/diem_turtlebot_ws/install/nav_pkg/lib/python3.10/site-packages:${PYTHONPATH} /usr/bin/python3 -W ignore:setup.py install is deprecated setup.py develop --editable --build-directory /home/andyv/Desktop/turtlebot4/diem_turtlebot_ws/build/nav_pkg/build --no-deps symlink_data
[1.662s] Level 1:colcon.colcon_core.environment:checking '/home/andyv/Desktop/turtlebot4/diem_turtlebot_ws/install/nav_pkg' for CMake module files
[1.662s] Level 1:colcon.colcon_core.environment:checking '/home/andyv/Desktop/turtlebot4/diem_turtlebot_ws/install/nav_pkg' for CMake config files
[1.663s] Level 1:colcon.colcon_core.environment:checking '/home/andyv/Desktop/turtlebot4/diem_turtlebot_ws/install/nav_pkg/lib'
[1.663s] Level 1:colcon.colcon_core.environment:checking '/home/andyv/Desktop/turtlebot4/diem_turtlebot_ws/install/nav_pkg/bin'
[1.663s] Level 1:colcon.colcon_core.environment:checking '/home/andyv/Desktop/turtlebot4/diem_turtlebot_ws/install/nav_pkg/lib/pkgconfig/nav_pkg.pc'
[1.663s] Level 1:colcon.colcon_core.environment:checking '/home/andyv/Desktop/turtlebot4/diem_turtlebot_ws/install/nav_pkg/lib/python3.10/site-packages'
[1.663s] Level 1:colcon.colcon_core.shell:create_environment_hook('nav_pkg', 'pythonpath')
[1.663s] INFO:colcon.colcon_core.shell:Creating environment hook '/home/andyv/Desktop/turtlebot4/diem_turtlebot_ws/install/nav_pkg/share/nav_pkg/hook/pythonpath.ps1'
[1.664s] INFO:colcon.colcon_core.shell:Creating environment descriptor '/home/andyv/Desktop/turtlebot4/diem_turtlebot_ws/install/nav_pkg/share/nav_pkg/hook/pythonpath.dsv'
[1.664s] INFO:colcon.colcon_core.shell:Creating environment hook '/home/andyv/Desktop/turtlebot4/diem_turtlebot_ws/install/nav_pkg/share/nav_pkg/hook/pythonpath.sh'
[1.664s] Level 1:colcon.colcon_core.environment:checking '/home/andyv/Desktop/turtlebot4/diem_turtlebot_ws/install/nav_pkg/bin'
[1.664s] Level 1:colcon.colcon_core.environment:create_environment_scripts_only(nav_pkg)
[1.664s] INFO:colcon.colcon_core.shell:Creating package script '/home/andyv/Desktop/turtlebot4/diem_turtlebot_ws/install/nav_pkg/share/nav_pkg/package.ps1'
[1.665s] INFO:colcon.colcon_core.shell:Creating package descriptor '/home/andyv/Desktop/turtlebot4/diem_turtlebot_ws/install/nav_pkg/share/nav_pkg/package.dsv'
[1.665s] INFO:colcon.colcon_core.shell:Creating package script '/home/andyv/Desktop/turtlebot4/diem_turtlebot_ws/install/nav_pkg/share/nav_pkg/package.sh'
[1.665s] INFO:colcon.colcon_core.shell:Creating package script '/home/andyv/Desktop/turtlebot4/diem_turtlebot_ws/install/nav_pkg/share/nav_pkg/package.bash'
[1.665s] INFO:colcon.colcon_core.shell:Creating package script '/home/andyv/Desktop/turtlebot4/diem_turtlebot_ws/install/nav_pkg/share/nav_pkg/package.zsh'
[1.666s] Level 1:colcon.colcon_core.environment:create_file_with_runtime_dependencies(/home/andyv/Desktop/turtlebot4/diem_turtlebot_ws/install/nav_pkg/share/colcon-core/packages/nav_pkg)
[1.666s] DEBUG:colcon.colcon_parallel_executor.executor.parallel:closing loop
[1.666s] DEBUG:colcon.colcon_parallel_executor.executor.parallel:loop closed
[1.666s] DEBUG:colcon.colcon_parallel_executor.executor.parallel:run_until_complete finished with '0'
[1.666s] DEBUG:colcon.colcon_core.event_reactor:joining thread
[1.673s] INFO:colcon.colcon_core.plugin_system:Skipping extension 'colcon_notification.desktop_notification.terminal_notifier': Not used on non-Darwin systems
[1.673s] INFO:colcon.colcon_core.plugin_system:Skipping extension 'colcon_notification.desktop_notification.win32': Not used on non-Windows systems
[1.673s] INFO:colcon.colcon_notification.desktop_notification:Sending desktop notification using 'notify2'
[1.686s] DEBUG:colcon.colcon_core.event_reactor:joined thread
[1.686s] INFO:colcon.colcon_core.shell:Creating prefix script '/home/andyv/Desktop/turtlebot4/diem_turtlebot_ws/install/local_setup.ps1'
[1.687s] INFO:colcon.colcon_core.shell:Creating prefix util module '/home/andyv/Desktop/turtlebot4/diem_turtlebot_ws/install/_local_setup_util_ps1.py'
[1.688s] INFO:colcon.colcon_core.shell:Creating prefix chain script '/home/andyv/Desktop/turtlebot4/diem_turtlebot_ws/install/setup.ps1'
[1.689s] INFO:colcon.colcon_core.shell:Creating prefix script '/home/andyv/Desktop/turtlebot4/diem_turtlebot_ws/install/local_setup.sh'
[1.689s] INFO:colcon.colcon_core.shell:Creating prefix util module '/home/andyv/Desktop/turtlebot4/diem_turtlebot_ws/install/_local_setup_util_sh.py'
[1.689s] INFO:colcon.colcon_core.shell:Creating prefix chain script '/home/andyv/Desktop/turtlebot4/diem_turtlebot_ws/install/setup.sh'
[1.690s] INFO:colcon.colcon_core.shell:Creating prefix script '/home/andyv/Desktop/turtlebot4/diem_turtlebot_ws/install/local_setup.bash'
[1.690s] INFO:colcon.colcon_core.shell:Creating prefix chain script '/home/andyv/Desktop/turtlebot4/diem_turtlebot_ws/install/setup.bash'
[1.691s] INFO:colcon.colcon_core.shell:Creating prefix script '/home/andyv/Desktop/turtlebot4/diem_turtlebot_ws/install/local_setup.zsh'
[1.692s] INFO:colcon.colcon_core.shell:Creating prefix chain script '/home/andyv/Desktop/turtlebot4/diem_turtlebot_ws/install/setup.zsh'
