running egg_info
writing ../../build/nav_pkg/nav_pkg.egg-info/PKG-INFO
writing dependency_links to ../../build/nav_pkg/nav_pkg.egg-info/dependency_links.txt
writing entry points to ../../build/nav_pkg/nav_pkg.egg-info/entry_points.txt
writing requirements to ../../build/nav_pkg/nav_pkg.egg-info/requires.txt
writing top-level names to ../../build/nav_pkg/nav_pkg.egg-info/top_level.txt
reading manifest file '../../build/nav_pkg/nav_pkg.egg-info/SOURCES.txt'
writing manifest file '../../build/nav_pkg/nav_pkg.egg-info/SOURCES.txt'
running build
running install
running install_data
copying launch/nav1.launch.py -> /home/andyv/Desktop/turtlebot4/diem_turtlebot_ws/install/nav_pkg/share/nav_pkg/launch
running install_egg_info
removing '/home/andyv/Desktop/turtlebot4/diem_turtlebot_ws/install/nav_pkg/lib/python3.10/site-packages/nav_pkg-0.0.0-py3.10.egg-info' (and everything under it)
Copying ../../build/nav_pkg/nav_pkg.egg-info to /home/andyv/Desktop/turtlebot4/diem_turtlebot_ws/install/nav_pkg/lib/python3.10/site-packages/nav_pkg-0.0.0-py3.10.egg-info
running install_scripts
Installing naive_obj_avoidance script to /home/andyv/Desktop/turtlebot4/diem_turtlebot_ws/install/nav_pkg/lib/nav_pkg
Installing nav1 script to /home/andyv/Desktop/turtlebot4/diem_turtlebot_ws/install/nav_pkg/lib/nav_pkg
Installing nav_step script to /home/andyv/Desktop/turtlebot4/diem_turtlebot_ws/install/nav_pkg/lib/nav_pkg
Installing odom script to /home/andyv/Desktop/turtlebot4/diem_turtlebot_ws/install/nav_pkg/lib/nav_pkg
Installing simple_nav script to /home/andyv/Desktop/turtlebot4/diem_turtlebot_ws/install/nav_pkg/lib/nav_pkg
writing list of installed files to '/home/andyv/Desktop/turtlebot4/diem_turtlebot_ws/build/nav_pkg/install.log'
