[0.963s] Invoking command in '/home/andyv/Desktop/turtlebot4/diem_turtlebot_ws/build/talker_example': PYTHONPATH=/home/andyv/Desktop/turtlebot4/diem_turtlebot_ws/build/talker_example/prefix_override:/home/andyv/Desktop/turtlebot4/diem_turtlebot_ws/install/talker_example/lib/python3.10/site-packages:${PYTHONPATH} /usr/bin/python3 -W ignore:setup.py install is deprecated setup.py develop --editable --build-directory /home/andyv/Desktop/turtlebot4/diem_turtlebot_ws/build/talker_example/build --no-deps symlink_data
[1.131s] running develop
[1.131s] /usr/lib/python3/dist-packages/setuptools/command/easy_install.py:158: EasyInstallDeprecationWarning: easy_install command is deprecated. Use build and pip and other standards-based tools.
[1.131s]   warnings.warn(
[1.236s] running egg_info
[1.236s] writing talker_example.egg-info/PKG-INFO
[1.236s] writing dependency_links to talker_example.egg-info/dependency_links.txt
[1.236s] writing entry points to talker_example.egg-info/entry_points.txt
[1.236s] writing requirements to talker_example.egg-info/requires.txt
[1.236s] writing top-level names to talker_example.egg-info/top_level.txt
[1.238s] reading manifest file 'talker_example.egg-info/SOURCES.txt'
[1.238s] writing manifest file 'talker_example.egg-info/SOURCES.txt'
[1.239s] running build_ext
[1.240s] Creating /home/andyv/Desktop/turtlebot4/diem_turtlebot_ws/install/talker_example/lib/python3.10/site-packages/talker-example.egg-link (link to .)
[1.240s] Installing listener script to /home/andyv/Desktop/turtlebot4/diem_turtlebot_ws/install/talker_example/lib/talker_example
[1.240s] Installing talker script to /home/andyv/Desktop/turtlebot4/diem_turtlebot_ws/install/talker_example/lib/talker_example
[1.241s] 
[1.241s] Installed /home/andyv/Desktop/turtlebot4/diem_turtlebot_ws/build/talker_example
[1.241s] running symlink_data
[1.277s] Invoked command in '/home/andyv/Desktop/turtlebot4/diem_turtlebot_ws/build/talker_example' returned '0': PYTHONPATH=/home/andyv/Desktop/turtlebot4/diem_turtlebot_ws/build/talker_example/prefix_override:/home/andyv/Desktop/turtlebot4/diem_turtlebot_ws/install/talker_example/lib/python3.10/site-packages:${PYTHONPATH} /usr/bin/python3 -W ignore:setup.py install is deprecated setup.py develop --editable --build-directory /home/andyv/Desktop/turtlebot4/diem_turtlebot_ws/build/talker_example/build --no-deps symlink_data
