[0.614s] Invoking command in '/home/andyv/Desktop/turtlebot4/diem_turtlebot_ws/src/talker_example': PYTHONPATH=/home/andyv/Desktop/turtlebot4/diem_turtlebot_ws/build/talker_example/prefix_override:/home/andyv/Desktop/turtlebot4/diem_turtlebot_ws/install/talker_example/lib/python3.10/site-packages:${PYTHONPATH} /usr/bin/python3 -W ignore:setup.py install is deprecated setup.py egg_info --egg-base ../../build/talker_example build --build-base /home/andyv/Desktop/turtlebot4/diem_turtlebot_ws/build/talker_example/build install --record /home/andyv/Desktop/turtlebot4/diem_turtlebot_ws/build/talker_example/install.log --single-version-externally-managed install_data
[0.741s] running egg_info
[0.741s] writing ../../build/talker_example/talker_example.egg-info/PKG-INFO
[0.741s] writing dependency_links to ../../build/talker_example/talker_example.egg-info/dependency_links.txt
[0.741s] writing entry points to ../../build/talker_example/talker_example.egg-info/entry_points.txt
[0.741s] writing requirements to ../../build/talker_example/talker_example.egg-info/requires.txt
[0.741s] writing top-level names to ../../build/talker_example/talker_example.egg-info/top_level.txt
[0.742s] reading manifest file '../../build/talker_example/talker_example.egg-info/SOURCES.txt'
[0.742s] writing manifest file '../../build/talker_example/talker_example.egg-info/SOURCES.txt'
[0.743s] running build
[0.743s] running build_py
[0.743s] running install
[0.743s] running install_lib
[0.743s] running install_data
[0.744s] running install_egg_info
[0.745s] removing '/home/andyv/Desktop/turtlebot4/diem_turtlebot_ws/install/talker_example/lib/python3.10/site-packages/talker_example-0.0.0-py3.10.egg-info' (and everything under it)
[0.745s] Copying ../../build/talker_example/talker_example.egg-info to /home/andyv/Desktop/turtlebot4/diem_turtlebot_ws/install/talker_example/lib/python3.10/site-packages/talker_example-0.0.0-py3.10.egg-info
[0.746s] running install_scripts
[0.758s] Installing listener script to /home/andyv/Desktop/turtlebot4/diem_turtlebot_ws/install/talker_example/lib/talker_example
[0.758s] Installing talker script to /home/andyv/Desktop/turtlebot4/diem_turtlebot_ws/install/talker_example/lib/talker_example
[0.758s] writing list of installed files to '/home/andyv/Desktop/turtlebot4/diem_turtlebot_ws/build/talker_example/install.log'
[0.780s] Invoked command in '/home/andyv/Desktop/turtlebot4/diem_turtlebot_ws/src/talker_example' returned '0': PYTHONPATH=/home/andyv/Desktop/turtlebot4/diem_turtlebot_ws/build/talker_example/prefix_override:/home/andyv/Desktop/turtlebot4/diem_turtlebot_ws/install/talker_example/lib/python3.10/site-packages:${PYTHONPATH} /usr/bin/python3 -W ignore:setup.py install is deprecated setup.py egg_info --egg-base ../../build/talker_example build --build-base /home/andyv/Desktop/turtlebot4/diem_turtlebot_ws/build/talker_example/build install --record /home/andyv/Desktop/turtlebot4/diem_turtlebot_ws/build/talker_example/install.log --single-version-externally-managed install_data
