[0.053s] DEBUG:colcon:Command line arguments: ['/usr/bin/colcon', 'build']
[0.053s] DEBUG:colcon:Parsed command line arguments: Namespace(log_base=None, log_level=None, verb_name='build', build_base='build', install_base='install', merge_install=False, symlink_install=False, test_result_base=None, continue_on_error=False, executor='parallel', parallel_workers=20, event_handlers=None, ignore_user_meta=False, metas=['./colcon.meta'], base_paths=['.'], packages_ignore=None, packages_ignore_regex=None, paths=None, packages_up_to=None, packages_up_to_regex=None, packages_above=None, packages_above_and_dependencies=None, packages_above_depth=None, packages_select_by_dep=None, packages_skip_by_dep=None, packages_skip_up_to=None, packages_select_build_failed=False, packages_skip_build_finished=False, packages_select_test_failures=False, packages_skip_test_passed=False, packages_select=None, packages_skip=None, packages_select_regex=None, packages_skip_regex=None, packages_start=None, packages_end=None, allow_overriding=[], cmake_args=None, cmake_target=None, cmake_target_skip_unavailable=False, cmake_clean_cache=False, cmake_clean_first=False, cmake_force_configure=False, ament_cmake_args=None, catkin_cmake_args=None, catkin_skip_building_tests=False, verb_parser=<colcon_defaults.argument_parser.defaults.DefaultArgumentsDecorator object at 0x7b2b596fd630>, verb_extension=<colcon_core.verb.build.BuildVerb object at 0x7b2b596fc820>, main=<bound method BuildVerb.main of <colcon_core.verb.build.BuildVerb object at 0x7b2b596fc820>>)
[0.135s] Level 1:colcon.colcon_core.package_discovery:discover_packages(colcon_meta) check parameters
[0.135s] Level 1:colcon.colcon_core.package_discovery:discover_packages(recursive) check parameters
[0.135s] Level 1:colcon.colcon_core.package_discovery:discover_packages(ignore) check parameters
[0.135s] Level 1:colcon.colcon_core.package_discovery:discover_packages(path) check parameters
[0.135s] Level 1:colcon.colcon_core.package_discovery:discover_packages(colcon_meta) discover
[0.135s] Level 1:colcon.colcon_core.package_discovery:discover_packages(recursive) discover
[0.135s] INFO:colcon.colcon_core.package_discovery:Crawling recursively for packages in '/home/andyv/Desktop/turtlebot4/diem_turtlebot_ws'
[0.135s] Level 1:colcon.colcon_core.package_identification:_identify(.) by extensions ['ignore', 'ignore_ament_install']
[0.135s] Level 1:colcon.colcon_core.package_identification:_identify(.) by extension 'ignore'
[0.135s] Level 1:colcon.colcon_core.package_identification:_identify(.) by extension 'ignore_ament_install'
[0.135s] Level 1:colcon.colcon_core.package_identification:_identify(.) by extensions ['colcon_pkg']
[0.135s] Level 1:colcon.colcon_core.package_identification:_identify(.) by extension 'colcon_pkg'
[0.135s] Level 1:colcon.colcon_core.package_identification:_identify(.) by extensions ['colcon_meta']
[0.135s] Level 1:colcon.colcon_core.package_identification:_identify(.) by extension 'colcon_meta'
[0.135s] Level 1:colcon.colcon_core.package_identification:_identify(.) by extensions ['ros']
[0.135s] Level 1:colcon.colcon_core.package_identification:_identify(.) by extension 'ros'
[0.141s] Level 1:colcon.colcon_core.package_identification:_identify(.) by extensions ['cmake', 'python']
[0.141s] Level 1:colcon.colcon_core.package_identification:_identify(.) by extension 'cmake'
[0.141s] Level 1:colcon.colcon_core.package_identification:_identify(.) by extension 'python'
[0.141s] Level 1:colcon.colcon_core.package_identification:_identify(.) by extensions ['python_setup_py']
[0.141s] Level 1:colcon.colcon_core.package_identification:_identify(.) by extension 'python_setup_py'
[0.141s] Level 1:colcon.colcon_core.package_identification:_identify(build) by extensions ['ignore', 'ignore_ament_install']
[0.141s] Level 1:colcon.colcon_core.package_identification:_identify(build) by extension 'ignore'
[0.141s] Level 1:colcon.colcon_core.package_identification:_identify(build) ignored
[0.141s] Level 1:colcon.colcon_core.package_identification:_identify(install) by extensions ['ignore', 'ignore_ament_install']
[0.141s] Level 1:colcon.colcon_core.package_identification:_identify(install) by extension 'ignore'
[0.141s] Level 1:colcon.colcon_core.package_identification:_identify(install) ignored
[0.141s] Level 1:colcon.colcon_core.package_identification:_identify(log) by extensions ['ignore', 'ignore_ament_install']
[0.141s] Level 1:colcon.colcon_core.package_identification:_identify(log) by extension 'ignore'
[0.141s] Level 1:colcon.colcon_core.package_identification:_identify(log) ignored
[0.142s] Level 1:colcon.colcon_core.package_identification:_identify(src) by extensions ['ignore', 'ignore_ament_install']
[0.142s] Level 1:colcon.colcon_core.package_identification:_identify(src) by extension 'ignore'
[0.142s] Level 1:colcon.colcon_core.package_identification:_identify(src) by extension 'ignore_ament_install'
[0.142s] Level 1:colcon.colcon_core.package_identification:_identify(src) by extensions ['colcon_pkg']
[0.142s] Level 1:colcon.colcon_core.package_identification:_identify(src) by extension 'colcon_pkg'
[0.142s] Level 1:colcon.colcon_core.package_identification:_identify(src) by extensions ['colcon_meta']
[0.142s] Level 1:colcon.colcon_core.package_identification:_identify(src) by extension 'colcon_meta'
[0.142s] Level 1:colcon.colcon_core.package_identification:_identify(src) by extensions ['ros']
[0.142s] Level 1:colcon.colcon_core.package_identification:_identify(src) by extension 'ros'
[0.142s] Level 1:colcon.colcon_core.package_identification:_identify(src) by extensions ['cmake', 'python']
[0.142s] Level 1:colcon.colcon_core.package_identification:_identify(src) by extension 'cmake'
[0.142s] Level 1:colcon.colcon_core.package_identification:_identify(src) by extension 'python'
[0.142s] Level 1:colcon.colcon_core.package_identification:_identify(src) by extensions ['python_setup_py']
[0.142s] Level 1:colcon.colcon_core.package_identification:_identify(src) by extension 'python_setup_py'
[0.142s] Level 1:colcon.colcon_core.package_identification:_identify(src/diem_gazebo) by extensions ['ignore', 'ignore_ament_install']
[0.142s] Level 1:colcon.colcon_core.package_identification:_identify(src/diem_gazebo) by extension 'ignore'
[0.142s] Level 1:colcon.colcon_core.package_identification:_identify(src/diem_gazebo) by extension 'ignore_ament_install'
[0.142s] Level 1:colcon.colcon_core.package_identification:_identify(src/diem_gazebo) by extensions ['colcon_pkg']
[0.142s] Level 1:colcon.colcon_core.package_identification:_identify(src/diem_gazebo) by extension 'colcon_pkg'
[0.142s] Level 1:colcon.colcon_core.package_identification:_identify(src/diem_gazebo) by extensions ['colcon_meta']
[0.142s] Level 1:colcon.colcon_core.package_identification:_identify(src/diem_gazebo) by extension 'colcon_meta'
[0.142s] Level 1:colcon.colcon_core.package_identification:_identify(src/diem_gazebo) by extensions ['ros']
[0.142s] Level 1:colcon.colcon_core.package_identification:_identify(src/diem_gazebo) by extension 'ros'
[0.143s] DEBUG:colcon.colcon_core.package_identification:Package 'src/diem_gazebo' with type 'ros.ament_python' and name 'diem_gazebo'
[0.143s] Level 1:colcon.colcon_core.package_identification:_identify(src/map) by extensions ['ignore', 'ignore_ament_install']
[0.143s] Level 1:colcon.colcon_core.package_identification:_identify(src/map) by extension 'ignore'
[0.143s] Level 1:colcon.colcon_core.package_identification:_identify(src/map) by extension 'ignore_ament_install'
[0.143s] Level 1:colcon.colcon_core.package_identification:_identify(src/map) by extensions ['colcon_pkg']
[0.143s] Level 1:colcon.colcon_core.package_identification:_identify(src/map) by extension 'colcon_pkg'
[0.143s] Level 1:colcon.colcon_core.package_identification:_identify(src/map) by extensions ['colcon_meta']
[0.143s] Level 1:colcon.colcon_core.package_identification:_identify(src/map) by extension 'colcon_meta'
[0.143s] Level 1:colcon.colcon_core.package_identification:_identify(src/map) by extensions ['ros']
[0.143s] Level 1:colcon.colcon_core.package_identification:_identify(src/map) by extension 'ros'
[0.143s] Level 1:colcon.colcon_core.package_identification:_identify(src/map) by extensions ['cmake', 'python']
[0.143s] Level 1:colcon.colcon_core.package_identification:_identify(src/map) by extension 'cmake'
[0.143s] Level 1:colcon.colcon_core.package_identification:_identify(src/map) by extension 'python'
[0.143s] Level 1:colcon.colcon_core.package_identification:_identify(src/map) by extensions ['python_setup_py']
[0.144s] Level 1:colcon.colcon_core.package_identification:_identify(src/map) by extension 'python_setup_py'
[0.144s] Level 1:colcon.colcon_core.package_identification:_identify(src/nav_pkg) by extensions ['ignore', 'ignore_ament_install']
[0.144s] Level 1:colcon.colcon_core.package_identification:_identify(src/nav_pkg) by extension 'ignore'
[0.144s] Level 1:colcon.colcon_core.package_identification:_identify(src/nav_pkg) by extension 'ignore_ament_install'
[0.144s] Level 1:colcon.colcon_core.package_identification:_identify(src/nav_pkg) by extensions ['colcon_pkg']
[0.144s] Level 1:colcon.colcon_core.package_identification:_identify(src/nav_pkg) by extension 'colcon_pkg'
[0.144s] Level 1:colcon.colcon_core.package_identification:_identify(src/nav_pkg) by extensions ['colcon_meta']
[0.144s] Level 1:colcon.colcon_core.package_identification:_identify(src/nav_pkg) by extension 'colcon_meta'
[0.144s] Level 1:colcon.colcon_core.package_identification:_identify(src/nav_pkg) by extensions ['ros']
[0.144s] Level 1:colcon.colcon_core.package_identification:_identify(src/nav_pkg) by extension 'ros'
[0.144s] DEBUG:colcon.colcon_core.package_identification:Package 'src/nav_pkg' with type 'ros.ament_python' and name 'nav_pkg'
[0.144s] Level 1:colcon.colcon_core.package_identification:_identify(src/talker_example) by extensions ['ignore', 'ignore_ament_install']
[0.144s] Level 1:colcon.colcon_core.package_identification:_identify(src/talker_example) by extension 'ignore'
[0.144s] Level 1:colcon.colcon_core.package_identification:_identify(src/talker_example) by extension 'ignore_ament_install'
[0.144s] Level 1:colcon.colcon_core.package_identification:_identify(src/talker_example) by extensions ['colcon_pkg']
[0.144s] Level 1:colcon.colcon_core.package_identification:_identify(src/talker_example) by extension 'colcon_pkg'
[0.144s] Level 1:colcon.colcon_core.package_identification:_identify(src/talker_example) by extensions ['colcon_meta']
[0.144s] Level 1:colcon.colcon_core.package_identification:_identify(src/talker_example) by extension 'colcon_meta'
[0.144s] Level 1:colcon.colcon_core.package_identification:_identify(src/talker_example) by extensions ['ros']
[0.144s] Level 1:colcon.colcon_core.package_identification:_identify(src/talker_example) by extension 'ros'
[0.145s] DEBUG:colcon.colcon_core.package_identification:Package 'src/talker_example' with type 'ros.ament_python' and name 'talker_example'
[0.145s] Level 1:colcon.colcon_core.package_discovery:discover_packages(recursive) using defaults
[0.145s] Level 1:colcon.colcon_core.package_discovery:discover_packages(ignore) discover
[0.145s] Level 1:colcon.colcon_core.package_discovery:discover_packages(ignore) using defaults
[0.145s] Level 1:colcon.colcon_core.package_discovery:discover_packages(path) discover
[0.145s] Level 1:colcon.colcon_core.package_discovery:discover_packages(path) using defaults
[0.160s] Level 1:colcon.colcon_core.package_discovery:discover_packages(prefix_path) check parameters
[0.160s] Level 1:colcon.colcon_core.package_discovery:discover_packages(prefix_path) discover
[0.161s] DEBUG:colcon.colcon_installed_package_information.package_discovery:Found 3 installed packages in /home/andyv/Desktop/turtlebot4/diem_turtlebot_ws/install
[0.162s] DEBUG:colcon.colcon_installed_package_information.package_discovery:Found 379 installed packages in /opt/ros/humble
[0.163s] Level 1:colcon.colcon_core.package_discovery:discover_packages(prefix_path) using defaults
[0.184s] Level 5:colcon.colcon_core.verb:set package 'diem_gazebo' build argument 'cmake_args' from command line to 'None'
[0.184s] Level 5:colcon.colcon_core.verb:set package 'diem_gazebo' build argument 'cmake_target' from command line to 'None'
[0.184s] Level 5:colcon.colcon_core.verb:set package 'diem_gazebo' build argument 'cmake_target_skip_unavailable' from command line to 'False'
[0.184s] Level 5:colcon.colcon_core.verb:set package 'diem_gazebo' build argument 'cmake_clean_cache' from command line to 'False'
[0.184s] Level 5:colcon.colcon_core.verb:set package 'diem_gazebo' build argument 'cmake_clean_first' from command line to 'False'
[0.184s] Level 5:colcon.colcon_core.verb:set package 'diem_gazebo' build argument 'cmake_force_configure' from command line to 'False'
[0.184s] Level 5:colcon.colcon_core.verb:set package 'diem_gazebo' build argument 'ament_cmake_args' from command line to 'None'
[0.184s] Level 5:colcon.colcon_core.verb:set package 'diem_gazebo' build argument 'catkin_cmake_args' from command line to 'None'
[0.184s] Level 5:colcon.colcon_core.verb:set package 'diem_gazebo' build argument 'catkin_skip_building_tests' from command line to 'False'
[0.184s] DEBUG:colcon.colcon_core.verb:Building package 'diem_gazebo' with the following arguments: {'ament_cmake_args': None, 'build_base': '/home/andyv/Desktop/turtlebot4/diem_turtlebot_ws/build/diem_gazebo', 'catkin_cmake_args': None, 'catkin_skip_building_tests': False, 'cmake_args': None, 'cmake_clean_cache': False, 'cmake_clean_first': False, 'cmake_force_configure': False, 'cmake_target': None, 'cmake_target_skip_unavailable': False, 'install_base': '/home/andyv/Desktop/turtlebot4/diem_turtlebot_ws/install/diem_gazebo', 'merge_install': False, 'path': '/home/andyv/Desktop/turtlebot4/diem_turtlebot_ws/src/diem_gazebo', 'symlink_install': False, 'test_result_base': None}
[0.184s] Level 5:colcon.colcon_core.verb:set package 'nav_pkg' build argument 'cmake_args' from command line to 'None'
[0.184s] Level 5:colcon.colcon_core.verb:set package 'nav_pkg' build argument 'cmake_target' from command line to 'None'
[0.184s] Level 5:colcon.colcon_core.verb:set package 'nav_pkg' build argument 'cmake_target_skip_unavailable' from command line to 'False'
[0.184s] Level 5:colcon.colcon_core.verb:set package 'nav_pkg' build argument 'cmake_clean_cache' from command line to 'False'
[0.184s] Level 5:colcon.colcon_core.verb:set package 'nav_pkg' build argument 'cmake_clean_first' from command line to 'False'
[0.184s] Level 5:colcon.colcon_core.verb:set package 'nav_pkg' build argument 'cmake_force_configure' from command line to 'False'
[0.184s] Level 5:colcon.colcon_core.verb:set package 'nav_pkg' build argument 'ament_cmake_args' from command line to 'None'
[0.184s] Level 5:colcon.colcon_core.verb:set package 'nav_pkg' build argument 'catkin_cmake_args' from command line to 'None'
[0.184s] Level 5:colcon.colcon_core.verb:set package 'nav_pkg' build argument 'catkin_skip_building_tests' from command line to 'False'
[0.185s] DEBUG:colcon.colcon_core.verb:Building package 'nav_pkg' with the following arguments: {'ament_cmake_args': None, 'build_base': '/home/andyv/Desktop/turtlebot4/diem_turtlebot_ws/build/nav_pkg', 'catkin_cmake_args': None, 'catkin_skip_building_tests': False, 'cmake_args': None, 'cmake_clean_cache': False, 'cmake_clean_first': False, 'cmake_force_configure': False, 'cmake_target': None, 'cmake_target_skip_unavailable': False, 'install_base': '/home/andyv/Desktop/turtlebot4/diem_turtlebot_ws/install/nav_pkg', 'merge_install': False, 'path': '/home/andyv/Desktop/turtlebot4/diem_turtlebot_ws/src/nav_pkg', 'symlink_install': False, 'test_result_base': None}
[0.185s] Level 5:colcon.colcon_core.verb:set package 'talker_example' build argument 'cmake_args' from command line to 'None'
[0.185s] Level 5:colcon.colcon_core.verb:set package 'talker_example' build argument 'cmake_target' from command line to 'None'
[0.185s] Level 5:colcon.colcon_core.verb:set package 'talker_example' build argument 'cmake_target_skip_unavailable' from command line to 'False'
[0.185s] Level 5:colcon.colcon_core.verb:set package 'talker_example' build argument 'cmake_clean_cache' from command line to 'False'
[0.185s] Level 5:colcon.colcon_core.verb:set package 'talker_example' build argument 'cmake_clean_first' from command line to 'False'
[0.185s] Level 5:colcon.colcon_core.verb:set package 'talker_example' build argument 'cmake_force_configure' from command line to 'False'
[0.185s] Level 5:colcon.colcon_core.verb:set package 'talker_example' build argument 'ament_cmake_args' from command line to 'None'
[0.185s] Level 5:colcon.colcon_core.verb:set package 'talker_example' build argument 'catkin_cmake_args' from command line to 'None'
[0.185s] Level 5:colcon.colcon_core.verb:set package 'talker_example' build argument 'catkin_skip_building_tests' from command line to 'False'
[0.185s] DEBUG:colcon.colcon_core.verb:Building package 'talker_example' with the following arguments: {'ament_cmake_args': None, 'build_base': '/home/andyv/Desktop/turtlebot4/diem_turtlebot_ws/build/talker_example', 'catkin_cmake_args': None, 'catkin_skip_building_tests': False, 'cmake_args': None, 'cmake_clean_cache': False, 'cmake_clean_first': False, 'cmake_force_configure': False, 'cmake_target': None, 'cmake_target_skip_unavailable': False, 'install_base': '/home/andyv/Desktop/turtlebot4/diem_turtlebot_ws/install/talker_example', 'merge_install': False, 'path': '/home/andyv/Desktop/turtlebot4/diem_turtlebot_ws/src/talker_example', 'symlink_install': False, 'test_result_base': None}
[0.185s] INFO:colcon.colcon_core.executor:Executing jobs using 'parallel' executor
[0.185s] DEBUG:colcon.colcon_parallel_executor.executor.parallel:run_until_complete
[0.186s] INFO:colcon.colcon_ros.task.ament_python.build:Building ROS package in '/home/andyv/Desktop/turtlebot4/diem_turtlebot_ws/src/diem_gazebo' with build type 'ament_python'
[0.186s] Level 1:colcon.colcon_core.shell:create_environment_hook('diem_gazebo', 'ament_prefix_path')
[0.187s] INFO:colcon.colcon_core.plugin_system:Skipping extension 'colcon_core.shell.bat': Not used on non-Windows systems
[0.187s] INFO:colcon.colcon_core.shell:Creating environment hook '/home/andyv/Desktop/turtlebot4/diem_turtlebot_ws/install/diem_gazebo/share/diem_gazebo/hook/ament_prefix_path.ps1'
[0.187s] INFO:colcon.colcon_core.shell:Creating environment descriptor '/home/andyv/Desktop/turtlebot4/diem_turtlebot_ws/install/diem_gazebo/share/diem_gazebo/hook/ament_prefix_path.dsv'
[0.187s] INFO:colcon.colcon_core.shell:Creating environment hook '/home/andyv/Desktop/turtlebot4/diem_turtlebot_ws/install/diem_gazebo/share/diem_gazebo/hook/ament_prefix_path.sh'
[0.188s] INFO:colcon.colcon_core.shell:Skip shell extension 'powershell' for command environment: Not usable outside of PowerShell
[0.188s] DEBUG:colcon.colcon_core.shell:Skip shell extension 'dsv' for command environment
[0.189s] INFO:colcon.colcon_ros.task.ament_python.build:Building ROS package in '/home/andyv/Desktop/turtlebot4/diem_turtlebot_ws/src/nav_pkg' with build type 'ament_python'
[0.190s] Level 1:colcon.colcon_core.shell:create_environment_hook('nav_pkg', 'ament_prefix_path')
[0.190s] INFO:colcon.colcon_core.shell:Creating environment hook '/home/andyv/Desktop/turtlebot4/diem_turtlebot_ws/install/nav_pkg/share/nav_pkg/hook/ament_prefix_path.ps1'
[0.190s] INFO:colcon.colcon_core.shell:Creating environment descriptor '/home/andyv/Desktop/turtlebot4/diem_turtlebot_ws/install/nav_pkg/share/nav_pkg/hook/ament_prefix_path.dsv'
[0.190s] INFO:colcon.colcon_core.shell:Creating environment hook '/home/andyv/Desktop/turtlebot4/diem_turtlebot_ws/install/nav_pkg/share/nav_pkg/hook/ament_prefix_path.sh'
[0.190s] INFO:colcon.colcon_core.shell:Skip shell extension 'powershell' for command environment: Not usable outside of PowerShell
[0.190s] DEBUG:colcon.colcon_core.shell:Skip shell extension 'dsv' for command environment
[0.192s] INFO:colcon.colcon_ros.task.ament_python.build:Building ROS package in '/home/andyv/Desktop/turtlebot4/diem_turtlebot_ws/src/talker_example' with build type 'ament_python'
[0.192s] Level 1:colcon.colcon_core.shell:create_environment_hook('talker_example', 'ament_prefix_path')
[0.192s] INFO:colcon.colcon_core.shell:Creating environment hook '/home/andyv/Desktop/turtlebot4/diem_turtlebot_ws/install/talker_example/share/talker_example/hook/ament_prefix_path.ps1'
[0.192s] INFO:colcon.colcon_core.shell:Creating environment descriptor '/home/andyv/Desktop/turtlebot4/diem_turtlebot_ws/install/talker_example/share/talker_example/hook/ament_prefix_path.dsv'
[0.192s] INFO:colcon.colcon_core.shell:Creating environment hook '/home/andyv/Desktop/turtlebot4/diem_turtlebot_ws/install/talker_example/share/talker_example/hook/ament_prefix_path.sh'
[0.193s] INFO:colcon.colcon_core.shell:Skip shell extension 'powershell' for command environment: Not usable outside of PowerShell
[0.193s] DEBUG:colcon.colcon_core.shell:Skip shell extension 'dsv' for command environment
[0.322s] INFO:colcon.colcon_core.task.python.build:Building Python package in '/home/andyv/Desktop/turtlebot4/diem_turtlebot_ws/src/diem_gazebo'
[0.322s] INFO:colcon.colcon_core.shell:Skip shell extension 'powershell' for command environment: Not usable outside of PowerShell
[0.322s] DEBUG:colcon.colcon_core.shell:Skip shell extension 'dsv' for command environment
[0.451s] INFO:colcon.colcon_core.task.python.build:Building Python package in '/home/andyv/Desktop/turtlebot4/diem_turtlebot_ws/src/nav_pkg'
[0.451s] INFO:colcon.colcon_core.shell:Skip shell extension 'powershell' for command environment: Not usable outside of PowerShell
[0.451s] DEBUG:colcon.colcon_core.shell:Skip shell extension 'dsv' for command environment
[0.579s] INFO:colcon.colcon_core.task.python.build:Building Python package in '/home/andyv/Desktop/turtlebot4/diem_turtlebot_ws/src/talker_example'
[0.579s] INFO:colcon.colcon_core.shell:Skip shell extension 'powershell' for command environment: Not usable outside of PowerShell
[0.579s] DEBUG:colcon.colcon_core.shell:Skip shell extension 'dsv' for command environment
[0.775s] DEBUG:colcon.colcon_core.event_handler.log_command:Invoking command in '/home/andyv/Desktop/turtlebot4/diem_turtlebot_ws/src/diem_gazebo': PYTHONPATH=/home/andyv/Desktop/turtlebot4/diem_turtlebot_ws/build/diem_gazebo/prefix_override:/home/andyv/Desktop/turtlebot4/diem_turtlebot_ws/install/diem_gazebo/lib/python3.10/site-packages:${PYTHONPATH} /usr/bin/python3 -W ignore:setup.py install is deprecated setup.py egg_info --egg-base ../../build/diem_gazebo build --build-base /home/andyv/Desktop/turtlebot4/diem_turtlebot_ws/build/diem_gazebo/build install --record /home/andyv/Desktop/turtlebot4/diem_turtlebot_ws/build/diem_gazebo/install.log --single-version-externally-managed install_data
[0.779s] DEBUG:colcon.colcon_core.event_handler.log_command:Invoking command in '/home/andyv/Desktop/turtlebot4/diem_turtlebot_ws/src/nav_pkg': PYTHONPATH=/home/andyv/Desktop/turtlebot4/diem_turtlebot_ws/build/nav_pkg/prefix_override:/home/andyv/Desktop/turtlebot4/diem_turtlebot_ws/install/nav_pkg/lib/python3.10/site-packages:${PYTHONPATH} /usr/bin/python3 -W ignore:setup.py install is deprecated setup.py egg_info --egg-base ../../build/nav_pkg build --build-base /home/andyv/Desktop/turtlebot4/diem_turtlebot_ws/build/nav_pkg/build install --record /home/andyv/Desktop/turtlebot4/diem_turtlebot_ws/build/nav_pkg/install.log --single-version-externally-managed install_data
[0.780s] DEBUG:colcon.colcon_core.event_handler.log_command:Invoking command in '/home/andyv/Desktop/turtlebot4/diem_turtlebot_ws/src/talker_example': PYTHONPATH=/home/andyv/Desktop/turtlebot4/diem_turtlebot_ws/build/talker_example/prefix_override:/home/andyv/Desktop/turtlebot4/diem_turtlebot_ws/install/talker_example/lib/python3.10/site-packages:${PYTHONPATH} /usr/bin/python3 -W ignore:setup.py install is deprecated setup.py egg_info --egg-base ../../build/talker_example build --build-base /home/andyv/Desktop/turtlebot4/diem_turtlebot_ws/build/talker_example/build install --record /home/andyv/Desktop/turtlebot4/diem_turtlebot_ws/build/talker_example/install.log --single-version-externally-managed install_data
[0.937s] DEBUG:colcon.colcon_core.event_handler.log_command:Invoked command in '/home/andyv/Desktop/turtlebot4/diem_turtlebot_ws/src/diem_gazebo' returned '0': PYTHONPATH=/home/andyv/Desktop/turtlebot4/diem_turtlebot_ws/build/diem_gazebo/prefix_override:/home/andyv/Desktop/turtlebot4/diem_turtlebot_ws/install/diem_gazebo/lib/python3.10/site-packages:${PYTHONPATH} /usr/bin/python3 -W ignore:setup.py install is deprecated setup.py egg_info --egg-base ../../build/diem_gazebo build --build-base /home/andyv/Desktop/turtlebot4/diem_turtlebot_ws/build/diem_gazebo/build install --record /home/andyv/Desktop/turtlebot4/diem_turtlebot_ws/build/diem_gazebo/install.log --single-version-externally-managed install_data
[0.938s] Level 1:colcon.colcon_core.environment:checking '/home/andyv/Desktop/turtlebot4/diem_turtlebot_ws/install/diem_gazebo' for CMake module files
[0.938s] Level 1:colcon.colcon_core.environment:checking '/home/andyv/Desktop/turtlebot4/diem_turtlebot_ws/install/diem_gazebo' for CMake config files
[0.938s] Level 1:colcon.colcon_core.environment:checking '/home/andyv/Desktop/turtlebot4/diem_turtlebot_ws/install/diem_gazebo/lib'
[0.938s] Level 1:colcon.colcon_core.environment:checking '/home/andyv/Desktop/turtlebot4/diem_turtlebot_ws/install/diem_gazebo/bin'
[0.938s] Level 1:colcon.colcon_core.environment:checking '/home/andyv/Desktop/turtlebot4/diem_turtlebot_ws/install/diem_gazebo/lib/pkgconfig/diem_gazebo.pc'
[0.939s] Level 1:colcon.colcon_core.environment:checking '/home/andyv/Desktop/turtlebot4/diem_turtlebot_ws/install/diem_gazebo/lib/python3.10/site-packages'
[0.939s] Level 1:colcon.colcon_core.shell:create_environment_hook('diem_gazebo', 'pythonpath')
[0.939s] INFO:colcon.colcon_core.shell:Creating environment hook '/home/andyv/Desktop/turtlebot4/diem_turtlebot_ws/install/diem_gazebo/share/diem_gazebo/hook/pythonpath.ps1'
[0.939s] INFO:colcon.colcon_core.shell:Creating environment descriptor '/home/andyv/Desktop/turtlebot4/diem_turtlebot_ws/install/diem_gazebo/share/diem_gazebo/hook/pythonpath.dsv'
[0.939s] INFO:colcon.colcon_core.shell:Creating environment hook '/home/andyv/Desktop/turtlebot4/diem_turtlebot_ws/install/diem_gazebo/share/diem_gazebo/hook/pythonpath.sh'
[0.939s] Level 1:colcon.colcon_core.environment:checking '/home/andyv/Desktop/turtlebot4/diem_turtlebot_ws/install/diem_gazebo/bin'
[0.939s] Level 1:colcon.colcon_core.environment:create_environment_scripts_only(diem_gazebo)
[0.940s] INFO:colcon.colcon_core.shell:Creating package script '/home/andyv/Desktop/turtlebot4/diem_turtlebot_ws/install/diem_gazebo/share/diem_gazebo/package.ps1'
[0.940s] INFO:colcon.colcon_core.shell:Creating package descriptor '/home/andyv/Desktop/turtlebot4/diem_turtlebot_ws/install/diem_gazebo/share/diem_gazebo/package.dsv'
[0.940s] INFO:colcon.colcon_core.shell:Creating package script '/home/andyv/Desktop/turtlebot4/diem_turtlebot_ws/install/diem_gazebo/share/diem_gazebo/package.sh'
[0.941s] INFO:colcon.colcon_core.shell:Creating package script '/home/andyv/Desktop/turtlebot4/diem_turtlebot_ws/install/diem_gazebo/share/diem_gazebo/package.bash'
[0.941s] INFO:colcon.colcon_core.shell:Creating package script '/home/andyv/Desktop/turtlebot4/diem_turtlebot_ws/install/diem_gazebo/share/diem_gazebo/package.zsh'
[0.941s] Level 1:colcon.colcon_core.environment:create_file_with_runtime_dependencies(/home/andyv/Desktop/turtlebot4/diem_turtlebot_ws/install/diem_gazebo/share/colcon-core/packages/diem_gazebo)
[0.942s] Level 1:colcon.colcon_core.environment:checking '/home/andyv/Desktop/turtlebot4/diem_turtlebot_ws/install/nav_pkg' for CMake module files
[0.942s] Level 1:colcon.colcon_core.environment:checking '/home/andyv/Desktop/turtlebot4/diem_turtlebot_ws/install/nav_pkg' for CMake config files
[0.942s] DEBUG:colcon.colcon_core.event_handler.log_command:Invoked command in '/home/andyv/Desktop/turtlebot4/diem_turtlebot_ws/src/nav_pkg' returned '0': PYTHONPATH=/home/andyv/Desktop/turtlebot4/diem_turtlebot_ws/build/nav_pkg/prefix_override:/home/andyv/Desktop/turtlebot4/diem_turtlebot_ws/install/nav_pkg/lib/python3.10/site-packages:${PYTHONPATH} /usr/bin/python3 -W ignore:setup.py install is deprecated setup.py egg_info --egg-base ../../build/nav_pkg build --build-base /home/andyv/Desktop/turtlebot4/diem_turtlebot_ws/build/nav_pkg/build install --record /home/andyv/Desktop/turtlebot4/diem_turtlebot_ws/build/nav_pkg/install.log --single-version-externally-managed install_data
[0.943s] Level 1:colcon.colcon_core.environment:checking '/home/andyv/Desktop/turtlebot4/diem_turtlebot_ws/install/nav_pkg/lib'
[0.943s] Level 1:colcon.colcon_core.environment:checking '/home/andyv/Desktop/turtlebot4/diem_turtlebot_ws/install/nav_pkg/bin'
[0.943s] Level 1:colcon.colcon_core.environment:checking '/home/andyv/Desktop/turtlebot4/diem_turtlebot_ws/install/nav_pkg/lib/pkgconfig/nav_pkg.pc'
[0.943s] Level 1:colcon.colcon_core.environment:checking '/home/andyv/Desktop/turtlebot4/diem_turtlebot_ws/install/nav_pkg/lib/python3.10/site-packages'
[0.943s] Level 1:colcon.colcon_core.shell:create_environment_hook('nav_pkg', 'pythonpath')
[0.943s] INFO:colcon.colcon_core.shell:Creating environment hook '/home/andyv/Desktop/turtlebot4/diem_turtlebot_ws/install/nav_pkg/share/nav_pkg/hook/pythonpath.ps1'
[0.943s] INFO:colcon.colcon_core.shell:Creating environment descriptor '/home/andyv/Desktop/turtlebot4/diem_turtlebot_ws/install/nav_pkg/share/nav_pkg/hook/pythonpath.dsv'
[0.943s] INFO:colcon.colcon_core.shell:Creating environment hook '/home/andyv/Desktop/turtlebot4/diem_turtlebot_ws/install/nav_pkg/share/nav_pkg/hook/pythonpath.sh'
[0.944s] Level 1:colcon.colcon_core.environment:checking '/home/andyv/Desktop/turtlebot4/diem_turtlebot_ws/install/nav_pkg/bin'
[0.944s] Level 1:colcon.colcon_core.environment:create_environment_scripts_only(nav_pkg)
[0.944s] INFO:colcon.colcon_core.shell:Creating package script '/home/andyv/Desktop/turtlebot4/diem_turtlebot_ws/install/nav_pkg/share/nav_pkg/package.ps1'
[0.944s] INFO:colcon.colcon_core.shell:Creating package descriptor '/home/andyv/Desktop/turtlebot4/diem_turtlebot_ws/install/nav_pkg/share/nav_pkg/package.dsv'
[0.944s] INFO:colcon.colcon_core.shell:Creating package script '/home/andyv/Desktop/turtlebot4/diem_turtlebot_ws/install/nav_pkg/share/nav_pkg/package.sh'
[0.944s] INFO:colcon.colcon_core.shell:Creating package script '/home/andyv/Desktop/turtlebot4/diem_turtlebot_ws/install/nav_pkg/share/nav_pkg/package.bash'
[0.944s] INFO:colcon.colcon_core.shell:Creating package script '/home/andyv/Desktop/turtlebot4/diem_turtlebot_ws/install/nav_pkg/share/nav_pkg/package.zsh'
[0.945s] Level 1:colcon.colcon_core.environment:create_file_with_runtime_dependencies(/home/andyv/Desktop/turtlebot4/diem_turtlebot_ws/install/nav_pkg/share/colcon-core/packages/nav_pkg)
[0.945s] Level 1:colcon.colcon_core.environment:checking '/home/andyv/Desktop/turtlebot4/diem_turtlebot_ws/install/talker_example' for CMake module files
[0.946s] DEBUG:colcon.colcon_core.event_handler.log_command:Invoked command in '/home/andyv/Desktop/turtlebot4/diem_turtlebot_ws/src/talker_example' returned '0': PYTHONPATH=/home/andyv/Desktop/turtlebot4/diem_turtlebot_ws/build/talker_example/prefix_override:/home/andyv/Desktop/turtlebot4/diem_turtlebot_ws/install/talker_example/lib/python3.10/site-packages:${PYTHONPATH} /usr/bin/python3 -W ignore:setup.py install is deprecated setup.py egg_info --egg-base ../../build/talker_example build --build-base /home/andyv/Desktop/turtlebot4/diem_turtlebot_ws/build/talker_example/build install --record /home/andyv/Desktop/turtlebot4/diem_turtlebot_ws/build/talker_example/install.log --single-version-externally-managed install_data
[0.946s] Level 1:colcon.colcon_core.environment:checking '/home/andyv/Desktop/turtlebot4/diem_turtlebot_ws/install/talker_example' for CMake config files
[0.946s] Level 1:colcon.colcon_core.environment:checking '/home/andyv/Desktop/turtlebot4/diem_turtlebot_ws/install/talker_example/lib'
[0.946s] Level 1:colcon.colcon_core.environment:checking '/home/andyv/Desktop/turtlebot4/diem_turtlebot_ws/install/talker_example/bin'
[0.946s] Level 1:colcon.colcon_core.environment:checking '/home/andyv/Desktop/turtlebot4/diem_turtlebot_ws/install/talker_example/lib/pkgconfig/talker_example.pc'
[0.946s] Level 1:colcon.colcon_core.environment:checking '/home/andyv/Desktop/turtlebot4/diem_turtlebot_ws/install/talker_example/lib/python3.10/site-packages'
[0.946s] Level 1:colcon.colcon_core.shell:create_environment_hook('talker_example', 'pythonpath')
[0.946s] INFO:colcon.colcon_core.shell:Creating environment hook '/home/andyv/Desktop/turtlebot4/diem_turtlebot_ws/install/talker_example/share/talker_example/hook/pythonpath.ps1'
[0.946s] INFO:colcon.colcon_core.shell:Creating environment descriptor '/home/andyv/Desktop/turtlebot4/diem_turtlebot_ws/install/talker_example/share/talker_example/hook/pythonpath.dsv'
[0.947s] INFO:colcon.colcon_core.shell:Creating environment hook '/home/andyv/Desktop/turtlebot4/diem_turtlebot_ws/install/talker_example/share/talker_example/hook/pythonpath.sh'
[0.947s] Level 1:colcon.colcon_core.environment:checking '/home/andyv/Desktop/turtlebot4/diem_turtlebot_ws/install/talker_example/bin'
[0.947s] Level 1:colcon.colcon_core.environment:create_environment_scripts_only(talker_example)
[0.947s] INFO:colcon.colcon_core.shell:Creating package script '/home/andyv/Desktop/turtlebot4/diem_turtlebot_ws/install/talker_example/share/talker_example/package.ps1'
[0.947s] INFO:colcon.colcon_core.shell:Creating package descriptor '/home/andyv/Desktop/turtlebot4/diem_turtlebot_ws/install/talker_example/share/talker_example/package.dsv'
[0.947s] INFO:colcon.colcon_core.shell:Creating package script '/home/andyv/Desktop/turtlebot4/diem_turtlebot_ws/install/talker_example/share/talker_example/package.sh'
[0.948s] INFO:colcon.colcon_core.shell:Creating package script '/home/andyv/Desktop/turtlebot4/diem_turtlebot_ws/install/talker_example/share/talker_example/package.bash'
[0.948s] INFO:colcon.colcon_core.shell:Creating package script '/home/andyv/Desktop/turtlebot4/diem_turtlebot_ws/install/talker_example/share/talker_example/package.zsh'
[0.948s] Level 1:colcon.colcon_core.environment:create_file_with_runtime_dependencies(/home/andyv/Desktop/turtlebot4/diem_turtlebot_ws/install/talker_example/share/colcon-core/packages/talker_example)
[0.948s] DEBUG:colcon.colcon_parallel_executor.executor.parallel:closing loop
[0.948s] DEBUG:colcon.colcon_parallel_executor.executor.parallel:loop closed
[0.948s] DEBUG:colcon.colcon_parallel_executor.executor.parallel:run_until_complete finished with '0'
[0.948s] DEBUG:colcon.colcon_core.event_reactor:joining thread
[0.952s] INFO:colcon.colcon_core.plugin_system:Skipping extension 'colcon_notification.desktop_notification.terminal_notifier': Not used on non-Darwin systems
[0.952s] INFO:colcon.colcon_core.plugin_system:Skipping extension 'colcon_notification.desktop_notification.win32': Not used on non-Windows systems
[0.952s] INFO:colcon.colcon_notification.desktop_notification:Sending desktop notification using 'notify2'
[0.960s] DEBUG:colcon.colcon_core.event_reactor:joined thread
[0.960s] INFO:colcon.colcon_core.shell:Creating prefix script '/home/andyv/Desktop/turtlebot4/diem_turtlebot_ws/install/local_setup.ps1'
[0.961s] INFO:colcon.colcon_core.shell:Creating prefix util module '/home/andyv/Desktop/turtlebot4/diem_turtlebot_ws/install/_local_setup_util_ps1.py'
[0.962s] INFO:colcon.colcon_core.shell:Creating prefix chain script '/home/andyv/Desktop/turtlebot4/diem_turtlebot_ws/install/setup.ps1'
[0.962s] INFO:colcon.colcon_core.shell:Creating prefix script '/home/andyv/Desktop/turtlebot4/diem_turtlebot_ws/install/local_setup.sh'
[0.962s] INFO:colcon.colcon_core.shell:Creating prefix util module '/home/andyv/Desktop/turtlebot4/diem_turtlebot_ws/install/_local_setup_util_sh.py'
[0.963s] INFO:colcon.colcon_core.shell:Creating prefix chain script '/home/andyv/Desktop/turtlebot4/diem_turtlebot_ws/install/setup.sh'
[0.963s] INFO:colcon.colcon_core.shell:Creating prefix script '/home/andyv/Desktop/turtlebot4/diem_turtlebot_ws/install/local_setup.bash'
[0.963s] INFO:colcon.colcon_core.shell:Creating prefix chain script '/home/andyv/Desktop/turtlebot4/diem_turtlebot_ws/install/setup.bash'
[0.964s] INFO:colcon.colcon_core.shell:Creating prefix script '/home/andyv/Desktop/turtlebot4/diem_turtlebot_ws/install/local_setup.zsh'
[0.964s] INFO:colcon.colcon_core.shell:Creating prefix chain script '/home/andyv/Desktop/turtlebot4/diem_turtlebot_ws/install/setup.zsh'
