[0.056s] DEBUG:colcon:Command line arguments: ['/usr/bin/colcon', 'build', '--symlink-install']
[0.057s] DEBUG:colcon:Parsed command line arguments: Namespace(log_base=None, log_level=None, verb_name='build', build_base='build', install_base='install', merge_install=False, symlink_install=True, test_result_base=None, continue_on_error=False, executor='parallel', parallel_workers=20, event_handlers=None, ignore_user_meta=False, metas=['./colcon.meta'], base_paths=['.'], packages_ignore=None, packages_ignore_regex=None, paths=None, packages_up_to=None, packages_up_to_regex=None, packages_above=None, packages_above_and_dependencies=None, packages_above_depth=None, packages_select_by_dep=None, packages_skip_by_dep=None, packages_skip_up_to=None, packages_select_build_failed=False, packages_skip_build_finished=False, packages_select_test_failures=False, packages_skip_test_passed=False, packages_select=None, packages_skip=None, packages_select_regex=None, packages_skip_regex=None, packages_start=None, packages_end=None, allow_overriding=[], cmake_args=None, cmake_target=None, cmake_target_skip_unavailable=False, cmake_clean_cache=False, cmake_clean_first=False, cmake_force_configure=False, ament_cmake_args=None, catkin_cmake_args=None, catkin_skip_building_tests=False, mixin_files=None, mixin=None, verb_parser=<colcon_mixin.mixin.mixin_argument.MixinArgumentDecorator object at 0x7eaf8c64aef0>, verb_extension=<colcon_core.verb.build.BuildVerb object at 0x7eaf8c64a920>, main=<bound method BuildVerb.main of <colcon_core.verb.build.BuildVerb object at 0x7eaf8c64a920>>, mixin_verb=('build',))
[0.233s] Level 1:colcon.colcon_core.package_discovery:discover_packages(colcon_meta) check parameters
[0.233s] Level 1:colcon.colcon_core.package_discovery:discover_packages(recursive) check parameters
[0.233s] Level 1:colcon.colcon_core.package_discovery:discover_packages(ignore) check parameters
[0.233s] Level 1:colcon.colcon_core.package_discovery:discover_packages(path) check parameters
[0.233s] Level 1:colcon.colcon_core.package_discovery:discover_packages(colcon_meta) discover
[0.233s] Level 1:colcon.colcon_core.package_discovery:discover_packages(recursive) discover
[0.233s] INFO:colcon.colcon_core.package_discovery:Crawling recursively for packages in '/home/andyv/Desktop/turtlebot4/diem_turtlebot_ws'
[0.233s] Level 1:colcon.colcon_core.package_identification:_identify(.) by extensions ['ignore', 'ignore_ament_install']
[0.233s] Level 1:colcon.colcon_core.package_identification:_identify(.) by extension 'ignore'
[0.233s] Level 1:colcon.colcon_core.package_identification:_identify(.) by extension 'ignore_ament_install'
[0.233s] Level 1:colcon.colcon_core.package_identification:_identify(.) by extensions ['colcon_pkg']
[0.233s] Level 1:colcon.colcon_core.package_identification:_identify(.) by extension 'colcon_pkg'
[0.233s] Level 1:colcon.colcon_core.package_identification:_identify(.) by extensions ['colcon_meta']
[0.233s] Level 1:colcon.colcon_core.package_identification:_identify(.) by extension 'colcon_meta'
[0.233s] Level 1:colcon.colcon_core.package_identification:_identify(.) by extensions ['ros']
[0.233s] Level 1:colcon.colcon_core.package_identification:_identify(.) by extension 'ros'
[0.241s] Level 1:colcon.colcon_core.package_identification:_identify(.) by extensions ['cmake', 'python']
[0.241s] Level 1:colcon.colcon_core.package_identification:_identify(.) by extension 'cmake'
[0.241s] Level 1:colcon.colcon_core.package_identification:_identify(.) by extension 'python'
[0.241s] Level 1:colcon.colcon_core.package_identification:_identify(.) by extensions ['python_setup_py']
[0.241s] Level 1:colcon.colcon_core.package_identification:_identify(.) by extension 'python_setup_py'
[0.241s] Level 1:colcon.colcon_core.package_identification:_identify(build) by extensions ['ignore', 'ignore_ament_install']
[0.241s] Level 1:colcon.colcon_core.package_identification:_identify(build) by extension 'ignore'
[0.241s] Level 1:colcon.colcon_core.package_identification:_identify(build) ignored
[0.241s] Level 1:colcon.colcon_core.package_identification:_identify(install) by extensions ['ignore', 'ignore_ament_install']
[0.241s] Level 1:colcon.colcon_core.package_identification:_identify(install) by extension 'ignore'
[0.241s] Level 1:colcon.colcon_core.package_identification:_identify(install) ignored
[0.241s] Level 1:colcon.colcon_core.package_identification:_identify(log) by extensions ['ignore', 'ignore_ament_install']
[0.241s] Level 1:colcon.colcon_core.package_identification:_identify(log) by extension 'ignore'
[0.241s] Level 1:colcon.colcon_core.package_identification:_identify(log) ignored
[0.242s] Level 1:colcon.colcon_core.package_identification:_identify(src) by extensions ['ignore', 'ignore_ament_install']
[0.242s] Level 1:colcon.colcon_core.package_identification:_identify(src) by extension 'ignore'
[0.242s] Level 1:colcon.colcon_core.package_identification:_identify(src) by extension 'ignore_ament_install'
[0.242s] Level 1:colcon.colcon_core.package_identification:_identify(src) by extensions ['colcon_pkg']
[0.242s] Level 1:colcon.colcon_core.package_identification:_identify(src) by extension 'colcon_pkg'
[0.242s] Level 1:colcon.colcon_core.package_identification:_identify(src) by extensions ['colcon_meta']
[0.242s] Level 1:colcon.colcon_core.package_identification:_identify(src) by extension 'colcon_meta'
[0.242s] Level 1:colcon.colcon_core.package_identification:_identify(src) by extensions ['ros']
[0.242s] Level 1:colcon.colcon_core.package_identification:_identify(src) by extension 'ros'
[0.242s] Level 1:colcon.colcon_core.package_identification:_identify(src) by extensions ['cmake', 'python']
[0.242s] Level 1:colcon.colcon_core.package_identification:_identify(src) by extension 'cmake'
[0.242s] Level 1:colcon.colcon_core.package_identification:_identify(src) by extension 'python'
[0.242s] Level 1:colcon.colcon_core.package_identification:_identify(src) by extensions ['python_setup_py']
[0.242s] Level 1:colcon.colcon_core.package_identification:_identify(src) by extension 'python_setup_py'
[0.242s] Level 1:colcon.colcon_core.package_identification:_identify(src/diem_gazebo) by extensions ['ignore', 'ignore_ament_install']
[0.242s] Level 1:colcon.colcon_core.package_identification:_identify(src/diem_gazebo) by extension 'ignore'
[0.242s] Level 1:colcon.colcon_core.package_identification:_identify(src/diem_gazebo) by extension 'ignore_ament_install'
[0.242s] Level 1:colcon.colcon_core.package_identification:_identify(src/diem_gazebo) by extensions ['colcon_pkg']
[0.242s] Level 1:colcon.colcon_core.package_identification:_identify(src/diem_gazebo) by extension 'colcon_pkg'
[0.242s] Level 1:colcon.colcon_core.package_identification:_identify(src/diem_gazebo) by extensions ['colcon_meta']
[0.242s] Level 1:colcon.colcon_core.package_identification:_identify(src/diem_gazebo) by extension 'colcon_meta'
[0.242s] Level 1:colcon.colcon_core.package_identification:_identify(src/diem_gazebo) by extensions ['ros']
[0.242s] Level 1:colcon.colcon_core.package_identification:_identify(src/diem_gazebo) by extension 'ros'
[0.244s] DEBUG:colcon.colcon_core.package_identification:Package 'src/diem_gazebo' with type 'ros.ament_python' and name 'diem_gazebo'
[0.244s] Level 1:colcon.colcon_core.package_identification:_identify(src/map) by extensions ['ignore', 'ignore_ament_install']
[0.244s] Level 1:colcon.colcon_core.package_identification:_identify(src/map) by extension 'ignore'
[0.244s] Level 1:colcon.colcon_core.package_identification:_identify(src/map) by extension 'ignore_ament_install'
[0.244s] Level 1:colcon.colcon_core.package_identification:_identify(src/map) by extensions ['colcon_pkg']
[0.244s] Level 1:colcon.colcon_core.package_identification:_identify(src/map) by extension 'colcon_pkg'
[0.244s] Level 1:colcon.colcon_core.package_identification:_identify(src/map) by extensions ['colcon_meta']
[0.244s] Level 1:colcon.colcon_core.package_identification:_identify(src/map) by extension 'colcon_meta'
[0.244s] Level 1:colcon.colcon_core.package_identification:_identify(src/map) by extensions ['ros']
[0.244s] Level 1:colcon.colcon_core.package_identification:_identify(src/map) by extension 'ros'
[0.244s] Level 1:colcon.colcon_core.package_identification:_identify(src/map) by extensions ['cmake', 'python']
[0.244s] Level 1:colcon.colcon_core.package_identification:_identify(src/map) by extension 'cmake'
[0.244s] Level 1:colcon.colcon_core.package_identification:_identify(src/map) by extension 'python'
[0.244s] Level 1:colcon.colcon_core.package_identification:_identify(src/map) by extensions ['python_setup_py']
[0.244s] Level 1:colcon.colcon_core.package_identification:_identify(src/map) by extension 'python_setup_py'
[0.244s] Level 1:colcon.colcon_core.package_identification:_identify(src/nav_pkg) by extensions ['ignore', 'ignore_ament_install']
[0.244s] Level 1:colcon.colcon_core.package_identification:_identify(src/nav_pkg) by extension 'ignore'
[0.244s] Level 1:colcon.colcon_core.package_identification:_identify(src/nav_pkg) by extension 'ignore_ament_install'
[0.244s] Level 1:colcon.colcon_core.package_identification:_identify(src/nav_pkg) by extensions ['colcon_pkg']
[0.244s] Level 1:colcon.colcon_core.package_identification:_identify(src/nav_pkg) by extension 'colcon_pkg'
[0.245s] Level 1:colcon.colcon_core.package_identification:_identify(src/nav_pkg) by extensions ['colcon_meta']
[0.245s] Level 1:colcon.colcon_core.package_identification:_identify(src/nav_pkg) by extension 'colcon_meta'
[0.245s] Level 1:colcon.colcon_core.package_identification:_identify(src/nav_pkg) by extensions ['ros']
[0.245s] Level 1:colcon.colcon_core.package_identification:_identify(src/nav_pkg) by extension 'ros'
[0.245s] DEBUG:colcon.colcon_core.package_identification:Package 'src/nav_pkg' with type 'ros.ament_python' and name 'nav_pkg'
[0.245s] Level 1:colcon.colcon_core.package_identification:_identify(src/qr_commander) by extensions ['ignore', 'ignore_ament_install']
[0.245s] Level 1:colcon.colcon_core.package_identification:_identify(src/qr_commander) by extension 'ignore'
[0.245s] Level 1:colcon.colcon_core.package_identification:_identify(src/qr_commander) by extension 'ignore_ament_install'
[0.245s] Level 1:colcon.colcon_core.package_identification:_identify(src/qr_commander) by extensions ['colcon_pkg']
[0.245s] Level 1:colcon.colcon_core.package_identification:_identify(src/qr_commander) by extension 'colcon_pkg'
[0.245s] Level 1:colcon.colcon_core.package_identification:_identify(src/qr_commander) by extensions ['colcon_meta']
[0.245s] Level 1:colcon.colcon_core.package_identification:_identify(src/qr_commander) by extension 'colcon_meta'
[0.245s] Level 1:colcon.colcon_core.package_identification:_identify(src/qr_commander) by extensions ['ros']
[0.245s] Level 1:colcon.colcon_core.package_identification:_identify(src/qr_commander) by extension 'ros'
[0.246s] DEBUG:colcon.colcon_core.package_identification:Package 'src/qr_commander' with type 'ros.ament_python' and name 'qr_commander'
[0.246s] Level 1:colcon.colcon_core.package_identification:_identify(src/talker_example) by extensions ['ignore', 'ignore_ament_install']
[0.246s] Level 1:colcon.colcon_core.package_identification:_identify(src/talker_example) by extension 'ignore'
[0.246s] Level 1:colcon.colcon_core.package_identification:_identify(src/talker_example) by extension 'ignore_ament_install'
[0.246s] Level 1:colcon.colcon_core.package_identification:_identify(src/talker_example) by extensions ['colcon_pkg']
[0.246s] Level 1:colcon.colcon_core.package_identification:_identify(src/talker_example) by extension 'colcon_pkg'
[0.246s] Level 1:colcon.colcon_core.package_identification:_identify(src/talker_example) by extensions ['colcon_meta']
[0.246s] Level 1:colcon.colcon_core.package_identification:_identify(src/talker_example) by extension 'colcon_meta'
[0.246s] Level 1:colcon.colcon_core.package_identification:_identify(src/talker_example) by extensions ['ros']
[0.246s] Level 1:colcon.colcon_core.package_identification:_identify(src/talker_example) by extension 'ros'
[0.246s] DEBUG:colcon.colcon_core.package_identification:Package 'src/talker_example' with type 'ros.ament_python' and name 'talker_example'
[0.247s] Level 1:colcon.colcon_core.package_discovery:discover_packages(recursive) using defaults
[0.247s] Level 1:colcon.colcon_core.package_discovery:discover_packages(ignore) discover
[0.247s] Level 1:colcon.colcon_core.package_discovery:discover_packages(ignore) using defaults
[0.247s] Level 1:colcon.colcon_core.package_discovery:discover_packages(path) discover
[0.247s] Level 1:colcon.colcon_core.package_discovery:discover_packages(path) using defaults
[0.268s] Level 1:colcon.colcon_core.package_discovery:discover_packages(prefix_path) check parameters
[0.268s] Level 1:colcon.colcon_core.package_discovery:discover_packages(prefix_path) discover
[0.270s] DEBUG:colcon.colcon_installed_package_information.package_discovery:Found 379 installed packages in /opt/ros/humble
[0.271s] Level 1:colcon.colcon_core.package_discovery:discover_packages(prefix_path) using defaults
[0.294s] Level 5:colcon.colcon_core.verb:set package 'diem_gazebo' build argument 'cmake_args' from command line to 'None'
[0.294s] Level 5:colcon.colcon_core.verb:set package 'diem_gazebo' build argument 'cmake_target' from command line to 'None'
[0.294s] Level 5:colcon.colcon_core.verb:set package 'diem_gazebo' build argument 'cmake_target_skip_unavailable' from command line to 'False'
[0.294s] Level 5:colcon.colcon_core.verb:set package 'diem_gazebo' build argument 'cmake_clean_cache' from command line to 'False'
[0.294s] Level 5:colcon.colcon_core.verb:set package 'diem_gazebo' build argument 'cmake_clean_first' from command line to 'False'
[0.294s] Level 5:colcon.colcon_core.verb:set package 'diem_gazebo' build argument 'cmake_force_configure' from command line to 'False'
[0.294s] Level 5:colcon.colcon_core.verb:set package 'diem_gazebo' build argument 'ament_cmake_args' from command line to 'None'
[0.294s] Level 5:colcon.colcon_core.verb:set package 'diem_gazebo' build argument 'catkin_cmake_args' from command line to 'None'
[0.294s] Level 5:colcon.colcon_core.verb:set package 'diem_gazebo' build argument 'catkin_skip_building_tests' from command line to 'False'
[0.294s] DEBUG:colcon.colcon_core.verb:Building package 'diem_gazebo' with the following arguments: {'ament_cmake_args': None, 'build_base': '/home/andyv/Desktop/turtlebot4/diem_turtlebot_ws/build/diem_gazebo', 'catkin_cmake_args': None, 'catkin_skip_building_tests': False, 'cmake_args': None, 'cmake_clean_cache': False, 'cmake_clean_first': False, 'cmake_force_configure': False, 'cmake_target': None, 'cmake_target_skip_unavailable': False, 'install_base': '/home/andyv/Desktop/turtlebot4/diem_turtlebot_ws/install/diem_gazebo', 'merge_install': False, 'path': '/home/andyv/Desktop/turtlebot4/diem_turtlebot_ws/src/diem_gazebo', 'symlink_install': True, 'test_result_base': None}
[0.294s] Level 5:colcon.colcon_core.verb:set package 'nav_pkg' build argument 'cmake_args' from command line to 'None'
[0.294s] Level 5:colcon.colcon_core.verb:set package 'nav_pkg' build argument 'cmake_target' from command line to 'None'
[0.294s] Level 5:colcon.colcon_core.verb:set package 'nav_pkg' build argument 'cmake_target_skip_unavailable' from command line to 'False'
[0.294s] Level 5:colcon.colcon_core.verb:set package 'nav_pkg' build argument 'cmake_clean_cache' from command line to 'False'
[0.294s] Level 5:colcon.colcon_core.verb:set package 'nav_pkg' build argument 'cmake_clean_first' from command line to 'False'
[0.294s] Level 5:colcon.colcon_core.verb:set package 'nav_pkg' build argument 'cmake_force_configure' from command line to 'False'
[0.294s] Level 5:colcon.colcon_core.verb:set package 'nav_pkg' build argument 'ament_cmake_args' from command line to 'None'
[0.294s] Level 5:colcon.colcon_core.verb:set package 'nav_pkg' build argument 'catkin_cmake_args' from command line to 'None'
[0.294s] Level 5:colcon.colcon_core.verb:set package 'nav_pkg' build argument 'catkin_skip_building_tests' from command line to 'False'
[0.294s] DEBUG:colcon.colcon_core.verb:Building package 'nav_pkg' with the following arguments: {'ament_cmake_args': None, 'build_base': '/home/andyv/Desktop/turtlebot4/diem_turtlebot_ws/build/nav_pkg', 'catkin_cmake_args': None, 'catkin_skip_building_tests': False, 'cmake_args': None, 'cmake_clean_cache': False, 'cmake_clean_first': False, 'cmake_force_configure': False, 'cmake_target': None, 'cmake_target_skip_unavailable': False, 'install_base': '/home/andyv/Desktop/turtlebot4/diem_turtlebot_ws/install/nav_pkg', 'merge_install': False, 'path': '/home/andyv/Desktop/turtlebot4/diem_turtlebot_ws/src/nav_pkg', 'symlink_install': True, 'test_result_base': None}
[0.294s] Level 5:colcon.colcon_core.verb:set package 'qr_commander' build argument 'cmake_args' from command line to 'None'
[0.294s] Level 5:colcon.colcon_core.verb:set package 'qr_commander' build argument 'cmake_target' from command line to 'None'
[0.294s] Level 5:colcon.colcon_core.verb:set package 'qr_commander' build argument 'cmake_target_skip_unavailable' from command line to 'False'
[0.294s] Level 5:colcon.colcon_core.verb:set package 'qr_commander' build argument 'cmake_clean_cache' from command line to 'False'
[0.294s] Level 5:colcon.colcon_core.verb:set package 'qr_commander' build argument 'cmake_clean_first' from command line to 'False'
[0.294s] Level 5:colcon.colcon_core.verb:set package 'qr_commander' build argument 'cmake_force_configure' from command line to 'False'
[0.294s] Level 5:colcon.colcon_core.verb:set package 'qr_commander' build argument 'ament_cmake_args' from command line to 'None'
[0.294s] Level 5:colcon.colcon_core.verb:set package 'qr_commander' build argument 'catkin_cmake_args' from command line to 'None'
[0.294s] Level 5:colcon.colcon_core.verb:set package 'qr_commander' build argument 'catkin_skip_building_tests' from command line to 'False'
[0.295s] DEBUG:colcon.colcon_core.verb:Building package 'qr_commander' with the following arguments: {'ament_cmake_args': None, 'build_base': '/home/andyv/Desktop/turtlebot4/diem_turtlebot_ws/build/qr_commander', 'catkin_cmake_args': None, 'catkin_skip_building_tests': False, 'cmake_args': None, 'cmake_clean_cache': False, 'cmake_clean_first': False, 'cmake_force_configure': False, 'cmake_target': None, 'cmake_target_skip_unavailable': False, 'install_base': '/home/andyv/Desktop/turtlebot4/diem_turtlebot_ws/install/qr_commander', 'merge_install': False, 'path': '/home/andyv/Desktop/turtlebot4/diem_turtlebot_ws/src/qr_commander', 'symlink_install': True, 'test_result_base': None}
[0.295s] Level 5:colcon.colcon_core.verb:set package 'talker_example' build argument 'cmake_args' from command line to 'None'
[0.295s] Level 5:colcon.colcon_core.verb:set package 'talker_example' build argument 'cmake_target' from command line to 'None'
[0.295s] Level 5:colcon.colcon_core.verb:set package 'talker_example' build argument 'cmake_target_skip_unavailable' from command line to 'False'
[0.295s] Level 5:colcon.colcon_core.verb:set package 'talker_example' build argument 'cmake_clean_cache' from command line to 'False'
[0.295s] Level 5:colcon.colcon_core.verb:set package 'talker_example' build argument 'cmake_clean_first' from command line to 'False'
[0.295s] Level 5:colcon.colcon_core.verb:set package 'talker_example' build argument 'cmake_force_configure' from command line to 'False'
[0.295s] Level 5:colcon.colcon_core.verb:set package 'talker_example' build argument 'ament_cmake_args' from command line to 'None'
[0.295s] Level 5:colcon.colcon_core.verb:set package 'talker_example' build argument 'catkin_cmake_args' from command line to 'None'
[0.295s] Level 5:colcon.colcon_core.verb:set package 'talker_example' build argument 'catkin_skip_building_tests' from command line to 'False'
[0.295s] DEBUG:colcon.colcon_core.verb:Building package 'talker_example' with the following arguments: {'ament_cmake_args': None, 'build_base': '/home/andyv/Desktop/turtlebot4/diem_turtlebot_ws/build/talker_example', 'catkin_cmake_args': None, 'catkin_skip_building_tests': False, 'cmake_args': None, 'cmake_clean_cache': False, 'cmake_clean_first': False, 'cmake_force_configure': False, 'cmake_target': None, 'cmake_target_skip_unavailable': False, 'install_base': '/home/andyv/Desktop/turtlebot4/diem_turtlebot_ws/install/talker_example', 'merge_install': False, 'path': '/home/andyv/Desktop/turtlebot4/diem_turtlebot_ws/src/talker_example', 'symlink_install': True, 'test_result_base': None}
[0.295s] INFO:colcon.colcon_core.executor:Executing jobs using 'parallel' executor
[0.295s] DEBUG:colcon.colcon_parallel_executor.executor.parallel:run_until_complete
[0.296s] INFO:colcon.colcon_ros.task.ament_python.build:Building ROS package in '/home/andyv/Desktop/turtlebot4/diem_turtlebot_ws/src/diem_gazebo' with build type 'ament_python'
[0.296s] Level 1:colcon.colcon_core.shell:create_environment_hook('diem_gazebo', 'ament_prefix_path')
[0.298s] INFO:colcon.colcon_core.plugin_system:Skipping extension 'colcon_core.shell.bat': Not used on non-Windows systems
[0.298s] INFO:colcon.colcon_core.shell:Creating environment hook '/home/andyv/Desktop/turtlebot4/diem_turtlebot_ws/install/diem_gazebo/share/diem_gazebo/hook/ament_prefix_path.ps1'
[0.299s] INFO:colcon.colcon_core.shell:Creating environment descriptor '/home/andyv/Desktop/turtlebot4/diem_turtlebot_ws/install/diem_gazebo/share/diem_gazebo/hook/ament_prefix_path.dsv'
[0.299s] INFO:colcon.colcon_core.shell:Creating environment hook '/home/andyv/Desktop/turtlebot4/diem_turtlebot_ws/install/diem_gazebo/share/diem_gazebo/hook/ament_prefix_path.sh'
[0.300s] INFO:colcon.colcon_core.shell:Skip shell extension 'powershell' for command environment: Not usable outside of PowerShell
[0.300s] DEBUG:colcon.colcon_core.shell:Skip shell extension 'dsv' for command environment
[0.302s] INFO:colcon.colcon_ros.task.ament_python.build:Building ROS package in '/home/andyv/Desktop/turtlebot4/diem_turtlebot_ws/src/nav_pkg' with build type 'ament_python'
[0.302s] Level 1:colcon.colcon_core.shell:create_environment_hook('nav_pkg', 'ament_prefix_path')
[0.302s] INFO:colcon.colcon_core.shell:Creating environment hook '/home/andyv/Desktop/turtlebot4/diem_turtlebot_ws/install/nav_pkg/share/nav_pkg/hook/ament_prefix_path.ps1'
[0.302s] INFO:colcon.colcon_core.shell:Creating environment descriptor '/home/andyv/Desktop/turtlebot4/diem_turtlebot_ws/install/nav_pkg/share/nav_pkg/hook/ament_prefix_path.dsv'
[0.302s] INFO:colcon.colcon_core.shell:Creating environment hook '/home/andyv/Desktop/turtlebot4/diem_turtlebot_ws/install/nav_pkg/share/nav_pkg/hook/ament_prefix_path.sh'
[0.303s] INFO:colcon.colcon_core.shell:Skip shell extension 'powershell' for command environment: Not usable outside of PowerShell
[0.303s] DEBUG:colcon.colcon_core.shell:Skip shell extension 'dsv' for command environment
[0.305s] INFO:colcon.colcon_ros.task.ament_python.build:Building ROS package in '/home/andyv/Desktop/turtlebot4/diem_turtlebot_ws/src/qr_commander' with build type 'ament_python'
[0.305s] Level 1:colcon.colcon_core.shell:create_environment_hook('qr_commander', 'ament_prefix_path')
[0.305s] INFO:colcon.colcon_core.shell:Creating environment hook '/home/andyv/Desktop/turtlebot4/diem_turtlebot_ws/install/qr_commander/share/qr_commander/hook/ament_prefix_path.ps1'
[0.305s] INFO:colcon.colcon_core.shell:Creating environment descriptor '/home/andyv/Desktop/turtlebot4/diem_turtlebot_ws/install/qr_commander/share/qr_commander/hook/ament_prefix_path.dsv'
[0.305s] INFO:colcon.colcon_core.shell:Creating environment hook '/home/andyv/Desktop/turtlebot4/diem_turtlebot_ws/install/qr_commander/share/qr_commander/hook/ament_prefix_path.sh'
[0.306s] INFO:colcon.colcon_core.shell:Skip shell extension 'powershell' for command environment: Not usable outside of PowerShell
[0.306s] DEBUG:colcon.colcon_core.shell:Skip shell extension 'dsv' for command environment
[0.308s] INFO:colcon.colcon_ros.task.ament_python.build:Building ROS package in '/home/andyv/Desktop/turtlebot4/diem_turtlebot_ws/src/talker_example' with build type 'ament_python'
[0.308s] Level 1:colcon.colcon_core.shell:create_environment_hook('talker_example', 'ament_prefix_path')
[0.308s] INFO:colcon.colcon_core.shell:Creating environment hook '/home/andyv/Desktop/turtlebot4/diem_turtlebot_ws/install/talker_example/share/talker_example/hook/ament_prefix_path.ps1'
[0.308s] INFO:colcon.colcon_core.shell:Creating environment descriptor '/home/andyv/Desktop/turtlebot4/diem_turtlebot_ws/install/talker_example/share/talker_example/hook/ament_prefix_path.dsv'
[0.308s] INFO:colcon.colcon_core.shell:Creating environment hook '/home/andyv/Desktop/turtlebot4/diem_turtlebot_ws/install/talker_example/share/talker_example/hook/ament_prefix_path.sh'
[0.309s] INFO:colcon.colcon_core.shell:Skip shell extension 'powershell' for command environment: Not usable outside of PowerShell
[0.309s] DEBUG:colcon.colcon_core.shell:Skip shell extension 'dsv' for command environment
[0.441s] INFO:colcon.colcon_core.task.python.build:Building Python package in '/home/andyv/Desktop/turtlebot4/diem_turtlebot_ws/src/diem_gazebo'
[0.442s] INFO:colcon.colcon_core.shell:Skip shell extension 'powershell' for command environment: Not usable outside of PowerShell
[0.442s] DEBUG:colcon.colcon_core.shell:Skip shell extension 'dsv' for command environment
[0.572s] INFO:colcon.colcon_core.task.python.build:Building Python package in '/home/andyv/Desktop/turtlebot4/diem_turtlebot_ws/src/nav_pkg'
[0.572s] INFO:colcon.colcon_core.shell:Skip shell extension 'powershell' for command environment: Not usable outside of PowerShell
[0.572s] DEBUG:colcon.colcon_core.shell:Skip shell extension 'dsv' for command environment
[0.702s] INFO:colcon.colcon_core.task.python.build:Building Python package in '/home/andyv/Desktop/turtlebot4/diem_turtlebot_ws/src/qr_commander'
[0.702s] INFO:colcon.colcon_core.shell:Skip shell extension 'powershell' for command environment: Not usable outside of PowerShell
[0.702s] DEBUG:colcon.colcon_core.shell:Skip shell extension 'dsv' for command environment
[0.832s] INFO:colcon.colcon_core.task.python.build:Building Python package in '/home/andyv/Desktop/turtlebot4/diem_turtlebot_ws/src/talker_example'
[0.832s] INFO:colcon.colcon_core.shell:Skip shell extension 'powershell' for command environment: Not usable outside of PowerShell
[0.832s] DEBUG:colcon.colcon_core.shell:Skip shell extension 'dsv' for command environment
[1.183s] DEBUG:colcon.colcon_core.event_handler.log_command:Invoking command in '/home/andyv/Desktop/turtlebot4/diem_turtlebot_ws/build/diem_gazebo': PYTHONPATH=/home/andyv/Desktop/turtlebot4/diem_turtlebot_ws/build/diem_gazebo/prefix_override:/home/andyv/Desktop/turtlebot4/diem_turtlebot_ws/install/diem_gazebo/lib/python3.10/site-packages:${PYTHONPATH} /usr/bin/python3 -W ignore:setup.py install is deprecated setup.py develop --editable --build-directory /home/andyv/Desktop/turtlebot4/diem_turtlebot_ws/build/diem_gazebo/build --no-deps symlink_data
[1.186s] DEBUG:colcon.colcon_core.event_handler.log_command:Invoking command in '/home/andyv/Desktop/turtlebot4/diem_turtlebot_ws/build/nav_pkg': PYTHONPATH=/home/andyv/Desktop/turtlebot4/diem_turtlebot_ws/build/nav_pkg/prefix_override:/home/andyv/Desktop/turtlebot4/diem_turtlebot_ws/install/nav_pkg/lib/python3.10/site-packages:${PYTHONPATH} /usr/bin/python3 -W ignore:setup.py install is deprecated setup.py develop --editable --build-directory /home/andyv/Desktop/turtlebot4/diem_turtlebot_ws/build/nav_pkg/build --no-deps symlink_data
[1.188s] DEBUG:colcon.colcon_core.event_handler.log_command:Invoking command in '/home/andyv/Desktop/turtlebot4/diem_turtlebot_ws/build/qr_commander': PYTHONPATH=/home/andyv/Desktop/turtlebot4/diem_turtlebot_ws/build/qr_commander/prefix_override:/home/andyv/Desktop/turtlebot4/diem_turtlebot_ws/install/qr_commander/lib/python3.10/site-packages:${PYTHONPATH} /usr/bin/python3 -W ignore:setup.py install is deprecated setup.py develop --editable --build-directory /home/andyv/Desktop/turtlebot4/diem_turtlebot_ws/build/qr_commander/build --no-deps symlink_data
[1.190s] DEBUG:colcon.colcon_core.event_handler.log_command:Invoking command in '/home/andyv/Desktop/turtlebot4/diem_turtlebot_ws/build/talker_example': PYTHONPATH=/home/andyv/Desktop/turtlebot4/diem_turtlebot_ws/build/talker_example/prefix_override:/home/andyv/Desktop/turtlebot4/diem_turtlebot_ws/install/talker_example/lib/python3.10/site-packages:${PYTHONPATH} /usr/bin/python3 -W ignore:setup.py install is deprecated setup.py develop --editable --build-directory /home/andyv/Desktop/turtlebot4/diem_turtlebot_ws/build/talker_example/build --no-deps symlink_data
[1.469s] Level 1:colcon.colcon_core.shell:create_environment_hook('qr_commander', 'pythonpath_develop')
[1.469s] INFO:colcon.colcon_core.shell:Creating environment hook '/home/andyv/Desktop/turtlebot4/diem_turtlebot_ws/build/qr_commander/share/qr_commander/hook/pythonpath_develop.ps1'
[1.470s] DEBUG:colcon.colcon_core.event_handler.log_command:Invoked command in '/home/andyv/Desktop/turtlebot4/diem_turtlebot_ws/build/qr_commander' returned '0': PYTHONPATH=/home/andyv/Desktop/turtlebot4/diem_turtlebot_ws/build/qr_commander/prefix_override:/home/andyv/Desktop/turtlebot4/diem_turtlebot_ws/install/qr_commander/lib/python3.10/site-packages:${PYTHONPATH} /usr/bin/python3 -W ignore:setup.py install is deprecated setup.py develop --editable --build-directory /home/andyv/Desktop/turtlebot4/diem_turtlebot_ws/build/qr_commander/build --no-deps symlink_data
[1.471s] INFO:colcon.colcon_core.shell:Creating environment descriptor '/home/andyv/Desktop/turtlebot4/diem_turtlebot_ws/build/qr_commander/share/qr_commander/hook/pythonpath_develop.dsv'
[1.471s] INFO:colcon.colcon_core.shell:Creating environment hook '/home/andyv/Desktop/turtlebot4/diem_turtlebot_ws/build/qr_commander/share/qr_commander/hook/pythonpath_develop.sh'
[1.475s] Level 1:colcon.colcon_core.environment:checking '/home/andyv/Desktop/turtlebot4/diem_turtlebot_ws/install/qr_commander' for CMake module files
[1.476s] Level 1:colcon.colcon_core.environment:checking '/home/andyv/Desktop/turtlebot4/diem_turtlebot_ws/install/qr_commander' for CMake config files
[1.476s] Level 1:colcon.colcon_core.environment:checking '/home/andyv/Desktop/turtlebot4/diem_turtlebot_ws/install/qr_commander/lib'
[1.477s] Level 1:colcon.colcon_core.environment:checking '/home/andyv/Desktop/turtlebot4/diem_turtlebot_ws/install/qr_commander/bin'
[1.477s] Level 1:colcon.colcon_core.environment:checking '/home/andyv/Desktop/turtlebot4/diem_turtlebot_ws/install/qr_commander/lib/pkgconfig/qr_commander.pc'
[1.477s] Level 1:colcon.colcon_core.environment:checking '/home/andyv/Desktop/turtlebot4/diem_turtlebot_ws/install/qr_commander/lib/python3.10/site-packages'
[1.477s] Level 1:colcon.colcon_core.shell:create_environment_hook('qr_commander', 'pythonpath')
[1.477s] INFO:colcon.colcon_core.shell:Creating environment hook '/home/andyv/Desktop/turtlebot4/diem_turtlebot_ws/install/qr_commander/share/qr_commander/hook/pythonpath.ps1'
[1.477s] INFO:colcon.colcon_core.shell:Creating environment descriptor '/home/andyv/Desktop/turtlebot4/diem_turtlebot_ws/install/qr_commander/share/qr_commander/hook/pythonpath.dsv'
[1.477s] INFO:colcon.colcon_core.shell:Creating environment hook '/home/andyv/Desktop/turtlebot4/diem_turtlebot_ws/install/qr_commander/share/qr_commander/hook/pythonpath.sh'
[1.477s] Level 1:colcon.colcon_core.environment:checking '/home/andyv/Desktop/turtlebot4/diem_turtlebot_ws/install/qr_commander/bin'
[1.477s] Level 1:colcon.colcon_core.environment:create_environment_scripts_only(qr_commander)
[1.478s] INFO:colcon.colcon_core.shell:Creating package script '/home/andyv/Desktop/turtlebot4/diem_turtlebot_ws/install/qr_commander/share/qr_commander/package.ps1'
[1.478s] INFO:colcon.colcon_core.shell:Creating package descriptor '/home/andyv/Desktop/turtlebot4/diem_turtlebot_ws/install/qr_commander/share/qr_commander/package.dsv'
[1.479s] INFO:colcon.colcon_core.shell:Creating package script '/home/andyv/Desktop/turtlebot4/diem_turtlebot_ws/install/qr_commander/share/qr_commander/package.sh'
[1.479s] INFO:colcon.colcon_core.shell:Creating package script '/home/andyv/Desktop/turtlebot4/diem_turtlebot_ws/install/qr_commander/share/qr_commander/package.bash'
[1.480s] INFO:colcon.colcon_core.shell:Creating package script '/home/andyv/Desktop/turtlebot4/diem_turtlebot_ws/install/qr_commander/share/qr_commander/package.zsh'
[1.481s] Level 1:colcon.colcon_core.environment:create_file_with_runtime_dependencies(/home/andyv/Desktop/turtlebot4/diem_turtlebot_ws/install/qr_commander/share/colcon-core/packages/qr_commander)
[1.481s] Level 1:colcon.colcon_core.shell:create_environment_hook('diem_gazebo', 'pythonpath_develop')
[1.482s] INFO:colcon.colcon_core.shell:Creating environment hook '/home/andyv/Desktop/turtlebot4/diem_turtlebot_ws/build/diem_gazebo/share/diem_gazebo/hook/pythonpath_develop.ps1'
[1.482s] DEBUG:colcon.colcon_core.event_handler.log_command:Invoked command in '/home/andyv/Desktop/turtlebot4/diem_turtlebot_ws/build/diem_gazebo' returned '0': PYTHONPATH=/home/andyv/Desktop/turtlebot4/diem_turtlebot_ws/build/diem_gazebo/prefix_override:/home/andyv/Desktop/turtlebot4/diem_turtlebot_ws/install/diem_gazebo/lib/python3.10/site-packages:${PYTHONPATH} /usr/bin/python3 -W ignore:setup.py install is deprecated setup.py develop --editable --build-directory /home/andyv/Desktop/turtlebot4/diem_turtlebot_ws/build/diem_gazebo/build --no-deps symlink_data
[1.482s] INFO:colcon.colcon_core.shell:Creating environment descriptor '/home/andyv/Desktop/turtlebot4/diem_turtlebot_ws/build/diem_gazebo/share/diem_gazebo/hook/pythonpath_develop.dsv'
[1.483s] INFO:colcon.colcon_core.shell:Creating environment hook '/home/andyv/Desktop/turtlebot4/diem_turtlebot_ws/build/diem_gazebo/share/diem_gazebo/hook/pythonpath_develop.sh'
[1.483s] Level 1:colcon.colcon_core.environment:checking '/home/andyv/Desktop/turtlebot4/diem_turtlebot_ws/install/diem_gazebo' for CMake module files
[1.483s] Level 1:colcon.colcon_core.environment:checking '/home/andyv/Desktop/turtlebot4/diem_turtlebot_ws/install/diem_gazebo' for CMake config files
[1.484s] Level 1:colcon.colcon_core.environment:checking '/home/andyv/Desktop/turtlebot4/diem_turtlebot_ws/install/diem_gazebo/lib'
[1.484s] Level 1:colcon.colcon_core.environment:checking '/home/andyv/Desktop/turtlebot4/diem_turtlebot_ws/install/diem_gazebo/bin'
[1.484s] Level 1:colcon.colcon_core.environment:checking '/home/andyv/Desktop/turtlebot4/diem_turtlebot_ws/install/diem_gazebo/lib/pkgconfig/diem_gazebo.pc'
[1.484s] Level 1:colcon.colcon_core.environment:checking '/home/andyv/Desktop/turtlebot4/diem_turtlebot_ws/install/diem_gazebo/lib/python3.10/site-packages'
[1.484s] Level 1:colcon.colcon_core.shell:create_environment_hook('diem_gazebo', 'pythonpath')
[1.484s] INFO:colcon.colcon_core.shell:Creating environment hook '/home/andyv/Desktop/turtlebot4/diem_turtlebot_ws/install/diem_gazebo/share/diem_gazebo/hook/pythonpath.ps1'
[1.484s] INFO:colcon.colcon_core.shell:Creating environment descriptor '/home/andyv/Desktop/turtlebot4/diem_turtlebot_ws/install/diem_gazebo/share/diem_gazebo/hook/pythonpath.dsv'
[1.484s] INFO:colcon.colcon_core.shell:Creating environment hook '/home/andyv/Desktop/turtlebot4/diem_turtlebot_ws/install/diem_gazebo/share/diem_gazebo/hook/pythonpath.sh'
[1.485s] Level 1:colcon.colcon_core.environment:checking '/home/andyv/Desktop/turtlebot4/diem_turtlebot_ws/install/diem_gazebo/bin'
[1.485s] Level 1:colcon.colcon_core.environment:create_environment_scripts_only(diem_gazebo)
[1.485s] INFO:colcon.colcon_core.shell:Creating package script '/home/andyv/Desktop/turtlebot4/diem_turtlebot_ws/install/diem_gazebo/share/diem_gazebo/package.ps1'
[1.485s] INFO:colcon.colcon_core.shell:Creating package descriptor '/home/andyv/Desktop/turtlebot4/diem_turtlebot_ws/install/diem_gazebo/share/diem_gazebo/package.dsv'
[1.485s] INFO:colcon.colcon_core.shell:Creating package script '/home/andyv/Desktop/turtlebot4/diem_turtlebot_ws/install/diem_gazebo/share/diem_gazebo/package.sh'
[1.485s] INFO:colcon.colcon_core.shell:Creating package script '/home/andyv/Desktop/turtlebot4/diem_turtlebot_ws/install/diem_gazebo/share/diem_gazebo/package.bash'
[1.485s] INFO:colcon.colcon_core.shell:Creating package script '/home/andyv/Desktop/turtlebot4/diem_turtlebot_ws/install/diem_gazebo/share/diem_gazebo/package.zsh'
[1.486s] Level 1:colcon.colcon_core.environment:create_file_with_runtime_dependencies(/home/andyv/Desktop/turtlebot4/diem_turtlebot_ws/install/diem_gazebo/share/colcon-core/packages/diem_gazebo)
[1.486s] Level 1:colcon.colcon_core.shell:create_environment_hook('talker_example', 'pythonpath_develop')
[1.486s] INFO:colcon.colcon_core.shell:Creating environment hook '/home/andyv/Desktop/turtlebot4/diem_turtlebot_ws/build/talker_example/share/talker_example/hook/pythonpath_develop.ps1'
[1.486s] DEBUG:colcon.colcon_core.event_handler.log_command:Invoked command in '/home/andyv/Desktop/turtlebot4/diem_turtlebot_ws/build/talker_example' returned '0': PYTHONPATH=/home/andyv/Desktop/turtlebot4/diem_turtlebot_ws/build/talker_example/prefix_override:/home/andyv/Desktop/turtlebot4/diem_turtlebot_ws/install/talker_example/lib/python3.10/site-packages:${PYTHONPATH} /usr/bin/python3 -W ignore:setup.py install is deprecated setup.py develop --editable --build-directory /home/andyv/Desktop/turtlebot4/diem_turtlebot_ws/build/talker_example/build --no-deps symlink_data
[1.487s] INFO:colcon.colcon_core.shell:Creating environment descriptor '/home/andyv/Desktop/turtlebot4/diem_turtlebot_ws/build/talker_example/share/talker_example/hook/pythonpath_develop.dsv'
[1.487s] INFO:colcon.colcon_core.shell:Creating environment hook '/home/andyv/Desktop/turtlebot4/diem_turtlebot_ws/build/talker_example/share/talker_example/hook/pythonpath_develop.sh'
[1.487s] Level 1:colcon.colcon_core.environment:checking '/home/andyv/Desktop/turtlebot4/diem_turtlebot_ws/install/talker_example' for CMake module files
[1.487s] Level 1:colcon.colcon_core.environment:checking '/home/andyv/Desktop/turtlebot4/diem_turtlebot_ws/install/talker_example' for CMake config files
[1.488s] Level 1:colcon.colcon_core.environment:checking '/home/andyv/Desktop/turtlebot4/diem_turtlebot_ws/install/talker_example/lib'
[1.488s] Level 1:colcon.colcon_core.environment:checking '/home/andyv/Desktop/turtlebot4/diem_turtlebot_ws/install/talker_example/bin'
[1.488s] Level 1:colcon.colcon_core.environment:checking '/home/andyv/Desktop/turtlebot4/diem_turtlebot_ws/install/talker_example/lib/pkgconfig/talker_example.pc'
[1.488s] Level 1:colcon.colcon_core.environment:checking '/home/andyv/Desktop/turtlebot4/diem_turtlebot_ws/install/talker_example/lib/python3.10/site-packages'
[1.488s] Level 1:colcon.colcon_core.shell:create_environment_hook('talker_example', 'pythonpath')
[1.488s] INFO:colcon.colcon_core.shell:Creating environment hook '/home/andyv/Desktop/turtlebot4/diem_turtlebot_ws/install/talker_example/share/talker_example/hook/pythonpath.ps1'
[1.488s] INFO:colcon.colcon_core.shell:Creating environment descriptor '/home/andyv/Desktop/turtlebot4/diem_turtlebot_ws/install/talker_example/share/talker_example/hook/pythonpath.dsv'
[1.488s] INFO:colcon.colcon_core.shell:Creating environment hook '/home/andyv/Desktop/turtlebot4/diem_turtlebot_ws/install/talker_example/share/talker_example/hook/pythonpath.sh'
[1.488s] Level 1:colcon.colcon_core.environment:checking '/home/andyv/Desktop/turtlebot4/diem_turtlebot_ws/install/talker_example/bin'
[1.489s] Level 1:colcon.colcon_core.environment:create_environment_scripts_only(talker_example)
[1.489s] INFO:colcon.colcon_core.shell:Creating package script '/home/andyv/Desktop/turtlebot4/diem_turtlebot_ws/install/talker_example/share/talker_example/package.ps1'
[1.489s] INFO:colcon.colcon_core.shell:Creating package descriptor '/home/andyv/Desktop/turtlebot4/diem_turtlebot_ws/install/talker_example/share/talker_example/package.dsv'
[1.489s] INFO:colcon.colcon_core.shell:Creating package script '/home/andyv/Desktop/turtlebot4/diem_turtlebot_ws/install/talker_example/share/talker_example/package.sh'
[1.489s] INFO:colcon.colcon_core.shell:Creating package script '/home/andyv/Desktop/turtlebot4/diem_turtlebot_ws/install/talker_example/share/talker_example/package.bash'
[1.489s] INFO:colcon.colcon_core.shell:Creating package script '/home/andyv/Desktop/turtlebot4/diem_turtlebot_ws/install/talker_example/share/talker_example/package.zsh'
[1.490s] Level 1:colcon.colcon_core.environment:create_file_with_runtime_dependencies(/home/andyv/Desktop/turtlebot4/diem_turtlebot_ws/install/talker_example/share/colcon-core/packages/talker_example)
[1.490s] Level 1:colcon.colcon_core.shell:create_environment_hook('nav_pkg', 'pythonpath_develop')
[1.490s] INFO:colcon.colcon_core.shell:Creating environment hook '/home/andyv/Desktop/turtlebot4/diem_turtlebot_ws/build/nav_pkg/share/nav_pkg/hook/pythonpath_develop.ps1'
[1.490s] DEBUG:colcon.colcon_core.event_handler.log_command:Invoked command in '/home/andyv/Desktop/turtlebot4/diem_turtlebot_ws/build/nav_pkg' returned '0': PYTHONPATH=/home/andyv/Desktop/turtlebot4/diem_turtlebot_ws/build/nav_pkg/prefix_override:/home/andyv/Desktop/turtlebot4/diem_turtlebot_ws/install/nav_pkg/lib/python3.10/site-packages:${PYTHONPATH} /usr/bin/python3 -W ignore:setup.py install is deprecated setup.py develop --editable --build-directory /home/andyv/Desktop/turtlebot4/diem_turtlebot_ws/build/nav_pkg/build --no-deps symlink_data
[1.490s] INFO:colcon.colcon_core.shell:Creating environment descriptor '/home/andyv/Desktop/turtlebot4/diem_turtlebot_ws/build/nav_pkg/share/nav_pkg/hook/pythonpath_develop.dsv'
[1.491s] INFO:colcon.colcon_core.shell:Creating environment hook '/home/andyv/Desktop/turtlebot4/diem_turtlebot_ws/build/nav_pkg/share/nav_pkg/hook/pythonpath_develop.sh'
[1.491s] Level 1:colcon.colcon_core.environment:checking '/home/andyv/Desktop/turtlebot4/diem_turtlebot_ws/install/nav_pkg' for CMake module files
[1.491s] Level 1:colcon.colcon_core.environment:checking '/home/andyv/Desktop/turtlebot4/diem_turtlebot_ws/install/nav_pkg' for CMake config files
[1.492s] Level 1:colcon.colcon_core.environment:checking '/home/andyv/Desktop/turtlebot4/diem_turtlebot_ws/install/nav_pkg/lib'
[1.492s] Level 1:colcon.colcon_core.environment:checking '/home/andyv/Desktop/turtlebot4/diem_turtlebot_ws/install/nav_pkg/bin'
[1.492s] Level 1:colcon.colcon_core.environment:checking '/home/andyv/Desktop/turtlebot4/diem_turtlebot_ws/install/nav_pkg/lib/pkgconfig/nav_pkg.pc'
[1.492s] Level 1:colcon.colcon_core.environment:checking '/home/andyv/Desktop/turtlebot4/diem_turtlebot_ws/install/nav_pkg/lib/python3.10/site-packages'
[1.492s] Level 1:colcon.colcon_core.shell:create_environment_hook('nav_pkg', 'pythonpath')
[1.492s] INFO:colcon.colcon_core.shell:Creating environment hook '/home/andyv/Desktop/turtlebot4/diem_turtlebot_ws/install/nav_pkg/share/nav_pkg/hook/pythonpath.ps1'
[1.492s] INFO:colcon.colcon_core.shell:Creating environment descriptor '/home/andyv/Desktop/turtlebot4/diem_turtlebot_ws/install/nav_pkg/share/nav_pkg/hook/pythonpath.dsv'
[1.493s] INFO:colcon.colcon_core.shell:Creating environment hook '/home/andyv/Desktop/turtlebot4/diem_turtlebot_ws/install/nav_pkg/share/nav_pkg/hook/pythonpath.sh'
[1.493s] Level 1:colcon.colcon_core.environment:checking '/home/andyv/Desktop/turtlebot4/diem_turtlebot_ws/install/nav_pkg/bin'
[1.493s] Level 1:colcon.colcon_core.environment:create_environment_scripts_only(nav_pkg)
[1.493s] INFO:colcon.colcon_core.shell:Creating package script '/home/andyv/Desktop/turtlebot4/diem_turtlebot_ws/install/nav_pkg/share/nav_pkg/package.ps1'
[1.493s] INFO:colcon.colcon_core.shell:Creating package descriptor '/home/andyv/Desktop/turtlebot4/diem_turtlebot_ws/install/nav_pkg/share/nav_pkg/package.dsv'
[1.494s] INFO:colcon.colcon_core.shell:Creating package script '/home/andyv/Desktop/turtlebot4/diem_turtlebot_ws/install/nav_pkg/share/nav_pkg/package.sh'
[1.494s] INFO:colcon.colcon_core.shell:Creating package script '/home/andyv/Desktop/turtlebot4/diem_turtlebot_ws/install/nav_pkg/share/nav_pkg/package.bash'
[1.494s] INFO:colcon.colcon_core.shell:Creating package script '/home/andyv/Desktop/turtlebot4/diem_turtlebot_ws/install/nav_pkg/share/nav_pkg/package.zsh'
[1.494s] Level 1:colcon.colcon_core.environment:create_file_with_runtime_dependencies(/home/andyv/Desktop/turtlebot4/diem_turtlebot_ws/install/nav_pkg/share/colcon-core/packages/nav_pkg)
[1.494s] DEBUG:colcon.colcon_parallel_executor.executor.parallel:closing loop
[1.494s] DEBUG:colcon.colcon_parallel_executor.executor.parallel:loop closed
[1.494s] DEBUG:colcon.colcon_parallel_executor.executor.parallel:run_until_complete finished with '0'
[1.494s] DEBUG:colcon.colcon_core.event_reactor:joining thread
[1.498s] INFO:colcon.colcon_core.plugin_system:Skipping extension 'colcon_notification.desktop_notification.terminal_notifier': Not used on non-Darwin systems
[1.498s] INFO:colcon.colcon_core.plugin_system:Skipping extension 'colcon_notification.desktop_notification.win32': Not used on non-Windows systems
[1.498s] INFO:colcon.colcon_notification.desktop_notification:Sending desktop notification using 'notify2'
[1.508s] DEBUG:colcon.colcon_core.event_reactor:joined thread
[1.508s] INFO:colcon.colcon_core.shell:Creating prefix script '/home/andyv/Desktop/turtlebot4/diem_turtlebot_ws/install/local_setup.ps1'
[1.509s] INFO:colcon.colcon_core.shell:Creating prefix util module '/home/andyv/Desktop/turtlebot4/diem_turtlebot_ws/install/_local_setup_util_ps1.py'
[1.510s] INFO:colcon.colcon_core.shell:Creating prefix chain script '/home/andyv/Desktop/turtlebot4/diem_turtlebot_ws/install/setup.ps1'
[1.510s] INFO:colcon.colcon_core.shell:Creating prefix script '/home/andyv/Desktop/turtlebot4/diem_turtlebot_ws/install/local_setup.sh'
[1.511s] INFO:colcon.colcon_core.shell:Creating prefix util module '/home/andyv/Desktop/turtlebot4/diem_turtlebot_ws/install/_local_setup_util_sh.py'
[1.511s] INFO:colcon.colcon_core.shell:Creating prefix chain script '/home/andyv/Desktop/turtlebot4/diem_turtlebot_ws/install/setup.sh'
[1.512s] INFO:colcon.colcon_core.shell:Creating prefix script '/home/andyv/Desktop/turtlebot4/diem_turtlebot_ws/install/local_setup.bash'
[1.512s] INFO:colcon.colcon_core.shell:Creating prefix chain script '/home/andyv/Desktop/turtlebot4/diem_turtlebot_ws/install/setup.bash'
[1.513s] INFO:colcon.colcon_core.shell:Creating prefix script '/home/andyv/Desktop/turtlebot4/diem_turtlebot_ws/install/local_setup.zsh'
[1.513s] INFO:colcon.colcon_core.shell:Creating prefix chain script '/home/andyv/Desktop/turtlebot4/diem_turtlebot_ws/install/setup.zsh'
