running develop
/usr/lib/python3/dist-packages/setuptools/command/easy_install.py:158: EasyInstallDeprecationWarning: easy_install command is deprecated. Use build and pip and other standards-based tools.
  warnings.warn(
running egg_info
writing nav_pkg.egg-info/PKG-INFO
writing dependency_links to nav_pkg.egg-info/dependency_links.txt
writing entry points to nav_pkg.egg-info/entry_points.txt
writing requirements to nav_pkg.egg-info/requires.txt
writing top-level names to nav_pkg.egg-info/top_level.txt
reading manifest file 'nav_pkg.egg-info/SOURCES.txt'
writing manifest file 'nav_pkg.egg-info/SOURCES.txt'
running build_ext
Creating /home/andyv/Desktop/turtlebot4/diem_turtlebot_ws/install/nav_pkg/lib/python3.10/site-packages/nav-pkg.egg-link (link to .)
Installing ex1 script to /home/andyv/Desktop/turtlebot4/diem_turtlebot_ws/install/nav_pkg/lib/nav_pkg
Installing naive_obj_avoidance script to /home/andyv/Desktop/turtlebot4/diem_turtlebot_ws/install/nav_pkg/lib/nav_pkg
Installing nav_step script to /home/andyv/Desktop/turtlebot4/diem_turtlebot_ws/install/nav_pkg/lib/nav_pkg
Installing odom script to /home/andyv/Desktop/turtlebot4/diem_turtlebot_ws/install/nav_pkg/lib/nav_pkg
Installing simple_nav script to /home/andyv/Desktop/turtlebot4/diem_turtlebot_ws/install/nav_pkg/lib/nav_pkg

Installed /home/andyv/Desktop/turtlebot4/diem_turtlebot_ws/build/nav_pkg
running symlink_data
