[0.582s] Invoking command in '/home/andyv/Desktop/turtlebot4/diem_turtlebot_ws/build/talker_example': PYTHONPATH=/home/andyv/Desktop/turtlebot4/diem_turtlebot_ws/build/talker_example/prefix_override:/home/andyv/Desktop/turtlebot4/diem_turtlebot_ws/install/talker_example/lib/python3.10/site-packages:${PYTHONPATH} /usr/bin/python3 -W ignore:setup.py install is deprecated setup.py develop --editable --build-directory /home/andyv/Desktop/turtlebot4/diem_turtlebot_ws/build/talker_example/build --no-deps symlink_data
[0.723s] running develop
[0.723s] /usr/lib/python3/dist-packages/setuptools/command/easy_install.py:158: EasyInstallDeprecationWarning: easy_install command is deprecated. Use build and pip and other standards-based tools.
[0.723s]   warnings.warn(
[0.803s] running egg_info
[0.803s] writing talker_example.egg-info/PKG-INFO
[0.803s] writing dependency_links to talker_example.egg-info/dependency_links.txt
[0.803s] writing entry points to talker_example.egg-info/entry_points.txt
[0.803s] writing requirements to talker_example.egg-info/requires.txt
[0.803s] writing top-level names to talker_example.egg-info/top_level.txt
[0.804s] reading manifest file 'talker_example.egg-info/SOURCES.txt'
[0.804s] writing manifest file 'talker_example.egg-info/SOURCES.txt'
[0.805s] running build_ext
[0.805s] Creating /home/andyv/Desktop/turtlebot4/diem_turtlebot_ws/install/talker_example/lib/python3.10/site-packages/talker-example.egg-link (link to .)
[0.806s] Installing listener script to /home/andyv/Desktop/turtlebot4/diem_turtlebot_ws/install/talker_example/lib/talker_example
[0.806s] Installing talker script to /home/andyv/Desktop/turtlebot4/diem_turtlebot_ws/install/talker_example/lib/talker_example
[0.806s] 
[0.806s] Installed /home/andyv/Desktop/turtlebot4/diem_turtlebot_ws/build/talker_example
[0.806s] running symlink_data
[0.831s] Invoked command in '/home/andyv/Desktop/turtlebot4/diem_turtlebot_ws/build/talker_example' returned '0': PYTHONPATH=/home/andyv/Desktop/turtlebot4/diem_turtlebot_ws/build/talker_example/prefix_override:/home/andyv/Desktop/turtlebot4/diem_turtlebot_ws/install/talker_example/lib/python3.10/site-packages:${PYTHONPATH} /usr/bin/python3 -W ignore:setup.py install is deprecated setup.py develop --editable --build-directory /home/andyv/Desktop/turtlebot4/diem_turtlebot_ws/build/talker_example/build --no-deps symlink_data
