[1.232s] Invoking command in '/home/andyv/Desktop/turtlebot4/diem_turtlebot_ws/build/talker_example': PYTHONPATH=/home/andyv/Desktop/turtlebot4/diem_turtlebot_ws/build/talker_example/prefix_override:/home/andyv/Desktop/turtlebot4/diem_turtlebot_ws/install/talker_example/lib/python3.10/site-packages:${PYTHONPATH} /usr/bin/python3 -W ignore:setup.py install is deprecated setup.py develop --editable --build-directory /home/andyv/Desktop/turtlebot4/diem_turtlebot_ws/build/talker_example/build --no-deps symlink_data
[1.449s] running develop
[1.451s] /usr/lib/python3/dist-packages/setuptools/command/easy_install.py:158: EasyInstallDeprecationWarning: easy_install command is deprecated. Use build and pip and other standards-based tools.
[1.451s]   warnings.warn(
[1.577s] running egg_info
[1.577s] writing talker_example.egg-info/PKG-INFO
[1.577s] writing dependency_links to talker_example.egg-info/dependency_links.txt
[1.577s] writing entry points to talker_example.egg-info/entry_points.txt
[1.577s] writing requirements to talker_example.egg-info/requires.txt
[1.578s] writing top-level names to talker_example.egg-info/top_level.txt
[1.579s] reading manifest file 'talker_example.egg-info/SOURCES.txt'
[1.580s] writing manifest file 'talker_example.egg-info/SOURCES.txt'
[1.581s] running build_ext
[1.581s] Creating /home/andyv/Desktop/turtlebot4/diem_turtlebot_ws/install/talker_example/lib/python3.10/site-packages/talker-example.egg-link (link to .)
[1.582s] Installing listener script to /home/andyv/Desktop/turtlebot4/diem_turtlebot_ws/install/talker_example/lib/talker_example
[1.582s] Installing talker script to /home/andyv/Desktop/turtlebot4/diem_turtlebot_ws/install/talker_example/lib/talker_example
[1.582s] 
[1.582s] Installed /home/andyv/Desktop/turtlebot4/diem_turtlebot_ws/build/talker_example
[1.582s] running symlink_data
[1.609s] Invoked command in '/home/andyv/Desktop/turtlebot4/diem_turtlebot_ws/build/talker_example' returned '0': PYTHONPATH=/home/andyv/Desktop/turtlebot4/diem_turtlebot_ws/build/talker_example/prefix_override:/home/andyv/Desktop/turtlebot4/diem_turtlebot_ws/install/talker_example/lib/python3.10/site-packages:${PYTHONPATH} /usr/bin/python3 -W ignore:setup.py install is deprecated setup.py develop --editable --build-directory /home/andyv/Desktop/turtlebot4/diem_turtlebot_ws/build/talker_example/build --no-deps symlink_data
