running egg_info
writing ../../build/talker_example/talker_example.egg-info/PKG-INFO
writing dependency_links to ../../build/talker_example/talker_example.egg-info/dependency_links.txt
writing entry points to ../../build/talker_example/talker_example.egg-info/entry_points.txt
writing requirements to ../../build/talker_example/talker_example.egg-info/requires.txt
writing top-level names to ../../build/talker_example/talker_example.egg-info/top_level.txt
reading manifest file '../../build/talker_example/talker_example.egg-info/SOURCES.txt'
writing manifest file '../../build/talker_example/talker_example.egg-info/SOURCES.txt'
running build
running build_py
running install
running install_lib
running install_data
running install_egg_info
removing '/home/andyv/Desktop/turtlebot4/diem_turtlebot_ws/install/talker_example/lib/python3.10/site-packages/talker_example-0.0.0-py3.10.egg-info' (and everything under it)
Copying ../../build/talker_example/talker_example.egg-info to /home/andyv/Desktop/turtlebot4/diem_turtlebot_ws/install/talker_example/lib/python3.10/site-packages/talker_example-0.0.0-py3.10.egg-info
running install_scripts
Installing listener script to /home/andyv/Desktop/turtlebot4/diem_turtlebot_ws/install/talker_example/lib/talker_example
Installing talker script to /home/andyv/Desktop/turtlebot4/diem_turtlebot_ws/install/talker_example/lib/talker_example
writing list of installed files to '/home/andyv/Desktop/turtlebot4/diem_turtlebot_ws/build/talker_example/install.log'
