[0.583s] Invoking command in '/home/andyv/Desktop/turtlebot4/diem_turtlebot_ws/build/nav_pkg': PYTHONPATH=/home/andyv/Desktop/turtlebot4/diem_turtlebot_ws/build/nav_pkg/prefix_override:/home/andyv/Desktop/turtlebot4/diem_turtlebot_ws/install/nav_pkg/lib/python3.10/site-packages:${PYTHONPATH} /usr/bin/python3 -W ignore:setup.py install is deprecated setup.py develop --uninstall --editable --build-directory /home/andyv/Desktop/turtlebot4/diem_turtlebot_ws/build/nav_pkg/build
[0.719s] running develop
[0.719s] /usr/lib/python3/dist-packages/setuptools/command/easy_install.py:158: EasyInstallDeprecationWarning: easy_install command is deprecated. Use build and pip and other standards-based tools.
[0.719s]   warnings.warn(
[0.800s] Removing /home/andyv/Desktop/turtlebot4/diem_turtlebot_ws/install/nav_pkg/lib/python3.10/site-packages/nav-pkg.egg-link (link to .)
[0.820s] Invoked command in '/home/andyv/Desktop/turtlebot4/diem_turtlebot_ws/build/nav_pkg' returned '0': PYTHONPATH=/home/andyv/Desktop/turtlebot4/diem_turtlebot_ws/build/nav_pkg/prefix_override:/home/andyv/Desktop/turtlebot4/diem_turtlebot_ws/install/nav_pkg/lib/python3.10/site-packages:${PYTHONPATH} /usr/bin/python3 -W ignore:setup.py install is deprecated setup.py develop --uninstall --editable --build-directory /home/andyv/Desktop/turtlebot4/diem_turtlebot_ws/build/nav_pkg/build
[0.820s] Invoking command in '/home/andyv/Desktop/turtlebot4/diem_turtlebot_ws/src/nav_pkg': PYTHONPATH=/home/andyv/Desktop/turtlebot4/diem_turtlebot_ws/build/nav_pkg/prefix_override:/home/andyv/Desktop/turtlebot4/diem_turtlebot_ws/install/nav_pkg/lib/python3.10/site-packages:${PYTHONPATH} /usr/bin/python3 -W ignore:setup.py install is deprecated setup.py egg_info --egg-base ../../build/nav_pkg build --build-base /home/andyv/Desktop/turtlebot4/diem_turtlebot_ws/build/nav_pkg/build install --record /home/andyv/Desktop/turtlebot4/diem_turtlebot_ws/build/nav_pkg/install.log --single-version-externally-managed install_data --force
[0.946s] running egg_info
[0.946s] writing ../../build/nav_pkg/nav_pkg.egg-info/PKG-INFO
[0.946s] writing dependency_links to ../../build/nav_pkg/nav_pkg.egg-info/dependency_links.txt
[0.946s] writing entry points to ../../build/nav_pkg/nav_pkg.egg-info/entry_points.txt
[0.946s] writing requirements to ../../build/nav_pkg/nav_pkg.egg-info/requires.txt
[0.946s] writing top-level names to ../../build/nav_pkg/nav_pkg.egg-info/top_level.txt
[0.947s] reading manifest file '../../build/nav_pkg/nav_pkg.egg-info/SOURCES.txt'
[0.947s] writing manifest file '../../build/nav_pkg/nav_pkg.egg-info/SOURCES.txt'
[0.947s] running build
[0.947s] running install
[0.947s] running install_data
[0.947s] copying resource/nav_pkg -> /home/andyv/Desktop/turtlebot4/diem_turtlebot_ws/install/nav_pkg/share/ament_index/resource_index/packages
[0.947s] copying package.xml -> /home/andyv/Desktop/turtlebot4/diem_turtlebot_ws/install/nav_pkg/share/nav_pkg
[0.947s] running install_egg_info
[0.949s] Copying ../../build/nav_pkg/nav_pkg.egg-info to /home/andyv/Desktop/turtlebot4/diem_turtlebot_ws/install/nav_pkg/lib/python3.10/site-packages/nav_pkg-0.0.0-py3.10.egg-info
[0.949s] running install_scripts
[0.962s] Installing naive_obj_avoidance script to /home/andyv/Desktop/turtlebot4/diem_turtlebot_ws/install/nav_pkg/lib/nav_pkg
[0.962s] Installing nav1 script to /home/andyv/Desktop/turtlebot4/diem_turtlebot_ws/install/nav_pkg/lib/nav_pkg
[0.962s] Installing nav_step script to /home/andyv/Desktop/turtlebot4/diem_turtlebot_ws/install/nav_pkg/lib/nav_pkg
[0.962s] Installing odom script to /home/andyv/Desktop/turtlebot4/diem_turtlebot_ws/install/nav_pkg/lib/nav_pkg
[0.962s] Installing simple_nav script to /home/andyv/Desktop/turtlebot4/diem_turtlebot_ws/install/nav_pkg/lib/nav_pkg
[0.962s] writing list of installed files to '/home/andyv/Desktop/turtlebot4/diem_turtlebot_ws/build/nav_pkg/install.log'
[0.978s] Invoked command in '/home/andyv/Desktop/turtlebot4/diem_turtlebot_ws/src/nav_pkg' returned '0': PYTHONPATH=/home/andyv/Desktop/turtlebot4/diem_turtlebot_ws/build/nav_pkg/prefix_override:/home/andyv/Desktop/turtlebot4/diem_turtlebot_ws/install/nav_pkg/lib/python3.10/site-packages:${PYTHONPATH} /usr/bin/python3 -W ignore:setup.py install is deprecated setup.py egg_info --egg-base ../../build/nav_pkg build --build-base /home/andyv/Desktop/turtlebot4/diem_turtlebot_ws/build/nav_pkg/build install --record /home/andyv/Desktop/turtlebot4/diem_turtlebot_ws/build/nav_pkg/install.log --single-version-externally-managed install_data --force
