[0.796s] Invoking command in '/home/andyv/Desktop/turtlebot4/diem_turtlebot_ws/build/diem_gazebo': PYTHONPATH=/home/andyv/Desktop/turtlebot4/diem_turtlebot_ws/build/diem_gazebo/prefix_override:/home/andyv/Desktop/turtlebot4/diem_turtlebot_ws/install/diem_gazebo/lib/python3.10/site-packages:${PYTHONPATH} /usr/bin/python3 -W ignore:setup.py install is deprecated setup.py develop --editable --build-directory /home/andyv/Desktop/turtlebot4/diem_turtlebot_ws/build/diem_gazebo/build --no-deps symlink_data --force
[0.949s] running develop
[0.949s] /usr/lib/python3/dist-packages/setuptools/command/easy_install.py:158: EasyInstallDeprecationWarning: easy_install command is deprecated. Use build and pip and other standards-based tools.
[0.949s]   warnings.warn(
[1.039s] running egg_info
[1.040s] writing diem_gazebo.egg-info/PKG-INFO
[1.040s] writing dependency_links to diem_gazebo.egg-info/dependency_links.txt
[1.040s] writing entry points to diem_gazebo.egg-info/entry_points.txt
[1.040s] writing requirements to diem_gazebo.egg-info/requires.txt
[1.040s] writing top-level names to diem_gazebo.egg-info/top_level.txt
[1.041s] reading manifest file 'diem_gazebo.egg-info/SOURCES.txt'
[1.041s] writing manifest file 'diem_gazebo.egg-info/SOURCES.txt'
[1.043s] running build_ext
[1.043s] Creating /home/andyv/Desktop/turtlebot4/diem_turtlebot_ws/install/diem_gazebo/lib/python3.10/site-packages/diem-gazebo.egg-link (link to .)
[1.043s] 
[1.043s] Installed /home/andyv/Desktop/turtlebot4/diem_turtlebot_ws/build/diem_gazebo
[1.043s] running symlink_data
[1.044s] symbolically linking /home/andyv/Desktop/turtlebot4/diem_turtlebot_ws/build/diem_gazebo/resource/diem_gazebo -> /home/andyv/Desktop/turtlebot4/diem_turtlebot_ws/install/diem_gazebo/share/ament_index/resource_index/packages
[1.044s] symbolically linking /home/andyv/Desktop/turtlebot4/diem_turtlebot_ws/build/diem_gazebo/package.xml -> /home/andyv/Desktop/turtlebot4/diem_turtlebot_ws/install/diem_gazebo/share/diem_gazebo
[1.044s] symbolically linking /home/andyv/Desktop/turtlebot4/diem_turtlebot_ws/build/diem_gazebo/launch/turtlebot4_ignition_no_dock.launch.py -> /home/andyv/Desktop/turtlebot4/diem_turtlebot_ws/install/diem_gazebo/share/diem_gazebo/launch
[1.044s] symbolically linking /home/andyv/Desktop/turtlebot4/diem_turtlebot_ws/build/diem_gazebo/launch/ignition.launch.py -> /home/andyv/Desktop/turtlebot4/diem_turtlebot_ws/install/diem_gazebo/share/diem_gazebo/launch
[1.044s] symbolically linking /home/andyv/Desktop/turtlebot4/diem_turtlebot_ws/build/diem_gazebo/launch/turtlebot4_spawn_no_dock.launch.py -> /home/andyv/Desktop/turtlebot4/diem_turtlebot_ws/install/diem_gazebo/share/diem_gazebo/launch
[1.044s] symbolically linking /home/andyv/Desktop/turtlebot4/diem_turtlebot_ws/build/diem_gazebo/worlds/square.sdf -> /home/andyv/Desktop/turtlebot4/diem_turtlebot_ws/install/diem_gazebo/share/diem_gazebo/worlds
