running develop
Removing /home/andyv/Desktop/turtlebot4/diem_turtlebot_ws/install/talker_example/lib/python3.10/site-packages/talker-example.egg-link (link to .)
running egg_info
writing ../../build/talker_example/talker_example.egg-info/PKG-INFO
writing dependency_links to ../../build/talker_example/talker_example.egg-info/dependency_links.txt
writing entry points to ../../build/talker_example/talker_example.egg-info/entry_points.txt
writing requirements to ../../build/talker_example/talker_example.egg-info/requires.txt
writing top-level names to ../../build/talker_example/talker_example.egg-info/top_level.txt
reading manifest file '../../build/talker_example/talker_example.egg-info/SOURCES.txt'
writing manifest file '../../build/talker_example/talker_example.egg-info/SOURCES.txt'
running build
running build_py
running install
running install_lib
creating /home/andyv/Desktop/turtlebot4/diem_turtlebot_ws/install/talker_example/lib/python3.10/site-packages/talker_example
copying /home/andyv/Desktop/turtlebot4/diem_turtlebot_ws/build/talker_example/build/lib/talker_example/talker_node.py -> /home/andyv/Desktop/turtlebot4/diem_turtlebot_ws/install/talker_example/lib/python3.10/site-packages/talker_example
copying /home/andyv/Desktop/turtlebot4/diem_turtlebot_ws/build/talker_example/build/lib/talker_example/listener_node.py -> /home/andyv/Desktop/turtlebot4/diem_turtlebot_ws/install/talker_example/lib/python3.10/site-packages/talker_example
copying /home/andyv/Desktop/turtlebot4/diem_turtlebot_ws/build/talker_example/build/lib/talker_example/__init__.py -> /home/andyv/Desktop/turtlebot4/diem_turtlebot_ws/install/talker_example/lib/python3.10/site-packages/talker_example
byte-compiling /home/andyv/Desktop/turtlebot4/diem_turtlebot_ws/install/talker_example/lib/python3.10/site-packages/talker_example/talker_node.py to talker_node.cpython-310.pyc
byte-compiling /home/andyv/Desktop/turtlebot4/diem_turtlebot_ws/install/talker_example/lib/python3.10/site-packages/talker_example/listener_node.py to listener_node.cpython-310.pyc
byte-compiling /home/andyv/Desktop/turtlebot4/diem_turtlebot_ws/install/talker_example/lib/python3.10/site-packages/talker_example/__init__.py to __init__.cpython-310.pyc
running install_data
copying resource/talker_example -> /home/andyv/Desktop/turtlebot4/diem_turtlebot_ws/install/talker_example/share/ament_index/resource_index/packages
copying package.xml -> /home/andyv/Desktop/turtlebot4/diem_turtlebot_ws/install/talker_example/share/talker_example
running install_egg_info
Copying ../../build/talker_example/talker_example.egg-info to /home/andyv/Desktop/turtlebot4/diem_turtlebot_ws/install/talker_example/lib/python3.10/site-packages/talker_example-0.0.0-py3.10.egg-info
running install_scripts
Installing listener script to /home/andyv/Desktop/turtlebot4/diem_turtlebot_ws/install/talker_example/lib/talker_example
Installing talker script to /home/andyv/Desktop/turtlebot4/diem_turtlebot_ws/install/talker_example/lib/talker_example
writing list of installed files to '/home/andyv/Desktop/turtlebot4/diem_turtlebot_ws/build/talker_example/install.log'
