[0.922s] Invoking command in '/home/andyv/Desktop/turtlebot4/diem_turtlebot_ws/build/nav_pkg': PYTHONPATH=/home/andyv/Desktop/turtlebot4/diem_turtlebot_ws/build/nav_pkg/prefix_override:/home/andyv/Desktop/turtlebot4/diem_turtlebot_ws/install/nav_pkg/lib/python3.10/site-packages:${PYTHONPATH} /usr/bin/python3 -W ignore:setup.py install is deprecated setup.py develop --uninstall --editable --build-directory /home/andyv/Desktop/turtlebot4/diem_turtlebot_ws/build/nav_pkg/build
[1.066s] running develop
[1.069s] /usr/lib/python3/dist-packages/setuptools/command/easy_install.py:158: EasyInstallDeprecationWarning: easy_install command is deprecated. Use build and pip and other standards-based tools.
[1.069s]   warnings.warn(
[1.159s] Removing /home/andyv/Desktop/turtlebot4/diem_turtlebot_ws/install/nav_pkg/lib/python3.10/site-packages/nav-pkg.egg-link (link to .)
[1.182s] Invoked command in '/home/andyv/Desktop/turtlebot4/diem_turtlebot_ws/build/nav_pkg' returned '0': PYTHONPATH=/home/andyv/Desktop/turtlebot4/diem_turtlebot_ws/build/nav_pkg/prefix_override:/home/andyv/Desktop/turtlebot4/diem_turtlebot_ws/install/nav_pkg/lib/python3.10/site-packages:${PYTHONPATH} /usr/bin/python3 -W ignore:setup.py install is deprecated setup.py develop --uninstall --editable --build-directory /home/andyv/Desktop/turtlebot4/diem_turtlebot_ws/build/nav_pkg/build
[1.183s] Invoking command in '/home/andyv/Desktop/turtlebot4/diem_turtlebot_ws/src/nav_pkg': PYTHONPATH=/home/andyv/Desktop/turtlebot4/diem_turtlebot_ws/build/nav_pkg/prefix_override:/home/andyv/Desktop/turtlebot4/diem_turtlebot_ws/install/nav_pkg/lib/python3.10/site-packages:${PYTHONPATH} /usr/bin/python3 -W ignore:setup.py install is deprecated setup.py egg_info --egg-base ../../build/nav_pkg build --build-base /home/andyv/Desktop/turtlebot4/diem_turtlebot_ws/build/nav_pkg/build install --record /home/andyv/Desktop/turtlebot4/diem_turtlebot_ws/build/nav_pkg/install.log --single-version-externally-managed install_data --force
[1.325s] running egg_info
[1.325s] writing ../../build/nav_pkg/nav_pkg.egg-info/PKG-INFO
[1.325s] writing dependency_links to ../../build/nav_pkg/nav_pkg.egg-info/dependency_links.txt
[1.326s] writing entry points to ../../build/nav_pkg/nav_pkg.egg-info/entry_points.txt
[1.326s] writing requirements to ../../build/nav_pkg/nav_pkg.egg-info/requires.txt
[1.326s] writing top-level names to ../../build/nav_pkg/nav_pkg.egg-info/top_level.txt
[1.327s] reading manifest file '../../build/nav_pkg/nav_pkg.egg-info/SOURCES.txt'
[1.328s] writing manifest file '../../build/nav_pkg/nav_pkg.egg-info/SOURCES.txt'
[1.328s] running build
[1.328s] running build_py
[1.329s] creating /home/andyv/Desktop/turtlebot4/diem_turtlebot_ws/build/nav_pkg/build
[1.329s] creating /home/andyv/Desktop/turtlebot4/diem_turtlebot_ws/build/nav_pkg/build/lib
[1.329s] creating /home/andyv/Desktop/turtlebot4/diem_turtlebot_ws/build/nav_pkg/build/lib/nav_pkg
[1.329s] copying nav_pkg/simple_nav.py -> /home/andyv/Desktop/turtlebot4/diem_turtlebot_ws/build/nav_pkg/build/lib/nav_pkg
[1.329s] copying nav_pkg/nav_step.py -> /home/andyv/Desktop/turtlebot4/diem_turtlebot_ws/build/nav_pkg/build/lib/nav_pkg
[1.330s] copying nav_pkg/__init__.py -> /home/andyv/Desktop/turtlebot4/diem_turtlebot_ws/build/nav_pkg/build/lib/nav_pkg
[1.330s] copying nav_pkg/naive_obstacle_avoidance.py -> /home/andyv/Desktop/turtlebot4/diem_turtlebot_ws/build/nav_pkg/build/lib/nav_pkg
[1.330s] copying nav_pkg/navigation.py -> /home/andyv/Desktop/turtlebot4/diem_turtlebot_ws/build/nav_pkg/build/lib/nav_pkg
[1.330s] copying nav_pkg/odom.py -> /home/andyv/Desktop/turtlebot4/diem_turtlebot_ws/build/nav_pkg/build/lib/nav_pkg
[1.331s] copying nav_pkg/utils.py -> /home/andyv/Desktop/turtlebot4/diem_turtlebot_ws/build/nav_pkg/build/lib/nav_pkg
[1.331s] creating /home/andyv/Desktop/turtlebot4/diem_turtlebot_ws/build/nav_pkg/build/lib/nav_pkg/motion_model
[1.331s] copying nav_pkg/motion_model/nav2.py -> /home/andyv/Desktop/turtlebot4/diem_turtlebot_ws/build/nav_pkg/build/lib/nav_pkg/motion_model
[1.331s] copying nav_pkg/motion_model/nav_stack.py -> /home/andyv/Desktop/turtlebot4/diem_turtlebot_ws/build/nav_pkg/build/lib/nav_pkg/motion_model
[1.331s] copying nav_pkg/motion_model/__init__.py -> /home/andyv/Desktop/turtlebot4/diem_turtlebot_ws/build/nav_pkg/build/lib/nav_pkg/motion_model
[1.331s] copying nav_pkg/motion_model/nav1.py -> /home/andyv/Desktop/turtlebot4/diem_turtlebot_ws/build/nav_pkg/build/lib/nav_pkg/motion_model
[1.331s] creating /home/andyv/Desktop/turtlebot4/diem_turtlebot_ws/build/nav_pkg/build/lib/nav_pkg/utils_folder
[1.331s] copying nav_pkg/utils_folder/geometry_transformations.py -> /home/andyv/Desktop/turtlebot4/diem_turtlebot_ws/build/nav_pkg/build/lib/nav_pkg/utils_folder
[1.332s] copying nav_pkg/utils_folder/misc.py -> /home/andyv/Desktop/turtlebot4/diem_turtlebot_ws/build/nav_pkg/build/lib/nav_pkg/utils_folder
[1.332s] copying nav_pkg/utils_folder/pose2.py -> /home/andyv/Desktop/turtlebot4/diem_turtlebot_ws/build/nav_pkg/build/lib/nav_pkg/utils_folder
[1.332s] copying nav_pkg/utils_folder/__init__.py -> /home/andyv/Desktop/turtlebot4/diem_turtlebot_ws/build/nav_pkg/build/lib/nav_pkg/utils_folder
[1.332s] copying nav_pkg/utils_folder/_orientation.py -> /home/andyv/Desktop/turtlebot4/diem_turtlebot_ws/build/nav_pkg/build/lib/nav_pkg/utils_folder
[1.332s] copying nav_pkg/utils_folder/_pose.py -> /home/andyv/Desktop/turtlebot4/diem_turtlebot_ws/build/nav_pkg/build/lib/nav_pkg/utils_folder
[1.332s] copying nav_pkg/utils_folder/text_decorator.py -> /home/andyv/Desktop/turtlebot4/diem_turtlebot_ws/build/nav_pkg/build/lib/nav_pkg/utils_folder
[1.333s] copying nav_pkg/utils_folder/_euler.py -> /home/andyv/Desktop/turtlebot4/diem_turtlebot_ws/build/nav_pkg/build/lib/nav_pkg/utils_folder
[1.333s] running install
[1.333s] running install_lib
[1.333s] creating /home/andyv/Desktop/turtlebot4/diem_turtlebot_ws/install/nav_pkg/lib/python3.10/site-packages/nav_pkg
[1.333s] creating /home/andyv/Desktop/turtlebot4/diem_turtlebot_ws/install/nav_pkg/lib/python3.10/site-packages/nav_pkg/motion_model
[1.334s] copying /home/andyv/Desktop/turtlebot4/diem_turtlebot_ws/build/nav_pkg/build/lib/nav_pkg/motion_model/nav2.py -> /home/andyv/Desktop/turtlebot4/diem_turtlebot_ws/install/nav_pkg/lib/python3.10/site-packages/nav_pkg/motion_model
[1.334s] copying /home/andyv/Desktop/turtlebot4/diem_turtlebot_ws/build/nav_pkg/build/lib/nav_pkg/motion_model/nav_stack.py -> /home/andyv/Desktop/turtlebot4/diem_turtlebot_ws/install/nav_pkg/lib/python3.10/site-packages/nav_pkg/motion_model
[1.334s] copying /home/andyv/Desktop/turtlebot4/diem_turtlebot_ws/build/nav_pkg/build/lib/nav_pkg/motion_model/__init__.py -> /home/andyv/Desktop/turtlebot4/diem_turtlebot_ws/install/nav_pkg/lib/python3.10/site-packages/nav_pkg/motion_model
[1.334s] copying /home/andyv/Desktop/turtlebot4/diem_turtlebot_ws/build/nav_pkg/build/lib/nav_pkg/motion_model/nav1.py -> /home/andyv/Desktop/turtlebot4/diem_turtlebot_ws/install/nav_pkg/lib/python3.10/site-packages/nav_pkg/motion_model
[1.334s] copying /home/andyv/Desktop/turtlebot4/diem_turtlebot_ws/build/nav_pkg/build/lib/nav_pkg/simple_nav.py -> /home/andyv/Desktop/turtlebot4/diem_turtlebot_ws/install/nav_pkg/lib/python3.10/site-packages/nav_pkg
[1.334s] copying /home/andyv/Desktop/turtlebot4/diem_turtlebot_ws/build/nav_pkg/build/lib/nav_pkg/nav_step.py -> /home/andyv/Desktop/turtlebot4/diem_turtlebot_ws/install/nav_pkg/lib/python3.10/site-packages/nav_pkg
[1.334s] creating /home/andyv/Desktop/turtlebot4/diem_turtlebot_ws/install/nav_pkg/lib/python3.10/site-packages/nav_pkg/utils_folder
[1.334s] copying /home/andyv/Desktop/turtlebot4/diem_turtlebot_ws/build/nav_pkg/build/lib/nav_pkg/utils_folder/geometry_transformations.py -> /home/andyv/Desktop/turtlebot4/diem_turtlebot_ws/install/nav_pkg/lib/python3.10/site-packages/nav_pkg/utils_folder
[1.335s] copying /home/andyv/Desktop/turtlebot4/diem_turtlebot_ws/build/nav_pkg/build/lib/nav_pkg/utils_folder/misc.py -> /home/andyv/Desktop/turtlebot4/diem_turtlebot_ws/install/nav_pkg/lib/python3.10/site-packages/nav_pkg/utils_folder
[1.335s] copying /home/andyv/Desktop/turtlebot4/diem_turtlebot_ws/build/nav_pkg/build/lib/nav_pkg/utils_folder/pose2.py -> /home/andyv/Desktop/turtlebot4/diem_turtlebot_ws/install/nav_pkg/lib/python3.10/site-packages/nav_pkg/utils_folder
[1.335s] copying /home/andyv/Desktop/turtlebot4/diem_turtlebot_ws/build/nav_pkg/build/lib/nav_pkg/utils_folder/__init__.py -> /home/andyv/Desktop/turtlebot4/diem_turtlebot_ws/install/nav_pkg/lib/python3.10/site-packages/nav_pkg/utils_folder
[1.335s] copying /home/andyv/Desktop/turtlebot4/diem_turtlebot_ws/build/nav_pkg/build/lib/nav_pkg/utils_folder/_orientation.py -> /home/andyv/Desktop/turtlebot4/diem_turtlebot_ws/install/nav_pkg/lib/python3.10/site-packages/nav_pkg/utils_folder
[1.335s] copying /home/andyv/Desktop/turtlebot4/diem_turtlebot_ws/build/nav_pkg/build/lib/nav_pkg/utils_folder/_pose.py -> /home/andyv/Desktop/turtlebot4/diem_turtlebot_ws/install/nav_pkg/lib/python3.10/site-packages/nav_pkg/utils_folder
[1.335s] copying /home/andyv/Desktop/turtlebot4/diem_turtlebot_ws/build/nav_pkg/build/lib/nav_pkg/utils_folder/text_decorator.py -> /home/andyv/Desktop/turtlebot4/diem_turtlebot_ws/install/nav_pkg/lib/python3.10/site-packages/nav_pkg/utils_folder
[1.335s] copying /home/andyv/Desktop/turtlebot4/diem_turtlebot_ws/build/nav_pkg/build/lib/nav_pkg/utils_folder/_euler.py -> /home/andyv/Desktop/turtlebot4/diem_turtlebot_ws/install/nav_pkg/lib/python3.10/site-packages/nav_pkg/utils_folder
[1.335s] copying /home/andyv/Desktop/turtlebot4/diem_turtlebot_ws/build/nav_pkg/build/lib/nav_pkg/__init__.py -> /home/andyv/Desktop/turtlebot4/diem_turtlebot_ws/install/nav_pkg/lib/python3.10/site-packages/nav_pkg
[1.335s] copying /home/andyv/Desktop/turtlebot4/diem_turtlebot_ws/build/nav_pkg/build/lib/nav_pkg/naive_obstacle_avoidance.py -> /home/andyv/Desktop/turtlebot4/diem_turtlebot_ws/install/nav_pkg/lib/python3.10/site-packages/nav_pkg
[1.335s] copying /home/andyv/Desktop/turtlebot4/diem_turtlebot_ws/build/nav_pkg/build/lib/nav_pkg/navigation.py -> /home/andyv/Desktop/turtlebot4/diem_turtlebot_ws/install/nav_pkg/lib/python3.10/site-packages/nav_pkg
[1.336s] copying /home/andyv/Desktop/turtlebot4/diem_turtlebot_ws/build/nav_pkg/build/lib/nav_pkg/odom.py -> /home/andyv/Desktop/turtlebot4/diem_turtlebot_ws/install/nav_pkg/lib/python3.10/site-packages/nav_pkg
[1.336s] copying /home/andyv/Desktop/turtlebot4/diem_turtlebot_ws/build/nav_pkg/build/lib/nav_pkg/utils.py -> /home/andyv/Desktop/turtlebot4/diem_turtlebot_ws/install/nav_pkg/lib/python3.10/site-packages/nav_pkg
[1.336s] byte-compiling /home/andyv/Desktop/turtlebot4/diem_turtlebot_ws/install/nav_pkg/lib/python3.10/site-packages/nav_pkg/motion_model/nav2.py to nav2.cpython-310.pyc
[1.336s] byte-compiling /home/andyv/Desktop/turtlebot4/diem_turtlebot_ws/install/nav_pkg/lib/python3.10/site-packages/nav_pkg/motion_model/nav_stack.py to nav_stack.cpython-310.pyc
[1.336s] byte-compiling /home/andyv/Desktop/turtlebot4/diem_turtlebot_ws/install/nav_pkg/lib/python3.10/site-packages/nav_pkg/motion_model/__init__.py to __init__.cpython-310.pyc
[1.336s] byte-compiling /home/andyv/Desktop/turtlebot4/diem_turtlebot_ws/install/nav_pkg/lib/python3.10/site-packages/nav_pkg/motion_model/nav1.py to nav1.cpython-310.pyc
[1.336s] byte-compiling /home/andyv/Desktop/turtlebot4/diem_turtlebot_ws/install/nav_pkg/lib/python3.10/site-packages/nav_pkg/simple_nav.py to simple_nav.cpython-310.pyc
[1.336s] byte-compiling /home/andyv/Desktop/turtlebot4/diem_turtlebot_ws/install/nav_pkg/lib/python3.10/site-packages/nav_pkg/nav_step.py to nav_step.cpython-310.pyc
[1.337s] byte-compiling /home/andyv/Desktop/turtlebot4/diem_turtlebot_ws/install/nav_pkg/lib/python3.10/site-packages/nav_pkg/utils_folder/geometry_transformations.py to geometry_transformations.cpython-310.pyc
[1.337s] byte-compiling /home/andyv/Desktop/turtlebot4/diem_turtlebot_ws/install/nav_pkg/lib/python3.10/site-packages/nav_pkg/utils_folder/misc.py to misc.cpython-310.pyc
[1.337s] byte-compiling /home/andyv/Desktop/turtlebot4/diem_turtlebot_ws/install/nav_pkg/lib/python3.10/site-packages/nav_pkg/utils_folder/pose2.py to pose2.cpython-310.pyc
[1.339s] byte-compiling /home/andyv/Desktop/turtlebot4/diem_turtlebot_ws/install/nav_pkg/lib/python3.10/site-packages/nav_pkg/utils_folder/__init__.py to __init__.cpython-310.pyc
[1.339s] byte-compiling /home/andyv/Desktop/turtlebot4/diem_turtlebot_ws/install/nav_pkg/lib/python3.10/site-packages/nav_pkg/utils_folder/_orientation.py to _orientation.cpython-310.pyc
[1.340s] byte-compiling /home/andyv/Desktop/turtlebot4/diem_turtlebot_ws/install/nav_pkg/lib/python3.10/site-packages/nav_pkg/utils_folder/_pose.py to _pose.cpython-310.pyc
[1.340s] byte-compiling /home/andyv/Desktop/turtlebot4/diem_turtlebot_ws/install/nav_pkg/lib/python3.10/site-packages/nav_pkg/utils_folder/text_decorator.py to text_decorator.cpython-310.pyc
[1.341s] byte-compiling /home/andyv/Desktop/turtlebot4/diem_turtlebot_ws/install/nav_pkg/lib/python3.10/site-packages/nav_pkg/utils_folder/_euler.py to _euler.cpython-310.pyc
[1.342s] byte-compiling /home/andyv/Desktop/turtlebot4/diem_turtlebot_ws/install/nav_pkg/lib/python3.10/site-packages/nav_pkg/__init__.py to __init__.cpython-310.pyc
[1.342s] byte-compiling /home/andyv/Desktop/turtlebot4/diem_turtlebot_ws/install/nav_pkg/lib/python3.10/site-packages/nav_pkg/naive_obstacle_avoidance.py to naive_obstacle_avoidance.cpython-310.pyc
[1.342s] byte-compiling /home/andyv/Desktop/turtlebot4/diem_turtlebot_ws/install/nav_pkg/lib/python3.10/site-packages/nav_pkg/navigation.py to navigation.cpython-310.pyc
[1.343s] byte-compiling /home/andyv/Desktop/turtlebot4/diem_turtlebot_ws/install/nav_pkg/lib/python3.10/site-packages/nav_pkg/odom.py to odom.cpython-310.pyc
[1.344s] byte-compiling /home/andyv/Desktop/turtlebot4/diem_turtlebot_ws/install/nav_pkg/lib/python3.10/site-packages/nav_pkg/utils.py to utils.cpython-310.pyc
[1.345s] running install_data
[1.345s] copying resource/nav_pkg -> /home/andyv/Desktop/turtlebot4/diem_turtlebot_ws/install/nav_pkg/share/ament_index/resource_index/packages
[1.345s] copying package.xml -> /home/andyv/Desktop/turtlebot4/diem_turtlebot_ws/install/nav_pkg/share/nav_pkg
[1.345s] copying launch/nav1.launch.py -> /home/andyv/Desktop/turtlebot4/diem_turtlebot_ws/install/nav_pkg/share/nav_pkg/launch
[1.345s] running install_egg_info
[1.347s] Copying ../../build/nav_pkg/nav_pkg.egg-info to /home/andyv/Desktop/turtlebot4/diem_turtlebot_ws/install/nav_pkg/lib/python3.10/site-packages/nav_pkg-0.0.0-py3.10.egg-info
[1.348s] running install_scripts
[1.364s] Installing naive_obj_avoidance script to /home/andyv/Desktop/turtlebot4/diem_turtlebot_ws/install/nav_pkg/lib/nav_pkg
[1.364s] Installing nav1 script to /home/andyv/Desktop/turtlebot4/diem_turtlebot_ws/install/nav_pkg/lib/nav_pkg
[1.364s] Installing nav2 script to /home/andyv/Desktop/turtlebot4/diem_turtlebot_ws/install/nav_pkg/lib/nav_pkg
[1.364s] Installing nav_stack script to /home/andyv/Desktop/turtlebot4/diem_turtlebot_ws/install/nav_pkg/lib/nav_pkg
[1.364s] Installing nav_step script to /home/andyv/Desktop/turtlebot4/diem_turtlebot_ws/install/nav_pkg/lib/nav_pkg
[1.365s] Installing navigation script to /home/andyv/Desktop/turtlebot4/diem_turtlebot_ws/install/nav_pkg/lib/nav_pkg
[1.365s] Installing odom script to /home/andyv/Desktop/turtlebot4/diem_turtlebot_ws/install/nav_pkg/lib/nav_pkg
[1.365s] Installing simple_nav script to /home/andyv/Desktop/turtlebot4/diem_turtlebot_ws/install/nav_pkg/lib/nav_pkg
[1.365s] writing list of installed files to '/home/andyv/Desktop/turtlebot4/diem_turtlebot_ws/build/nav_pkg/install.log'
