running develop
/usr/lib/python3/dist-packages/setuptools/command/easy_install.py:158: EasyInstallDeprecationWarning: easy_install command is deprecated. Use build and pip and other standards-based tools.
  warnings.warn(
Removing /home/andyv/Desktop/turtlebot4/diem_turtlebot_ws/install/diem_gazebo/lib/python3.10/site-packages/diem-gazebo.egg-link (link to .)
running egg_info
writing ../../build/diem_gazebo/diem_gazebo.egg-info/PKG-INFO
writing dependency_links to ../../build/diem_gazebo/diem_gazebo.egg-info/dependency_links.txt
writing entry points to ../../build/diem_gazebo/diem_gazebo.egg-info/entry_points.txt
writing requirements to ../../build/diem_gazebo/diem_gazebo.egg-info/requires.txt
writing top-level names to ../../build/diem_gazebo/diem_gazebo.egg-info/top_level.txt
reading manifest file '../../build/diem_gazebo/diem_gazebo.egg-info/SOURCES.txt'
writing manifest file '../../build/diem_gazebo/diem_gazebo.egg-info/SOURCES.txt'
running build
running build_py
running install
running install_lib
creating /home/andyv/Desktop/turtlebot4/diem_turtlebot_ws/install/diem_gazebo/lib/python3.10/site-packages/diem_gazebo
copying /home/andyv/Desktop/turtlebot4/diem_turtlebot_ws/build/diem_gazebo/build/lib/diem_gazebo/__init__.py -> /home/andyv/Desktop/turtlebot4/diem_turtlebot_ws/install/diem_gazebo/lib/python3.10/site-packages/diem_gazebo
byte-compiling /home/andyv/Desktop/turtlebot4/diem_turtlebot_ws/install/diem_gazebo/lib/python3.10/site-packages/diem_gazebo/__init__.py to __init__.cpython-310.pyc
running install_data
copying resource/diem_gazebo -> /home/andyv/Desktop/turtlebot4/diem_turtlebot_ws/install/diem_gazebo/share/ament_index/resource_index/packages
copying package.xml -> /home/andyv/Desktop/turtlebot4/diem_turtlebot_ws/install/diem_gazebo/share/diem_gazebo
copying launch/turtlebot4_ignition_no_dock.launch.py -> /home/andyv/Desktop/turtlebot4/diem_turtlebot_ws/install/diem_gazebo/share/diem_gazebo/launch
copying launch/ignition.launch.py -> /home/andyv/Desktop/turtlebot4/diem_turtlebot_ws/install/diem_gazebo/share/diem_gazebo/launch
copying launch/turtlebot4_spawn_no_dock.launch.py -> /home/andyv/Desktop/turtlebot4/diem_turtlebot_ws/install/diem_gazebo/share/diem_gazebo/launch
copying worlds/square.sdf -> /home/andyv/Desktop/turtlebot4/diem_turtlebot_ws/install/diem_gazebo/share/diem_gazebo/worlds
running install_egg_info
Copying ../../build/diem_gazebo/diem_gazebo.egg-info to /home/andyv/Desktop/turtlebot4/diem_turtlebot_ws/install/diem_gazebo/lib/python3.10/site-packages/diem_gazebo-0.0.0-py3.10.egg-info
running install_scripts
writing list of installed files to '/home/andyv/Desktop/turtlebot4/diem_turtlebot_ws/build/diem_gazebo/install.log'
