[0.926s] Invoking command in '/home/andyv/Desktop/turtlebot4/diem_turtlebot_ws/build/diem_gazebo': PYTHONPATH=/home/andyv/Desktop/turtlebot4/diem_turtlebot_ws/build/diem_gazebo/prefix_override:/home/andyv/Desktop/turtlebot4/diem_turtlebot_ws/install/diem_gazebo/lib/python3.10/site-packages:${PYTHONPATH} /usr/bin/python3 -W ignore:setup.py install is deprecated setup.py develop --uninstall --editable --build-directory /home/andyv/Desktop/turtlebot4/diem_turtlebot_ws/build/diem_gazebo/build
[1.072s] running develop
[1.074s] /usr/lib/python3/dist-packages/setuptools/command/easy_install.py:158: EasyInstallDeprecationWarning: easy_install command is deprecated. Use build and pip and other standards-based tools.
[1.074s]   warnings.warn(
[1.164s] Removing /home/andyv/Desktop/turtlebot4/diem_turtlebot_ws/install/diem_gazebo/lib/python3.10/site-packages/diem-gazebo.egg-link (link to .)
[1.191s] Invoked command in '/home/andyv/Desktop/turtlebot4/diem_turtlebot_ws/build/diem_gazebo' returned '0': PYTHONPATH=/home/andyv/Desktop/turtlebot4/diem_turtlebot_ws/build/diem_gazebo/prefix_override:/home/andyv/Desktop/turtlebot4/diem_turtlebot_ws/install/diem_gazebo/lib/python3.10/site-packages:${PYTHONPATH} /usr/bin/python3 -W ignore:setup.py install is deprecated setup.py develop --uninstall --editable --build-directory /home/andyv/Desktop/turtlebot4/diem_turtlebot_ws/build/diem_gazebo/build
[1.192s] Invoking command in '/home/andyv/Desktop/turtlebot4/diem_turtlebot_ws/src/diem_gazebo': PYTHONPATH=/home/andyv/Desktop/turtlebot4/diem_turtlebot_ws/build/diem_gazebo/prefix_override:/home/andyv/Desktop/turtlebot4/diem_turtlebot_ws/install/diem_gazebo/lib/python3.10/site-packages:${PYTHONPATH} /usr/bin/python3 -W ignore:setup.py install is deprecated setup.py egg_info --egg-base ../../build/diem_gazebo build --build-base /home/andyv/Desktop/turtlebot4/diem_turtlebot_ws/build/diem_gazebo/build install --record /home/andyv/Desktop/turtlebot4/diem_turtlebot_ws/build/diem_gazebo/install.log --single-version-externally-managed install_data --force
[1.347s] running egg_info
[1.348s] writing ../../build/diem_gazebo/diem_gazebo.egg-info/PKG-INFO
[1.348s] writing dependency_links to ../../build/diem_gazebo/diem_gazebo.egg-info/dependency_links.txt
[1.348s] writing entry points to ../../build/diem_gazebo/diem_gazebo.egg-info/entry_points.txt
[1.348s] writing requirements to ../../build/diem_gazebo/diem_gazebo.egg-info/requires.txt
[1.348s] writing top-level names to ../../build/diem_gazebo/diem_gazebo.egg-info/top_level.txt
[1.349s] reading manifest file '../../build/diem_gazebo/diem_gazebo.egg-info/SOURCES.txt'
[1.350s] writing manifest file '../../build/diem_gazebo/diem_gazebo.egg-info/SOURCES.txt'
[1.350s] running build
[1.351s] running build_py
[1.351s] running install
[1.351s] running install_lib
[1.351s] creating /home/andyv/Desktop/turtlebot4/diem_turtlebot_ws/install/diem_gazebo/lib/python3.10/site-packages/diem_gazebo
[1.351s] copying /home/andyv/Desktop/turtlebot4/diem_turtlebot_ws/build/diem_gazebo/build/lib/diem_gazebo/__init__.py -> /home/andyv/Desktop/turtlebot4/diem_turtlebot_ws/install/diem_gazebo/lib/python3.10/site-packages/diem_gazebo
[1.352s] byte-compiling /home/andyv/Desktop/turtlebot4/diem_turtlebot_ws/install/diem_gazebo/lib/python3.10/site-packages/diem_gazebo/__init__.py to __init__.cpython-310.pyc
[1.352s] running install_data
[1.352s] copying resource/diem_gazebo -> /home/andyv/Desktop/turtlebot4/diem_turtlebot_ws/install/diem_gazebo/share/ament_index/resource_index/packages
[1.352s] copying package.xml -> /home/andyv/Desktop/turtlebot4/diem_turtlebot_ws/install/diem_gazebo/share/diem_gazebo
[1.352s] copying launch/turtlebot4_ignition_no_dock.launch.py -> /home/andyv/Desktop/turtlebot4/diem_turtlebot_ws/install/diem_gazebo/share/diem_gazebo/launch
[1.352s] copying launch/ignition.launch.py -> /home/andyv/Desktop/turtlebot4/diem_turtlebot_ws/install/diem_gazebo/share/diem_gazebo/launch
[1.352s] copying launch/turtlebot4_spawn_no_dock.launch.py -> /home/andyv/Desktop/turtlebot4/diem_turtlebot_ws/install/diem_gazebo/share/diem_gazebo/launch
[1.353s] copying worlds/square.sdf -> /home/andyv/Desktop/turtlebot4/diem_turtlebot_ws/install/diem_gazebo/share/diem_gazebo/worlds
[1.353s] running install_egg_info
[1.356s] Copying ../../build/diem_gazebo/diem_gazebo.egg-info to /home/andyv/Desktop/turtlebot4/diem_turtlebot_ws/install/diem_gazebo/lib/python3.10/site-packages/diem_gazebo-0.0.0-py3.10.egg-info
[1.356s] running install_scripts
[1.371s] writing list of installed files to '/home/andyv/Desktop/turtlebot4/diem_turtlebot_ws/build/diem_gazebo/install.log'
