[0.897s] Invoking command in '/home/andyv/Desktop/turtlebot4/diem_turtlebot_ws/build/qr_scanner': PYTHONPATH=/home/andyv/Desktop/turtlebot4/diem_turtlebot_ws/build/qr_scanner/prefix_override:/home/andyv/Desktop/turtlebot4/diem_turtlebot_ws/install/qr_scanner/lib/python3.10/site-packages:${PYTHONPATH} /usr/bin/python3 -W ignore:setup.py install is deprecated setup.py develop --editable --build-directory /home/andyv/Desktop/turtlebot4/diem_turtlebot_ws/build/qr_scanner/build --no-deps symlink_data
[1.054s] running develop
[1.054s] /usr/lib/python3/dist-packages/setuptools/command/easy_install.py:158: EasyInstallDeprecationWarning: easy_install command is deprecated. Use build and pip and other standards-based tools.
[1.054s]   warnings.warn(
[1.152s] running egg_info
[1.152s] creating qr_scanner.egg-info
[1.152s] writing qr_scanner.egg-info/PKG-INFO
[1.152s] writing dependency_links to qr_scanner.egg-info/dependency_links.txt
[1.152s] writing entry points to qr_scanner.egg-info/entry_points.txt
[1.152s] writing requirements to qr_scanner.egg-info/requires.txt
[1.152s] writing top-level names to qr_scanner.egg-info/top_level.txt
[1.152s] writing manifest file 'qr_scanner.egg-info/SOURCES.txt'
[1.154s] reading manifest file 'qr_scanner.egg-info/SOURCES.txt'
[1.154s] writing manifest file 'qr_scanner.egg-info/SOURCES.txt'
[1.155s] running build_ext
[1.155s] Creating /home/andyv/Desktop/turtlebot4/diem_turtlebot_ws/install/qr_scanner/lib/python3.10/site-packages/qr-scanner.egg-link (link to .)
[1.156s] 
[1.156s] Installed /home/andyv/Desktop/turtlebot4/diem_turtlebot_ws/build/qr_scanner
[1.156s] running symlink_data
[1.156s] creating /home/andyv/Desktop/turtlebot4/diem_turtlebot_ws/install/qr_scanner/share/ament_index
[1.156s] creating /home/andyv/Desktop/turtlebot4/diem_turtlebot_ws/install/qr_scanner/share/ament_index/resource_index
[1.156s] creating /home/andyv/Desktop/turtlebot4/diem_turtlebot_ws/install/qr_scanner/share/ament_index/resource_index/packages
[1.156s] symbolically linking /home/andyv/Desktop/turtlebot4/diem_turtlebot_ws/build/qr_scanner/resource/qr_scanner -> /home/andyv/Desktop/turtlebot4/diem_turtlebot_ws/install/qr_scanner/share/ament_index/resource_index/packages
[1.156s] symbolically linking /home/andyv/Desktop/turtlebot4/diem_turtlebot_ws/build/qr_scanner/package.xml -> /home/andyv/Desktop/turtlebot4/diem_turtlebot_ws/install/qr_scanner/share/qr_scanner
[1.182s] Invoked command in '/home/andyv/Desktop/turtlebot4/diem_turtlebot_ws/build/qr_scanner' returned '0': PYTHONPATH=/home/andyv/Desktop/turtlebot4/diem_turtlebot_ws/build/qr_scanner/prefix_override:/home/andyv/Desktop/turtlebot4/diem_turtlebot_ws/install/qr_scanner/lib/python3.10/site-packages:${PYTHONPATH} /usr/bin/python3 -W ignore:setup.py install is deprecated setup.py develop --editable --build-directory /home/andyv/Desktop/turtlebot4/diem_turtlebot_ws/build/qr_scanner/build --no-deps symlink_data
