[0.785s] Invoking command in '/home/andyv/Desktop/turtlebot4/diem_turtlebot_ws/build/qr_commander': PYTHONPATH=/home/andyv/Desktop/turtlebot4/diem_turtlebot_ws/build/qr_commander/prefix_override:/home/andyv/Desktop/turtlebot4/diem_turtlebot_ws/install/qr_commander/lib/python3.10/site-packages:${PYTHONPATH} /usr/bin/python3 -W ignore:setup.py install is deprecated setup.py develop --editable --build-directory /home/andyv/Desktop/turtlebot4/diem_turtlebot_ws/build/qr_commander/build --no-deps symlink_data
[0.939s] running develop
[0.940s] /usr/lib/python3/dist-packages/setuptools/command/easy_install.py:158: EasyInstallDeprecationWarning: easy_install command is deprecated. Use build and pip and other standards-based tools.
[0.940s]   warnings.warn(
[1.030s] running egg_info
[1.030s] writing qr_commander.egg-info/PKG-INFO
[1.030s] writing dependency_links to qr_commander.egg-info/dependency_links.txt
[1.030s] writing entry points to qr_commander.egg-info/entry_points.txt
[1.030s] writing requirements to qr_commander.egg-info/requires.txt
[1.030s] writing top-level names to qr_commander.egg-info/top_level.txt
[1.031s] reading manifest file 'qr_commander.egg-info/SOURCES.txt'
[1.031s] writing manifest file 'qr_commander.egg-info/SOURCES.txt'
[1.032s] running build_ext
[1.032s] Creating /home/andyv/Desktop/turtlebot4/diem_turtlebot_ws/install/qr_commander/lib/python3.10/site-packages/qr-commander.egg-link (link to .)
[1.033s] Installing camera script to /home/andyv/Desktop/turtlebot4/diem_turtlebot_ws/install/qr_commander/lib/qr_commander
[1.033s] Installing qr_input script to /home/andyv/Desktop/turtlebot4/diem_turtlebot_ws/install/qr_commander/lib/qr_commander
[1.033s] Installing qr_scanner script to /home/andyv/Desktop/turtlebot4/diem_turtlebot_ws/install/qr_commander/lib/qr_commander
[1.033s] 
[1.033s] Installed /home/andyv/Desktop/turtlebot4/diem_turtlebot_ws/build/qr_commander
[1.033s] running symlink_data
[1.033s] symbolically linking /home/andyv/Desktop/turtlebot4/diem_turtlebot_ws/build/qr_commander/resource/qr_commander -> /home/andyv/Desktop/turtlebot4/diem_turtlebot_ws/install/qr_commander/share/ament_index/resource_index/packages
[1.034s] symbolically linking /home/andyv/Desktop/turtlebot4/diem_turtlebot_ws/build/qr_commander/package.xml -> /home/andyv/Desktop/turtlebot4/diem_turtlebot_ws/install/qr_commander/share/qr_commander
[1.034s] creating /home/andyv/Desktop/turtlebot4/diem_turtlebot_ws/install/qr_commander/share/qr_commander/launch
[1.055s] Invoked command in '/home/andyv/Desktop/turtlebot4/diem_turtlebot_ws/build/qr_commander' returned '0': PYTHONPATH=/home/andyv/Desktop/turtlebot4/diem_turtlebot_ws/build/qr_commander/prefix_override:/home/andyv/Desktop/turtlebot4/diem_turtlebot_ws/install/qr_commander/lib/python3.10/site-packages:${PYTHONPATH} /usr/bin/python3 -W ignore:setup.py install is deprecated setup.py develop --editable --build-directory /home/andyv/Desktop/turtlebot4/diem_turtlebot_ws/build/qr_commander/build --no-deps symlink_data
