[0.582s] Invoking command in '/home/andyv/Desktop/turtlebot4/diem_turtlebot_ws/src/diem_gazebo': PYTHONPATH=/home/andyv/Desktop/turtlebot4/diem_turtlebot_ws/build/diem_gazebo/prefix_override:/home/andyv/Desktop/turtlebot4/diem_turtlebot_ws/install/diem_gazebo/lib/python3.10/site-packages:${PYTHONPATH} /usr/bin/python3 -W ignore:setup.py install is deprecated setup.py egg_info --egg-base ../../build/diem_gazebo build --build-base /home/andyv/Desktop/turtlebot4/diem_turtlebot_ws/build/diem_gazebo/build install --record /home/andyv/Desktop/turtlebot4/diem_turtlebot_ws/build/diem_gazebo/install.log --single-version-externally-managed install_data
[0.708s] running egg_info
[0.709s] writing ../../build/diem_gazebo/diem_gazebo.egg-info/PKG-INFO
[0.709s] writing dependency_links to ../../build/diem_gazebo/diem_gazebo.egg-info/dependency_links.txt
[0.709s] writing entry points to ../../build/diem_gazebo/diem_gazebo.egg-info/entry_points.txt
[0.709s] writing requirements to ../../build/diem_gazebo/diem_gazebo.egg-info/requires.txt
[0.709s] writing top-level names to ../../build/diem_gazebo/diem_gazebo.egg-info/top_level.txt
[0.710s] reading manifest file '../../build/diem_gazebo/diem_gazebo.egg-info/SOURCES.txt'
[0.710s] writing manifest file '../../build/diem_gazebo/diem_gazebo.egg-info/SOURCES.txt'
[0.710s] running build
[0.710s] running build_py
[0.711s] running install
[0.711s] running install_lib
[0.711s] running install_data
[0.711s] running install_egg_info
[0.713s] removing '/home/andyv/Desktop/turtlebot4/diem_turtlebot_ws/install/diem_gazebo/lib/python3.10/site-packages/diem_gazebo-0.0.0-py3.10.egg-info' (and everything under it)
[0.713s] Copying ../../build/diem_gazebo/diem_gazebo.egg-info to /home/andyv/Desktop/turtlebot4/diem_turtlebot_ws/install/diem_gazebo/lib/python3.10/site-packages/diem_gazebo-0.0.0-py3.10.egg-info
[0.713s] running install_scripts
[0.726s] writing list of installed files to '/home/andyv/Desktop/turtlebot4/diem_turtlebot_ws/build/diem_gazebo/install.log'
[0.750s] Invoked command in '/home/andyv/Desktop/turtlebot4/diem_turtlebot_ws/src/diem_gazebo' returned '0': PYTHONPATH=/home/andyv/Desktop/turtlebot4/diem_turtlebot_ws/build/diem_gazebo/prefix_override:/home/andyv/Desktop/turtlebot4/diem_turtlebot_ws/install/diem_gazebo/lib/python3.10/site-packages:${PYTHONPATH} /usr/bin/python3 -W ignore:setup.py install is deprecated setup.py egg_info --egg-base ../../build/diem_gazebo build --build-base /home/andyv/Desktop/turtlebot4/diem_turtlebot_ws/build/diem_gazebo/build install --record /home/andyv/Desktop/turtlebot4/diem_turtlebot_ws/build/diem_gazebo/install.log --single-version-externally-managed install_data
